<?xml version="1.0" encoding="UTF-8"?>
<testng-results ignored="0" total="1" passed="1" failed="0" skipped="0">
  <reporter-output>
  </reporter-output>
  <suite started-at="2026-04-13T23:07:55 WEST" name="US5 Suite" finished-at="2026-04-13T23:08:22 WEST" duration-ms="26895">
    <groups>
    </groups>
    <test started-at="2026-04-13T23:07:55 WEST" name="US5 - Update Quantity in Cart" finished-at="2026-04-13T23:08:22 WEST" duration-ms="26895">
      <class name="tests.CT_US5_02_EditerQuantitePourAugmentationTest">
        <test-method is-config="true" signature="setUp()[pri:0, instance:tests.CT_US5_02_EditerQuantitePourAugmentationTest@27ce24aa]" started-at="2026-04-13T23:07:55 WEST" name="setUp" finished-at="2026-04-13T23:07:57 WEST" duration-ms="2241" status="PASS">
          <reporter-output>
          </reporter-output>
        </test-method> <!-- setUp -->
        <test-method signature="shouldIncreaseQuantityAndRecalculateTotalsFromManualEdit()[pri:0, instance:tests.CT_US5_02_EditerQuantitePourAugmentationTest@27ce24aa]" started-at="2026-04-13T23:07:57 WEST" name="shouldIncreaseQuantityAndRecalculateTotalsFromManualEdit" description="CT_US5_02 - Augmenter le nombre d&#039;items via edition manuelle de la quantite" finished-at="2026-04-13T23:08:21 WEST" duration-ms="24120" status="PASS">
          <reporter-output>
          </reporter-output>
        </test-method> <!-- shouldIncreaseQuantityAndRecalculateTotalsFromManualEdit -->
        <test-method is-config="true" signature="tearDown()[pri:0, instance:tests.CT_US5_02_EditerQuantitePourAugmentationTest@27ce24aa]" started-at="2026-04-13T23:08:21 WEST" name="tearDown" finished-at="2026-04-13T23:08:22 WEST" duration-ms="469" status="PASS">
          <reporter-output>
          </reporter-output>
        </test-method> <!-- tearDown -->
      </class> <!-- tests.CT_US5_02_EditerQuantitePourAugmentationTest -->
    </test> <!-- US5 - Update Quantity in Cart -->
  </suite> <!-- US5 Suite -->
</testng-results>
