<?xml version="1.0" encoding="UTF-8"?>
<robot generator="Robot 7.4.2 (Python 3.14.3 on win32)" generated="2026-04-12T23:34:03.205124" rpa="false" schemaversion="5">
<suite id="s1" name="CT US4 02 - DeleteProduct FromHomePage" source="C:\Users\fbernich\AppData\Roaming\Code\User\MiniProjet-Cap\AdvantageOnlineShopping\TestRobot\US-4 - Delete\suites\CT_US4_02 - DeleteProduct_FromHomePage.robot">
<kw name="Setup CT02" owner="setup_teardown" type="SETUP">
<kw name="Global Setup" owner="setup_teardown">
<kw name="Open Browser To Application" owner="browser_utils">
<kw name="Open Browser" owner="SeleniumLibrary">
<msg time="2026-04-12T23:34:04.025459" level="INFO">Opening browser 'chrome' to base url 'https://advantageonlineshopping.com/#/'.</msg>
<arg>https://advantageonlineshopping.com/#/</arg>
<arg>chrome</arg>
<doc>Opens a new browser instance to the optional ``url``.</doc>
<status status="PASS" start="2026-04-12T23:34:04.025032" elapsed="9.735378"/>
</kw>
<kw name="Maximize Browser Window" owner="SeleniumLibrary">
<doc>Maximizes current browser window.</doc>
<status status="PASS" start="2026-04-12T23:34:13.762059" elapsed="0.093807"/>
</kw>
<kw name="Delete All Cookies" owner="SeleniumLibrary">
<doc>Deletes all cookies.</doc>
<status status="PASS" start="2026-04-12T23:34:13.856825" elapsed="0.141666"/>
</kw>
<kw name="Execute Javascript" owner="SeleniumLibrary">
<msg time="2026-04-12T23:34:14.001335" level="INFO">Executing JavaScript:
window.localStorage.clear(); window.sessionStorage.clear();
Without any arguments.</msg>
<arg>window.localStorage.clear(); window.sessionStorage.clear();</arg>
<doc>Executes the given JavaScript code with possible arguments.</doc>
<status status="PASS" start="2026-04-12T23:34:13.998999" elapsed="0.022055"/>
</kw>
<kw name="Go To" owner="SeleniumLibrary">
<msg time="2026-04-12T23:34:14.022251" level="INFO">Opening url 'https://advantageonlineshopping.com/#/'</msg>
<arg>https://advantageonlineshopping.com/#/</arg>
<doc>Navigates the current browser window to the provided ``url``.</doc>
<status status="PASS" start="2026-04-12T23:34:14.021717" elapsed="0.016742"/>
</kw>
<kw name="Wait Until Element Is Visible" owner="SeleniumLibrary">
<arg>id=menuUser</arg>
<arg>timeout=10 s</arg>
<doc>Waits until the element ``locator`` is visible.</doc>
<status status="PASS" start="2026-04-12T23:34:14.038985" elapsed="0.216443"/>
</kw>
<status status="PASS" start="2026-04-12T23:34:04.023398" elapsed="10.232580"/>
</kw>
<status status="PASS" start="2026-04-12T23:34:04.022713" elapsed="10.233585"/>
</kw>
<status status="PASS" start="2026-04-12T23:34:04.021454" elapsed="10.235094"/>
</kw>
<test id="s1-t1" name="CT_US4_02 - DeleteProduct From Floating Cart" line="11">
<kw name="Log" owner="BuiltIn">
<msg time="2026-04-12T23:34:14.263401" level="INFO">Étape 1: Accéder à la page d'accueil</msg>
<arg>Étape 1: Accéder à la page d'accueil</arg>
<doc>Logs the given message with the given level.</doc>
<status status="PASS" start="2026-04-12T23:34:14.262099" elapsed="0.001503"/>
</kw>
<kw name="Wait Until Element Is Visible" owner="SeleniumLibrary">
<arg>id=shoppingCartLink</arg>
<arg>timeout=10s</arg>
<doc>Waits until the element ``locator`` is visible.</doc>
<status status="PASS" start="2026-04-12T23:34:14.264821" elapsed="0.044156"/>
</kw>
<kw name="Log" owner="BuiltIn">
<msg time="2026-04-12T23:34:14.311465" level="INFO">Étape 2: Ajouter 1 produit au panier via US-3 Add Products Script</msg>
<arg>Étape 2: Ajouter 1 produit au panier via US-3 Add Products Script</arg>
<doc>Logs the given message with the given level.</doc>
<status status="PASS" start="2026-04-12T23:34:14.310202" elapsed="0.001478"/>
</kw>
<kw name="Add Products To Cart For US3" owner="AddProductsPage">
<kw name="Run Keyword And Ignore Error" owner="BuiltIn">
<kw name="Wait Until Element Is Not Visible" owner="SeleniumLibrary">
<arg>css=.loader</arg>
<arg>timeout=15s</arg>
<doc>Waits until the element ``locator`` is not visible.</doc>
<status status="PASS" start="2026-04-12T23:34:14.317547" elapsed="0.043953"/>
</kw>
<arg>Wait Until Element Is Not Visible</arg>
<arg>css=.loader</arg>
<arg>timeout=15s</arg>
<doc>Runs the given keyword with the given arguments and ignores possible error.</doc>
<status status="PASS" start="2026-04-12T23:34:14.315332" elapsed="0.047543"/>
</kw>
<kw name="Wait Until Element Is Visible" owner="SeleniumLibrary">
<arg>id=menuUser</arg>
<arg>timeout=15s</arg>
<doc>Waits until the element ``locator`` is visible.</doc>
<status status="PASS" start="2026-04-12T23:34:14.363691" elapsed="0.150480"/>
</kw>
<kw name="Wait Until Keyword Succeeds" owner="BuiltIn">
<kw name="Wait Until Element Is Visible" owner="SeleniumLibrary">
<arg>xpath=(//a[contains(@href,'#/product/')][contains(.,'View Details')])[2]</arg>
<arg>timeout=10s</arg>
<doc>Waits until the element ``locator`` is visible.</doc>
<status status="PASS" start="2026-04-12T23:34:14.516603" elapsed="5.084114"/>
</kw>
<arg>10x</arg>
<arg>1s</arg>
<arg>Wait Until Element Is Visible</arg>
<arg>xpath=(//a[contains(@href,'#/product/')][contains(.,'View Details')])[2]</arg>
<arg>timeout=10s</arg>
<doc>Runs the specified keyword and retries if it fails.</doc>
<status status="PASS" start="2026-04-12T23:34:14.515169" elapsed="5.086044"/>
</kw>
<kw name="Add Home Product To Cart By Index" owner="AddProductsPage">
<kw name="Execute Javascript" owner="SeleniumLibrary">
<msg time="2026-04-12T23:34:19.605533" level="INFO">Executing JavaScript:
window.scrollTo(0, document.body.scrollHeight * 0.65);
Without any arguments.</msg>
<arg>window.scrollTo(0, document.body.scrollHeight * 0.65);</arg>
<doc>Executes the given JavaScript code with possible arguments.</doc>
<status status="PASS" start="2026-04-12T23:34:19.603846" elapsed="0.016609"/>
</kw>
<kw name="Wait Until Element Is Visible" owner="SeleniumLibrary">
<arg>xpath=(//a[contains(@href,'#/product/')][contains(.,'View Details')])[${product_index}]</arg>
<arg>timeout=20s</arg>
<doc>Waits until the element ``locator`` is visible.</doc>
<status status="PASS" start="2026-04-12T23:34:19.620981" elapsed="0.058655"/>
</kw>
<kw name="Scroll Element Into View" owner="SeleniumLibrary">
<arg>xpath=(//a[contains(@href,'#/product/')][contains(.,'View Details')])[${product_index}]</arg>
<doc>Scrolls the element identified by ``locator`` into view.</doc>
<status status="PASS" start="2026-04-12T23:34:19.680154" elapsed="0.320304"/>
</kw>
<kw name="Run Keyword And Return Status" owner="BuiltIn">
<kw name="Click Element" owner="SeleniumLibrary">
<msg time="2026-04-12T23:34:20.002938" level="INFO">Clicking element 'xpath=(//a[contains(@href,'#/product/')][contains(.,'View Details')])[2]'.</msg>
<arg>xpath=(//a[contains(@href,'#/product/')][contains(.,'View Details')])[${product_index}]</arg>
<doc>Click the element identified by ``locator``.</doc>
<status status="PASS" start="2026-04-12T23:34:20.002243" elapsed="0.316370"/>
</kw>
<msg time="2026-04-12T23:34:20.319275" level="INFO">${clicked} = True</msg>
<var>${clicked}</var>
<arg>Click Element</arg>
<arg>xpath=(//a[contains(@href,'#/product/')][contains(.,'View Details')])[${product_index}]</arg>
<doc>Runs the specified keyword and returns the status as a Boolean value.</doc>
<status status="PASS" start="2026-04-12T23:34:20.001050" elapsed="0.318392"/>
</kw>
<if>
<branch type="IF" condition="not ${clicked}">
<kw name="Execute Javascript" owner="SeleniumLibrary">
<arg>var idx=arguments[0];</arg>
<arg>var xp="(//a[contains(@href,'#/product/')][contains(.,'View Details')])["+idx+"]";</arg>
<arg>var node=document.evaluate(xp, document, null, XPathResult.FIRST_ORDERED_NODE_TYPE, null).singleNodeValue;</arg>
<arg>if(node){ node.click(); }</arg>
<doc>Executes the given JavaScript code with possible arguments.</doc>
<status status="NOT RUN" start="2026-04-12T23:34:20.323731" elapsed="0.000191"/>
</kw>
<status status="NOT RUN" start="2026-04-12T23:34:20.320043" elapsed="0.004118"/>
</branch>
<status status="PASS" start="2026-04-12T23:34:20.319875" elapsed="0.004486"/>
</if>
<kw name="Wait Until Keyword Succeeds" owner="BuiltIn">
<kw name="Wait Until Element Is Visible" owner="SeleniumLibrary">
<arg>xpath=//button[@name='save_to_cart']</arg>
<arg>timeout=10s</arg>
<doc>Waits until the element ``locator`` is visible.</doc>
<status status="PASS" start="2026-04-12T23:34:20.329745" elapsed="3.887531"/>
</kw>
<arg>10x</arg>
<arg>1s</arg>
<arg>Wait Until Element Is Visible</arg>
<arg>xpath=//button[@name='save_to_cart']</arg>
<arg>timeout=10s</arg>
<doc>Runs the specified keyword and retries if it fails.</doc>
<status status="PASS" start="2026-04-12T23:34:20.324755" elapsed="3.893068"/>
</kw>
<kw name="Get Product Name From Product Page" owner="AddProductsPage">
<kw name="Run Keyword And Ignore Error" owner="BuiltIn">
<kw name="Get Text" owner="SeleniumLibrary">
<arg>xpath=//h1[contains(@class,'roboto') or contains(@class,'ng-binding')]</arg>
<doc>Returns the text value of the element identified by ``locator``.</doc>
<status status="PASS" start="2026-04-12T23:34:24.233242" elapsed="0.282988"/>
</kw>
<msg time="2026-04-12T23:34:24.516721" level="INFO">${status} = PASS</msg>
<msg time="2026-04-12T23:34:24.516867" level="INFO">${value} = </msg>
<var>${status}</var>
<var>${value}</var>
<arg>Get Text</arg>
<arg>xpath=//h1[contains(@class,'roboto') or contains(@class,'ng-binding')]</arg>
<doc>Runs the given keyword with the given arguments and ignores possible error.</doc>
<status status="PASS" start="2026-04-12T23:34:24.224436" elapsed="0.292508"/>
</kw>
<if>
<branch type="IF" condition="'${status}' == 'PASS' and '${value}' != ''">
<return>
<value>${value}</value>
<status status="NOT RUN" start="2026-04-12T23:34:24.517998" elapsed="0.000124"/>
</return>
<status status="NOT RUN" start="2026-04-12T23:34:24.517313" elapsed="0.000975"/>
</branch>
<status status="PASS" start="2026-04-12T23:34:24.517224" elapsed="0.001174"/>
</if>
<kw name="Execute Javascript" owner="SeleniumLibrary">
<msg time="2026-04-12T23:34:24.556967" level="INFO">Executing JavaScript:
var h=document.querySelector('h1');return h ? (h.textContent||'').trim() : '';
Without any arguments.</msg>
<msg time="2026-04-12T23:34:24.634779" level="INFO">${fallback_name} = HP CHROMEBOOK 14 G1(ES)</msg>
<var>${fallback_name}</var>
<arg>var h=document.querySelector('h1');</arg>
<arg>return h ? (h.textContent||'').trim() : '';</arg>
<doc>Executes the given JavaScript code with possible arguments.</doc>
<status status="PASS" start="2026-04-12T23:34:24.518753" elapsed="0.116230"/>
</kw>
<if>
<branch type="IF" condition="'${fallback_name}' == ''">
<kw name="Set Variable" owner="BuiltIn">
<var>${fallback_name}</var>
<arg>UNKNOWN_PRODUCT</arg>
<doc>Returns the given values which can then be assigned to a variables.</doc>
<status status="NOT RUN" start="2026-04-12T23:34:24.636813" elapsed="0.000195"/>
</kw>
<status status="NOT RUN" start="2026-04-12T23:34:24.635501" elapsed="0.001749"/>
</branch>
<status status="PASS" start="2026-04-12T23:34:24.635388" elapsed="0.002069"/>
</if>
<return>
<value>${fallback_name}</value>
<status status="PASS" start="2026-04-12T23:34:24.637646" elapsed="0.000268"/>
</return>
<msg time="2026-04-12T23:34:24.640399" level="INFO">${product_name} = HP CHROMEBOOK 14 G1(ES)</msg>
<var>${product_name}</var>
<status status="PASS" start="2026-04-12T23:34:24.219459" elapsed="0.421053"/>
</kw>
<kw name="Click Button" owner="SeleniumLibrary">
<msg time="2026-04-12T23:34:24.642116" level="INFO">Clicking button 'xpath=//button[@name='save_to_cart']'.</msg>
<arg>xpath=//button[@name='save_to_cart']</arg>
<doc>Clicks the button identified by ``locator``.</doc>
<status status="PASS" start="2026-04-12T23:34:24.641339" elapsed="1.235076"/>
</kw>
<kw name="Wait And Confirm Alert" owner="AddProductsPage">
<kw name="Run Keyword And Return Status" owner="BuiltIn">
<kw name="Alert Should Be Present" owner="SeleniumLibrary">
<msg time="2026-04-12T23:34:25.887825" level="INFO">HANDLE::&lt;class 'datetime.timedelta'&gt;::0:00:05</msg>
<msg time="2026-04-12T23:34:31.476407" level="INFO" html="true">&lt;/td&gt;&lt;/tr&gt;&lt;tr&gt;&lt;td colspan="3"&gt;&lt;a href="selenium-screenshot-2.png"&gt;&lt;img src="selenium-screenshot-2.png" width="800px"&gt;&lt;/a&gt;</msg>
<msg time="2026-04-12T23:34:31.476972" level="FAIL">Alert not found in 5 seconds.</msg>
<arg>timeout=5s</arg>
<doc>Verifies that an alert is present and by default, accepts it.</doc>
<status status="FAIL" start="2026-04-12T23:34:25.885805" elapsed="5.610494">Alert not found in 5 seconds.</status>
</kw>
<msg time="2026-04-12T23:34:31.496797" level="INFO">${alert_present} = False</msg>
<var>${alert_present}</var>
<arg>Alert Should Be Present</arg>
<arg>timeout=5s</arg>
<doc>Runs the specified keyword and returns the status as a Boolean value.</doc>
<status status="PASS" start="2026-04-12T23:34:25.879008" elapsed="5.617873"/>
</kw>
<kw name="Run Keyword If" owner="BuiltIn">
<arg>${alert_present}</arg>
<arg>Handle Alert</arg>
<arg>action=ACCEPT</arg>
<doc>Runs the given keyword with the given arguments, if ``condition`` is true.</doc>
<status status="PASS" start="2026-04-12T23:34:31.497324" elapsed="0.001386"/>
</kw>
<status status="PASS" start="2026-04-12T23:34:25.877413" elapsed="5.621587"/>
</kw>
<kw name="Go To" owner="SeleniumLibrary">
<msg time="2026-04-12T23:34:31.499850" level="INFO">Opening url 'https://advantageonlineshopping.com/#/'</msg>
<arg>${BASE_URL}</arg>
<doc>Navigates the current browser window to the provided ``url``.</doc>
<status status="PASS" start="2026-04-12T23:34:31.499357" elapsed="0.085066"/>
</kw>
<kw name="Wait Until Element Is Visible" owner="SeleniumLibrary">
<arg>id=menuUser</arg>
<arg>timeout=15s</arg>
<doc>Waits until the element ``locator`` is visible.</doc>
<status status="PASS" start="2026-04-12T23:34:31.585122" elapsed="0.073554"/>
</kw>
<return>
<value>${product_name}</value>
<status status="PASS" start="2026-04-12T23:34:31.658956" elapsed="0.000171"/>
</return>
<msg time="2026-04-12T23:34:31.659664" level="INFO">${PRODUCT_1} = HP CHROMEBOOK 14 G1(ES)</msg>
<var>${PRODUCT_1}</var>
<arg>2</arg>
<status status="PASS" start="2026-04-12T23:34:19.602641" elapsed="12.057117"/>
</kw>
<return>
<value>${PRODUCT_1}</value>
<status status="PASS" start="2026-04-12T23:34:31.659941" elapsed="0.000110"/>
</return>
<msg time="2026-04-12T23:34:31.660420" level="INFO">${product_1} = HP CHROMEBOOK 14 G1(ES)</msg>
<var>${product_1}</var>
<doc>Ajoute 1 produit depuis la home et retourne son nom.</doc>
<status status="PASS" start="2026-04-12T23:34:14.313570" elapsed="17.346933"/>
</kw>
<kw name="Wait Until Element Is Visible" owner="SeleniumLibrary">
<arg>id=shoppingCartLink</arg>
<arg>timeout=10s</arg>
<doc>Waits until the element ``locator`` is visible.</doc>
<status status="PASS" start="2026-04-12T23:34:31.661620" elapsed="0.039173"/>
</kw>
<kw name="Log" owner="BuiltIn">
<msg time="2026-04-12T23:34:31.703154" level="INFO">Étape 3: Survoler l'icône panier pour ouvrir le floating cart</msg>
<arg>Étape 3: Survoler l'icône panier pour ouvrir le floating cart</arg>
<doc>Logs the given message with the given level.</doc>
<status status="PASS" start="2026-04-12T23:34:31.702182" elapsed="0.001211"/>
</kw>
<kw name="Mouse Over" owner="SeleniumLibrary">
<msg time="2026-04-12T23:34:31.705042" level="INFO">Simulating Mouse Over on element 'id=shoppingCartLink'.</msg>
<arg>id=shoppingCartLink</arg>
<doc>Simulates hovering the mouse over the element ``locator``.</doc>
<status status="PASS" start="2026-04-12T23:34:31.704423" elapsed="0.347813"/>
</kw>
<kw name="Wait Until Element Is Visible" owner="SeleniumLibrary">
<arg>xpath=((//div[contains(@class,'removeProduct')]) | (//a[contains(@class,'remove') and contains(.,'REMOVE')]))[1]</arg>
<arg>timeout=10s</arg>
<doc>Waits until the element ``locator`` is visible.</doc>
<status status="PASS" start="2026-04-12T23:34:32.053443" elapsed="0.615121"/>
</kw>
<kw name="Log" owner="BuiltIn">
<msg time="2026-04-12T23:34:32.673803" level="INFO">Étape 4: Vérifier la présence du bouton X/Remove dans le floating cart</msg>
<arg>Étape 4: Vérifier la présence du bouton X/Remove dans le floating cart</arg>
<doc>Logs the given message with the given level.</doc>
<status status="PASS" start="2026-04-12T23:34:32.670703" elapsed="0.003262"/>
</kw>
<kw name="Wait Until Element Is Visible" owner="SeleniumLibrary">
<arg>xpath=((//div[contains(@class,'removeProduct')]) | (//a[contains(@class,'remove') and contains(.,'REMOVE')]))[1]</arg>
<arg>timeout=15s</arg>
<doc>Waits until the element ``locator`` is visible.</doc>
<status status="PASS" start="2026-04-12T23:34:32.677628" elapsed="0.101537"/>
</kw>
<kw name="Log" owner="BuiltIn">
<msg time="2026-04-12T23:34:32.794162" level="INFO">Étape 5: Capturer le nombre de lignes produit dans le floating cart</msg>
<arg>Étape 5: Capturer le nombre de lignes produit dans le floating cart</arg>
<doc>Logs the given message with the given level.</doc>
<status status="PASS" start="2026-04-12T23:34:32.787875" elapsed="0.007057"/>
</kw>
<kw name="Get Removable Items Count" owner="ShoppingCartPage">
<kw name="Execute Javascript" owner="SeleniumLibrary">
<msg time="2026-04-12T23:34:32.802498" level="INFO">Executing JavaScript:
var countA=document.querySelectorAll('a.remove').length;var countDiv=document.querySelectorAll('div.removeProduct').length;return countA &gt; 0 ? countA : countDiv;
Without any arguments.</msg>
<msg time="2026-04-12T23:34:32.850331" level="INFO">${count} = 1</msg>
<var>${count}</var>
<arg>var countA=document.querySelectorAll('a.remove').length;</arg>
<arg>var countDiv=document.querySelectorAll('div.removeProduct').length;</arg>
<arg>return countA &gt; 0 ? countA : countDiv;</arg>
<doc>Executes the given JavaScript code with possible arguments.</doc>
<status status="PASS" start="2026-04-12T23:34:32.799003" elapsed="0.051455"/>
</kw>
<return>
<value>${count}</value>
<status status="PASS" start="2026-04-12T23:34:32.850725" elapsed="0.001030"/>
</return>
<msg time="2026-04-12T23:34:32.852369" level="INFO">${initial_items} = 1</msg>
<var>${initial_items}</var>
<status status="PASS" start="2026-04-12T23:34:32.798067" elapsed="0.054403"/>
</kw>
<kw name="Should Be True" owner="BuiltIn">
<arg>${initial_items} &gt;= 1</arg>
<doc>Fails if the given condition is not true.</doc>
<status status="PASS" start="2026-04-12T23:34:32.872636" elapsed="0.026391"/>
</kw>
<kw name="Log" owner="BuiltIn">
<msg time="2026-04-12T23:34:32.949907" level="INFO">Étape 6: Supprimer le produit avec le bouton X du floating cart</msg>
<arg>Étape 6: Supprimer le produit avec le bouton X du floating cart</arg>
<doc>Logs the given message with the given level.</doc>
<status status="PASS" start="2026-04-12T23:34:32.932180" elapsed="0.018034"/>
</kw>
<kw name="Remove Product From Floating Cart" owner="ShoppingCartPage">
<kw name="Run Keyword And Return Status" owner="BuiltIn">
<kw name="Click Element" owner="SeleniumLibrary">
<msg time="2026-04-12T23:34:32.980265" level="INFO">Clicking element 'xpath=(//div[contains(@class,'removeProduct')])[1]'.</msg>
<arg>xpath=(//div[contains(@class,'removeProduct')])[1]</arg>
<doc>Click the element identified by ``locator``.</doc>
<status status="PASS" start="2026-04-12T23:34:32.979231" elapsed="0.585265"/>
</kw>
<msg time="2026-04-12T23:34:33.565206" level="INFO">${removed_in_floating} = True</msg>
<var>${removed_in_floating}</var>
<arg>Click Element</arg>
<arg>xpath=(//div[contains(@class,'removeProduct')])[1]</arg>
<doc>Runs the specified keyword and returns the status as a Boolean value.</doc>
<status status="PASS" start="2026-04-12T23:34:32.971785" elapsed="0.593621"/>
</kw>
<if>
<branch type="IF" condition="not ${removed_in_floating}">
<kw name="Wait Until Element Is Visible" owner="SeleniumLibrary">
<arg>xpath=(//a[contains(@class,'remove') and contains(.,'REMOVE')])[1]</arg>
<arg>timeout=10s</arg>
<doc>Waits until the element ``locator`` is visible.</doc>
<status status="NOT RUN" start="2026-04-12T23:34:33.571635" elapsed="0.000154"/>
</kw>
<kw name="Click Element" owner="SeleniumLibrary">
<arg>xpath=(//a[contains(@class,'remove') and contains(.,'REMOVE')])[1]</arg>
<doc>Click the element identified by ``locator``.</doc>
<status status="NOT RUN" start="2026-04-12T23:34:33.572521" elapsed="0.000146"/>
</kw>
<status status="NOT RUN" start="2026-04-12T23:34:33.566364" elapsed="0.006497"/>
</branch>
<status status="PASS" start="2026-04-12T23:34:33.566153" elapsed="0.006958"/>
</if>
<arg>${product_1}</arg>
<status status="PASS" start="2026-04-12T23:34:32.965298" elapsed="0.608106"/>
</kw>
<kw name="Sleep" owner="BuiltIn">
<msg time="2026-04-12T23:34:35.580819" level="INFO">Slept 2 seconds.</msg>
<arg>2s</arg>
<doc>Pauses the test executed for the given time.</doc>
<status status="PASS" start="2026-04-12T23:34:33.578129" elapsed="2.003008"/>
</kw>
<kw name="Log" owner="BuiltIn">
<msg time="2026-04-12T23:34:35.583056" level="INFO">Étape 7: Vérifier que l'on reste hors de la page panier</msg>
<arg>Étape 7: Vérifier que l'on reste hors de la page panier</arg>
<doc>Logs the given message with the given level.</doc>
<status status="PASS" start="2026-04-12T23:34:35.582144" elapsed="0.001393"/>
</kw>
<kw name="Get Location" owner="SeleniumLibrary">
<msg time="2026-04-12T23:34:35.599488" level="INFO">${current_url} = https://advantageonlineshopping.com/#/</msg>
<var>${current_url}</var>
<doc>Returns the current browser window URL.</doc>
<status status="PASS" start="2026-04-12T23:34:35.587373" elapsed="0.012348"/>
</kw>
<kw name="Should Not Contain" owner="BuiltIn">
<arg>${current_url}</arg>
<arg>shoppingCart</arg>
<doc>Fails if ``container`` contains ``item`` one or more times.</doc>
<status status="PASS" start="2026-04-12T23:34:35.602208" elapsed="0.001403"/>
</kw>
<kw name="Log" owner="BuiltIn">
<msg time="2026-04-12T23:34:35.607383" level="INFO">Étape 8: Vérifier que le nombre de produits est 0</msg>
<arg>Étape 8: Vérifier que le nombre de produits est 0</arg>
<doc>Logs the given message with the given level.</doc>
<status status="PASS" start="2026-04-12T23:34:35.606597" elapsed="0.000933"/>
</kw>
<kw name="Get Removable Items Count" owner="ShoppingCartPage">
<kw name="Execute Javascript" owner="SeleniumLibrary">
<msg time="2026-04-12T23:34:35.611014" level="INFO">Executing JavaScript:
var countA=document.querySelectorAll('a.remove').length;var countDiv=document.querySelectorAll('div.removeProduct').length;return countA &gt; 0 ? countA : countDiv;
Without any arguments.</msg>
<msg time="2026-04-12T23:34:35.673559" level="INFO">${count} = 0</msg>
<var>${count}</var>
<arg>var countA=document.querySelectorAll('a.remove').length;</arg>
<arg>var countDiv=document.querySelectorAll('div.removeProduct').length;</arg>
<arg>return countA &gt; 0 ? countA : countDiv;</arg>
<doc>Executes the given JavaScript code with possible arguments.</doc>
<status status="PASS" start="2026-04-12T23:34:35.609217" elapsed="0.064559"/>
</kw>
<return>
<value>${count}</value>
<status status="PASS" start="2026-04-12T23:34:35.674211" elapsed="0.000248"/>
</return>
<msg time="2026-04-12T23:34:35.675363" level="INFO">${final_items} = 0</msg>
<var>${final_items}</var>
<status status="PASS" start="2026-04-12T23:34:35.608516" elapsed="0.067026"/>
</kw>
<kw name="Should Be Equal As Integers" owner="BuiltIn">
<msg time="2026-04-12T23:34:35.677686" level="INFO">Argument types are:
&lt;class 'int'&gt;
&lt;class 'str'&gt;</msg>
<arg>${final_items}</arg>
<arg>0</arg>
<doc>Fails if objects are unequal after converting them to integers.</doc>
<status status="PASS" start="2026-04-12T23:34:35.676583" elapsed="0.001382"/>
</kw>
<kw name="Log" owner="BuiltIn">
<msg time="2026-04-12T23:34:35.680936" level="INFO">Nombre de lignes avant/après suppression: 1 -&gt; 0</msg>
<arg>Nombre de lignes avant/après suppression: ${initial_items} -&gt; ${final_items}</arg>
<doc>Logs the given message with the given level.</doc>
<status status="PASS" start="2026-04-12T23:34:35.679054" elapsed="0.002083"/>
</kw>
<kw name="Log" owner="BuiltIn">
<msg time="2026-04-12T23:34:35.683095" level="INFO">Étape 9: Vérifier que le badge panier est mis à jour</msg>
<arg>Étape 9: Vérifier que le badge panier est mis à jour</arg>
<doc>Logs the given message with the given level.</doc>
<status status="PASS" start="2026-04-12T23:34:35.682070" elapsed="0.001290"/>
</kw>
<kw name="Get Current Product Count" owner="ShoppingCartPage">
<kw name="Execute Javascript" owner="SeleniumLibrary">
<msg time="2026-04-12T23:34:35.701328" level="INFO">Executing JavaScript:
var link=document.querySelector('#shoppingCartLink');var txt='';if(link){ txt=(link.textContent||'')+' '+(link.innerText||''); }var badge=document.querySelector('.cart.ng-binding,.cart span,.ng-binding.cart,.cart');if(badge){ txt += ' ' + (badge.textContent||''); }var m=txt.match(/d+/);return m ? m[0] : '0';
Without any arguments.</msg>
<msg time="2026-04-12T23:34:35.715825" level="INFO">${cart_count} = 0</msg>
<var>${cart_count}</var>
<arg>var link=document.querySelector('#shoppingCartLink');</arg>
<arg>var txt='';</arg>
<arg>if(link){ txt=(link.textContent||'')+' '+(link.innerText||''); }</arg>
<arg>var badge=document.querySelector('.cart.ng-binding,.cart span,.ng-binding.cart,.cart');</arg>
<arg>if(badge){ txt += ' ' + (badge.textContent||''); }</arg>
<arg>var m=txt.match(/\d+/);</arg>
<arg>return m ? m[0] : '0';</arg>
<doc>Executes the given JavaScript code with possible arguments.</doc>
<status status="PASS" start="2026-04-12T23:34:35.688514" elapsed="0.027561"/>
</kw>
<return>
<value>${cart_count}</value>
<status status="PASS" start="2026-04-12T23:34:35.717030" elapsed="0.000285"/>
</return>
<msg time="2026-04-12T23:34:35.718093" level="INFO">${cart_count} = 0</msg>
<var>${cart_count}</var>
<status status="PASS" start="2026-04-12T23:34:35.686678" elapsed="0.031523"/>
</kw>
<kw name="Should Be Equal As Strings" owner="BuiltIn">
<arg>${cart_count}</arg>
<arg>0</arg>
<doc>Fails if objects are unequal after converting them to strings.</doc>
<status status="PASS" start="2026-04-12T23:34:35.719836" elapsed="0.002032"/>
</kw>
<kw name="Log" owner="BuiltIn">
<msg time="2026-04-12T23:34:35.723980" level="INFO">Étape 10: Vérifier que le panier est vide</msg>
<arg>Étape 10: Vérifier que le panier est vide</arg>
<doc>Logs the given message with the given level.</doc>
<status status="PASS" start="2026-04-12T23:34:35.722756" elapsed="0.001554"/>
</kw>
<kw name="Get Removable Items Count" owner="ShoppingCartPage">
<kw name="Execute Javascript" owner="SeleniumLibrary">
<msg time="2026-04-12T23:34:35.727721" level="INFO">Executing JavaScript:
var countA=document.querySelectorAll('a.remove').length;var countDiv=document.querySelectorAll('div.removeProduct').length;return countA &gt; 0 ? countA : countDiv;
Without any arguments.</msg>
<msg time="2026-04-12T23:34:35.742800" level="INFO">${count} = 0</msg>
<var>${count}</var>
<arg>var countA=document.querySelectorAll('a.remove').length;</arg>
<arg>var countDiv=document.querySelectorAll('div.removeProduct').length;</arg>
<arg>return countA &gt; 0 ? countA : countDiv;</arg>
<doc>Executes the given JavaScript code with possible arguments.</doc>
<status status="PASS" start="2026-04-12T23:34:35.726590" elapsed="0.016331"/>
</kw>
<return>
<value>${count}</value>
<status status="PASS" start="2026-04-12T23:34:35.743153" elapsed="0.000132"/>
</return>
<msg time="2026-04-12T23:34:35.743648" level="INFO">${remaining_items} = 0</msg>
<var>${remaining_items}</var>
<status status="PASS" start="2026-04-12T23:34:35.725426" elapsed="0.018282"/>
</kw>
<kw name="Should Be Equal As Integers" owner="BuiltIn">
<msg time="2026-04-12T23:34:35.745792" level="INFO">Argument types are:
&lt;class 'int'&gt;
&lt;class 'str'&gt;</msg>
<arg>${remaining_items}</arg>
<arg>0</arg>
<doc>Fails if objects are unequal after converting them to integers.</doc>
<status status="PASS" start="2026-04-12T23:34:35.744419" elapsed="0.001753"/>
</kw>
<kw name="Log" owner="BuiltIn">
<msg time="2026-04-12T23:34:35.748468" level="INFO">Étape 11: Vérifier l'état final (toujours hors page panier)</msg>
<arg>Étape 11: Vérifier l'état final (toujours hors page panier)</arg>
<doc>Logs the given message with the given level.</doc>
<status status="PASS" start="2026-04-12T23:34:35.747252" elapsed="0.001460"/>
</kw>
<kw name="Get Location" owner="SeleniumLibrary">
<msg time="2026-04-12T23:34:35.774617" level="INFO">${final_url} = https://advantageonlineshopping.com/#/</msg>
<var>${final_url}</var>
<doc>Returns the current browser window URL.</doc>
<status status="PASS" start="2026-04-12T23:34:35.749318" elapsed="0.025520"/>
</kw>
<kw name="Should Not Contain" owner="BuiltIn">
<arg>${final_url}</arg>
<arg>shoppingCart</arg>
<doc>Fails if ``container`` contains ``item`` one or more times.</doc>
<status status="PASS" start="2026-04-12T23:34:35.776818" elapsed="0.002785"/>
</kw>
<kw name="Log" owner="BuiltIn">
<msg time="2026-04-12T23:34:35.783427" level="INFO">Test CT_US4_02 complété avec succès</msg>
<arg>Test CT_US4_02 complété avec succès</arg>
<doc>Logs the given message with the given level.</doc>
<status status="PASS" start="2026-04-12T23:34:35.781753" elapsed="0.002009"/>
</kw>
<doc>Vérifier que la suppression d'un produit depuis le panier flottant (hover + bouton X) fonctionne correctement</doc>
<status status="PASS" start="2026-04-12T23:34:14.257933" elapsed="21.527309"/>
</test>
<kw name="Teardown CT02" owner="setup_teardown" type="TEARDOWN">
<kw name="Global Teardown" owner="setup_teardown">
<kw name="Close Browser" owner="browser_utils">
<kw name="Close All Browsers" owner="SeleniumLibrary">
<doc>Closes all open browsers and resets the browser cache.</doc>
<status status="PASS" start="2026-04-12T23:34:35.790126" elapsed="6.200644"/>
</kw>
<status status="PASS" start="2026-04-12T23:34:35.789774" elapsed="6.201219"/>
</kw>
<status status="PASS" start="2026-04-12T23:34:35.789415" elapsed="6.201656"/>
</kw>
<status status="PASS" start="2026-04-12T23:34:35.788802" elapsed="6.202331"/>
</kw>
<doc>CT_US4_02 - Suppression d'un produit depuis le panier flottant (hover + X)</doc>
<status status="PASS" start="2026-04-12T23:34:03.210245" elapsed="38.780939"/>
</suite>
<statistics>
<total>
<stat pass="1" fail="0" skip="0">All Tests</stat>
</total>
<tag>
</tag>
<suite>
<stat name="CT US4 02 - DeleteProduct FromHomePage" id="s1" pass="1" fail="0" skip="0">CT US4 02 - DeleteProduct FromHomePage</stat>
</suite>
</statistics>
<errors>
</errors>
</robot>
