<?xml version="1.0" encoding="UTF-8"?>
<robot generator="Robot 7.4.2 (Python 3.14.3 on win32)" generated="2026-04-10T18:33:27.329105" rpa="false" schemaversion="5">
<suite id="s1" name="CT US2 01 signin valid" source="C:\MINIPROJET\MiniProjet-Cap\AdvantageOnlineShopping\TestRobot\US‑2 - Sign In\suites\CT_US2_01_signin_valid.robot">
<kw name="Suite Setup - Open Browser To AOS" owner="setup_teardown" type="SETUP">
<kw name="Evaluate" owner="BuiltIn">
<msg time="2026-04-10T18:33:27.787793" level="INFO">${options} = &lt;selenium.webdriver.chrome.options.Options object at 0x000001680DFBE7B0&gt;</msg>
<var>${options}</var>
<arg>selenium.webdriver.ChromeOptions()</arg>
<arg>modules=selenium.webdriver</arg>
<doc>Evaluates the given expression in Python and returns the result.</doc>
<status status="PASS" start="2026-04-10T18:33:27.782029" elapsed="0.005944"/>
</kw>
<kw name="Call Method" owner="BuiltIn">
<arg>${options}</arg>
<arg>add_argument</arg>
<arg>--no-sandbox</arg>
<doc>Calls the named method of the given object with the provided arguments.</doc>
<status status="PASS" start="2026-04-10T18:33:27.788423" elapsed="0.000605"/>
</kw>
<kw name="Call Method" owner="BuiltIn">
<arg>${options}</arg>
<arg>add_argument</arg>
<arg>--disable-dev-shm-usage</arg>
<doc>Calls the named method of the given object with the provided arguments.</doc>
<status status="PASS" start="2026-04-10T18:33:27.789202" elapsed="0.000305"/>
</kw>
<kw name="Call Method" owner="BuiltIn">
<arg>${options}</arg>
<arg>add_argument</arg>
<arg>--disable-extensions</arg>
<doc>Calls the named method of the given object with the provided arguments.</doc>
<status status="PASS" start="2026-04-10T18:33:27.789637" elapsed="0.000286"/>
</kw>
<kw name="Open Browser" owner="SeleniumLibrary">
<msg time="2026-04-10T18:33:27.790471" level="INFO">Opening browser 'chrome' to base url 'https://www.advantageonlineshopping.com/#/'.</msg>
<arg>${BASE_URL}</arg>
<arg>${BROWSER}</arg>
<arg>options=${options}</arg>
<doc>Opens a new browser instance to the optional ``url``.</doc>
<status status="PASS" start="2026-04-10T18:33:27.790101" elapsed="5.988645"/>
</kw>
<kw name="Maximize Browser Window" owner="SeleniumLibrary">
<doc>Maximizes current browser window.</doc>
<status status="PASS" start="2026-04-10T18:33:33.779283" elapsed="0.039152"/>
</kw>
<kw name="Set Selenium Implicit Wait" owner="SeleniumLibrary">
<arg>${IMPLICIT_WAIT}</arg>
<doc>Sets the implicit wait value used by Selenium.</doc>
<status status="PASS" start="2026-04-10T18:33:33.818755" elapsed="0.002826"/>
</kw>
<kw name="Wait Until Element Is Visible" owner="SeleniumLibrary">
<arg>xpath://a[@id='menuUserLink'][@aria-label='UserMenu']</arg>
<arg>timeout=20s</arg>
<doc>Waits until the element ``locator`` is visible.</doc>
<status status="PASS" start="2026-04-10T18:33:33.822047" elapsed="0.046746"/>
</kw>
<kw name="Wait Until Element Is Not Visible" owner="SeleniumLibrary">
<arg>css:.loader</arg>
<arg>timeout=15s</arg>
<doc>Waits until the element ``locator`` is not visible.</doc>
<status status="PASS" start="2026-04-10T18:33:33.869246" elapsed="0.028369"/>
</kw>
<doc>Ouvre le navigateur et navigue vers le site AOS.</doc>
<status status="PASS" start="2026-04-10T18:33:27.780181" elapsed="6.117667"/>
</kw>
<test id="s1-t1" name="CT_US2_01 - Connexion avec identifiants valides" line="19">
<kw name="Cliquer Sur Icone Utilisateur" owner="SigninPage">
<kw name="Wait Until Element Is Visible" owner="SeleniumLibrary">
<arg>${LOC_USER_ICON}</arg>
<arg>timeout=10s</arg>
<doc>Waits until the element ``locator`` is visible.</doc>
<status status="PASS" start="2026-04-10T18:33:33.900037" elapsed="0.024759"/>
</kw>
<kw name="Click Element" owner="SeleniumLibrary">
<msg time="2026-04-10T18:33:33.925924" level="INFO">Clicking element 'xpath://a[@id='menuUserLink'][@aria-label='UserMenu']'.</msg>
<arg>${LOC_USER_ICON}</arg>
<doc>Click the element identified by ``locator``.</doc>
<status status="PASS" start="2026-04-10T18:33:33.925292" elapsed="0.165380"/>
</kw>
<doc>Clique sur l'icône utilisateur dans la barre de navigation.
Cette action affiche le formulaire de connexion.</doc>
<status status="PASS" start="2026-04-10T18:33:33.899597" elapsed="0.191311"/>
</kw>
<kw name="Saisir Nom Utilisateur" owner="SigninPage">
<kw name="Wait Until Element Is Visible" owner="SeleniumLibrary">
<arg>${LOC_USERNAME_INPUT}</arg>
<arg>timeout=10s</arg>
<doc>Waits until the element ``locator`` is visible.</doc>
<status status="PASS" start="2026-04-10T18:33:34.092275" elapsed="0.707194"/>
</kw>
<kw name="Wait Until Element Is Not Visible" owner="SeleniumLibrary">
<arg>css:.loader</arg>
<arg>timeout=15s</arg>
<doc>Waits until the element ``locator`` is not visible.</doc>
<status status="PASS" start="2026-04-10T18:33:34.799820" elapsed="4.679077"/>
</kw>
<kw name="Execute Javascript" owner="SeleniumLibrary">
<msg time="2026-04-10T18:33:39.480004" level="INFO">Executing JavaScript:
document.querySelector('[name="username"]').scrollIntoView({block:"center"})
Without any arguments.</msg>
<arg>document.querySelector('[name="username"]').scrollIntoView({block:"center"})</arg>
<doc>Executes the given JavaScript code with possible arguments.</doc>
<status status="PASS" start="2026-04-10T18:33:39.479266" elapsed="0.009418"/>
</kw>
<kw name="Click Element" owner="SeleniumLibrary">
<msg time="2026-04-10T18:33:39.490568" level="INFO">Clicking element 'xpath://input[@name='username']'.</msg>
<arg>${LOC_USERNAME_INPUT}</arg>
<doc>Click the element identified by ``locator``.</doc>
<status status="PASS" start="2026-04-10T18:33:39.489633" elapsed="0.110336"/>
</kw>
<kw name="Input Text" owner="SeleniumLibrary">
<msg time="2026-04-10T18:33:39.600815" level="INFO">Typing text 'rimkQA2026x' into text field 'xpath://input[@name='username']'.</msg>
<arg>${LOC_USERNAME_INPUT}</arg>
<arg>${username}</arg>
<doc>Types the given ``text`` into the text field identified by ``locator``.</doc>
<status status="PASS" start="2026-04-10T18:33:39.600338" elapsed="0.135541"/>
</kw>
<arg>${LOGIN_USERNAME}</arg>
<doc>Saisit le nom d'utilisateur (scrollIntoView + click pour déclencher secModel).</doc>
<status status="PASS" start="2026-04-10T18:33:34.091676" elapsed="5.644393"/>
</kw>
<kw name="Saisir Mot De Passe" owner="SigninPage">
<kw name="Wait Until Element Is Visible" owner="SeleniumLibrary">
<arg>${LOC_PASSWORD_INPUT}</arg>
<arg>timeout=10s</arg>
<doc>Waits until the element ``locator`` is visible.</doc>
<status status="PASS" start="2026-04-10T18:33:39.737118" elapsed="0.034309"/>
</kw>
<kw name="Execute Javascript" owner="SeleniumLibrary">
<msg time="2026-04-10T18:33:39.772372" level="INFO">Executing JavaScript:
document.querySelector('[name="password"]').scrollIntoView({block:"center"})
Without any arguments.</msg>
<arg>document.querySelector('[name="password"]').scrollIntoView({block:"center"})</arg>
<doc>Executes the given JavaScript code with possible arguments.</doc>
<status status="PASS" start="2026-04-10T18:33:39.771738" elapsed="0.008263"/>
</kw>
<kw name="Execute Javascript" owner="SeleniumLibrary">
<msg time="2026-04-10T18:33:39.780747" level="INFO">Executing JavaScript:
document.querySelector('[name="password"]').click()
Without any arguments.</msg>
<arg>document.querySelector('[name="password"]').click()</arg>
<doc>Executes the given JavaScript code with possible arguments.</doc>
<status status="PASS" start="2026-04-10T18:33:39.780247" elapsed="0.006744"/>
</kw>
<kw name="Input Password" owner="SeleniumLibrary">
<msg time="2026-04-10T18:33:39.787968" level="INFO">Typing password into text field 'xpath://input[@name='password']'.</msg>
<msg time="2026-04-10T18:33:39.827193" level="INFO">Temporally setting log level to: NONE</msg>
<arg>${LOC_PASSWORD_INPUT}</arg>
<arg>${password}</arg>
<doc>Types the given password into the text field identified by ``locator``.</doc>
<status status="PASS" start="2026-04-10T18:33:39.787446" elapsed="0.111004"/>
</kw>
<kw name="Execute Javascript" owner="SeleniumLibrary">
<msg time="2026-04-10T18:33:39.899534" level="INFO">Executing JavaScript:
document.querySelector('[name="username"]').click()
Without any arguments.</msg>
<arg>document.querySelector('[name="username"]').click()</arg>
<doc>Executes the given JavaScript code with possible arguments.</doc>
<status status="PASS" start="2026-04-10T18:33:39.898780" elapsed="0.008538"/>
</kw>
<arg>${LOGIN_PASSWORD}</arg>
<doc>Saisit le mot de passe via JS click (SVG overlay intercepte le clic natif).</doc>
<status status="PASS" start="2026-04-10T18:33:39.736704" elapsed="0.170794"/>
</kw>
<kw name="Cliquer Sur Sign In" owner="SigninPage">
<kw name="Wait Until Element Is Visible" owner="SeleniumLibrary">
<arg>${LOC_SIGN_IN_BUTTON}</arg>
<arg>timeout=10s</arg>
<doc>Waits until the element ``locator`` is visible.</doc>
<status status="PASS" start="2026-04-10T18:33:39.908414" elapsed="0.022659"/>
</kw>
<kw name="Click Element" owner="SeleniumLibrary">
<msg time="2026-04-10T18:33:39.931626" level="INFO">Clicking element 'xpath://button[@id='sign_in_btn']'.</msg>
<arg>${LOC_SIGN_IN_BUTTON}</arg>
<doc>Click the element identified by ``locator``.</doc>
<status status="PASS" start="2026-04-10T18:33:39.931322" elapsed="0.081641"/>
</kw>
<doc>Clique sur le bouton Sign In pour soumettre le formulaire de connexion.</doc>
<status status="PASS" start="2026-04-10T18:33:39.908003" elapsed="0.105104"/>
</kw>
<kw name="Vérifier Succès Connexion" owner="SigninPage">
<kw name="Wait Until Element Is Visible" owner="SeleniumLibrary">
<arg>${LOC_USER_LOGGED_LABEL}</arg>
<arg>timeout=15s</arg>
<doc>Waits until the element ``locator`` is visible.</doc>
<status status="PASS" start="2026-04-10T18:33:40.014052" elapsed="0.397347"/>
</kw>
<kw name="Get Text" owner="SeleniumLibrary">
<msg time="2026-04-10T18:33:40.438257" level="INFO">${nom_affiché} = rimkQA2026x</msg>
<var>${nom_affiché}</var>
<arg>${LOC_USER_LOGGED_LABEL}</arg>
<doc>Returns the text value of the element identified by ``locator``.</doc>
<status status="PASS" start="2026-04-10T18:33:40.411647" elapsed="0.026688"/>
</kw>
<kw name="Should Be Equal As Strings" owner="BuiltIn">
<arg>${nom_affiché}</arg>
<arg>${expected_username}</arg>
<doc>Fails if objects are unequal after converting them to strings.</doc>
<status status="PASS" start="2026-04-10T18:33:40.438622" elapsed="0.000646"/>
</kw>
<arg>${LOGIN_USERNAME}</arg>
<doc>Vérifie que la connexion est réussie :
→ Le nom de l'utilisateur connecté s'affiche dans la barre de navigation.</doc>
<status status="PASS" start="2026-04-10T18:33:40.013574" elapsed="0.425794"/>
</kw>
<kw name="Test Teardown - Capture On Failure" owner="setup_teardown" type="TEARDOWN">
<kw name="Run Keyword If Test Failed" owner="BuiltIn">
<arg>Capture Page Screenshot</arg>
<arg>EMBED</arg>
<doc>Runs the given keyword with the given arguments, if the test failed.</doc>
<status status="PASS" start="2026-04-10T18:33:40.440351" elapsed="0.000310"/>
</kw>
<doc>Capture automatiquement une screenshot si le test échoue.
Utile pour le diagnostic en cas d'erreur.</doc>
<status status="PASS" start="2026-04-10T18:33:40.439952" elapsed="0.000797"/>
</kw>
<doc>Vérifie qu'un utilisateur enregistré peut se connecter avec des identifiants valides.
Résultat attendu : Connexion réussie.
Le nom de l'utilisateur s'affiche dans la barre de navigation.</doc>
<tag>connexion</tag>
<tag>CT_US2_01</tag>
<tag>positif</tag>
<tag>US2</tag>
<status status="PASS" start="2026-04-10T18:33:33.898009" elapsed="6.542979"/>
</test>
<kw name="Suite Teardown - Close Browser" owner="setup_teardown" type="TEARDOWN">
<kw name="Close Browser" owner="SeleniumLibrary">
<doc>Closes the current browser.</doc>
<status status="PASS" start="2026-04-10T18:33:40.442423" elapsed="2.473932"/>
</kw>
<doc>Ferme le navigateur à la fin de la suite de tests.</doc>
<status status="PASS" start="2026-04-10T18:33:40.442198" elapsed="2.474482"/>
</kw>
<doc>CT_US2_01 – Connexion avec identifiants valides

USER STORY    : US-2 – Sign In
CAS DE TEST   : CT_US2_01
TYPE          : Test positif
OBJECTIF      : Vérifier qu'un utilisateur enregistré peut se connecter avec des identifiants valides.
PRÉCONDITIONS : Le site AOS est accessible. L'utilisateur est déconnecté. Un compte valide existe.</doc>
<status status="PASS" start="2026-04-10T18:33:27.335782" elapsed="15.581006"/>
</suite>
<statistics>
<total>
<stat pass="1" fail="0" skip="0">All Tests</stat>
</total>
<tag>
<stat pass="1" fail="0" skip="0">connexion</stat>
<stat pass="1" fail="0" skip="0">CT_US2_01</stat>
<stat pass="1" fail="0" skip="0">positif</stat>
<stat pass="1" fail="0" skip="0">US2</stat>
</tag>
<suite>
<stat name="CT US2 01 signin valid" id="s1" pass="1" fail="0" skip="0">CT US2 01 signin valid</stat>
</suite>
</statistics>
<errors>
</errors>
</robot>
