<?xml version="1.0" encoding="UTF-8"?>
<!-- Generated by org.testng.reporters.JUnitReportReporter -->
<testsuite hostname="LFR-5CD549D81F" failures="0" tests="1" name="tests.CT_US5_02_EditerQuantitePourAugmentationTest" time="26.830" errors="0" timestamp="2026-04-13T23:08:22 WEST" skipped="0">
  <testcase classname="tests.CT_US5_02_EditerQuantitePourAugmentationTest" name="shouldIncreaseQuantityAndRecalculateTotalsFromManualEdit" time="26.830"/>
</testsuite> <!-- tests.CT_US5_02_EditerQuantitePourAugmentationTest -->
