<?xml version="1.0" encoding="UTF-8"?>
<robot generator="Robot 7.4.2 (Python 3.14.3 on win32)" generated="2026-04-14T11:44:09.260841" rpa="false" schemaversion="5">
<suite id="s1" name="CT US5 01 IncreaseQuantity" source="C:\Users\imakroum\OneDrive - Capgemini\Documents\MiniProjet-_-_copy\AdvantageOnlineShopping\TestRobot\US-5 - Increase\suites\CT_US5_01_IncreaseQuantity.robot">
<kw name="Suite Setup" owner="setupTeardown" type="SETUP">
<kw name="Clean Results Directory" owner="setupTeardown">
<kw name="Run Keyword And Return Status" owner="BuiltIn">
<kw name="Directory Should Exist" owner="OperatingSystem">
<msg time="2026-04-14T11:44:09.638946" level="INFO" html="true">Directory '&lt;a href="file://C:\Users\imakroum\OneDrive - Capgemini\Documents\MiniProjet-_-_copy\results"&gt;C:\Users\imakroum\OneDrive - Capgemini\Documents\MiniProjet-_-_copy\results&lt;/a&gt;' exists.</msg>
<arg>${RESULTS_DIR}</arg>
<doc>Fails unless the given path points to an existing directory.</doc>
<status status="PASS" start="2026-04-14T11:44:09.638574" elapsed="0.000490"/>
</kw>
<msg time="2026-04-14T11:44:09.639247" level="INFO">${results_exists} = True</msg>
<var>${results_exists}</var>
<arg>Directory Should Exist</arg>
<arg>${RESULTS_DIR}</arg>
<doc>Runs the specified keyword and returns the status as a Boolean value.</doc>
<status status="PASS" start="2026-04-14T11:44:09.638070" elapsed="0.001212"/>
</kw>
<kw name="Run Keyword And Ignore Error" owner="BuiltIn">
<kw name="Run Keyword If" owner="BuiltIn">
<kw name="Remove Files" owner="OperatingSystem">
<msg time="2026-04-14T11:44:09.642512" level="INFO" html="true">Removed file '&lt;a href="file://C:\Users\imakroum\OneDrive - Capgemini\Documents\MiniProjet-_-_copy\results\log.html"&gt;C:\Users\imakroum\OneDrive - Capgemini\Documents\MiniProjet-_-_copy\results\log.html&lt;/a&gt;'.</msg>
<msg time="2026-04-14T11:44:09.644024" level="INFO" html="true">Removed file '&lt;a href="file://C:\Users\imakroum\OneDrive - Capgemini\Documents\MiniProjet-_-_copy\results\output.xml"&gt;C:\Users\imakroum\OneDrive - Capgemini\Documents\MiniProjet-_-_copy\results\output.xml&lt;/a&gt;'.</msg>
<msg time="2026-04-14T11:44:09.647459" level="INFO" html="true">Removed file '&lt;a href="file://C:\Users\imakroum\OneDrive - Capgemini\Documents\MiniProjet-_-_copy\results\report.html"&gt;C:\Users\imakroum\OneDrive - Capgemini\Documents\MiniProjet-_-_copy\results\report.html&lt;/a&gt;'.</msg>
<msg time="2026-04-14T11:44:09.649331" level="INFO" html="true">Removed file '&lt;a href="file://C:\Users\imakroum\OneDrive - Capgemini\Documents\MiniProjet-_-_copy\results\selenium-screenshot-1.png"&gt;C:\Users\imakroum\OneDrive - Capgemini\Documents\MiniProjet-_-_copy\results\selenium-screenshot-1.png&lt;/a&gt;'.</msg>
<msg time="2026-04-14T11:44:09.650869" level="INFO" html="true">Removed file '&lt;a href="file://C:\Users\imakroum\OneDrive - Capgemini\Documents\MiniProjet-_-_copy\results\selenium-screenshot-2.png"&gt;C:\Users\imakroum\OneDrive - Capgemini\Documents\MiniProjet-_-_copy\results\selenium-screenshot-2.png&lt;/a&gt;'.</msg>
<msg time="2026-04-14T11:44:09.653168" level="INFO" html="true">Removed file '&lt;a href="file://C:\Users\imakroum\OneDrive - Capgemini\Documents\MiniProjet-_-_copy\results\selenium-screenshot-3.png"&gt;C:\Users\imakroum\OneDrive - Capgemini\Documents\MiniProjet-_-_copy\results\selenium-screenshot-3.png&lt;/a&gt;'.</msg>
<msg time="2026-04-14T11:44:09.654876" level="INFO" html="true">Removed file '&lt;a href="file://C:\Users\imakroum\OneDrive - Capgemini\Documents\MiniProjet-_-_copy\results\selenium-screenshot-4.png"&gt;C:\Users\imakroum\OneDrive - Capgemini\Documents\MiniProjet-_-_copy\results\selenium-screenshot-4.png&lt;/a&gt;'.</msg>
<arg>${RESULTS_DIR}${/}*</arg>
<doc>Uses `Remove File` to remove multiple files one-by-one.</doc>
<status status="PASS" start="2026-04-14T11:44:09.640063" elapsed="0.015029"/>
</kw>
<arg>${results_exists}</arg>
<arg>Remove Files</arg>
<arg>${RESULTS_DIR}${/}*</arg>
<doc>Runs the given keyword with the given arguments, if ``condition`` is true.</doc>
<status status="PASS" start="2026-04-14T11:44:09.639759" elapsed="0.015512"/>
</kw>
<arg>Run Keyword If</arg>
<arg>${results_exists}</arg>
<arg>Remove Files</arg>
<arg>${RESULTS_DIR}${/}*</arg>
<doc>Runs the given keyword with the given arguments and ignores possible error.</doc>
<status status="PASS" start="2026-04-14T11:44:09.639439" elapsed="0.016112"/>
</kw>
<doc>Supprime tous les fichiers du dossier results avant l'exécution (ignore les erreurs si fichiers verrouillés)</doc>
<status status="PASS" start="2026-04-14T11:44:09.637192" elapsed="0.018626"/>
</kw>
<doc>Exécuté une fois avant tous les tests de la suite</doc>
<status status="PASS" start="2026-04-14T11:44:09.636790" elapsed="0.019211"/>
</kw>
<test id="s1-t1" name="Increase Quantity Positive Value 2" line="12">
<kw name="Test Setup" owner="setupTeardown" type="SETUP">
<kw name="Open Browser To Homepage" owner="browser_utils">
<kw name="Open Browser" owner="SeleniumLibrary">
<msg time="2026-04-14T11:44:09.658913" level="INFO">Opening browser 'Chrome' to base url 'https://www.advantageonlineshopping.com'.</msg>
<arg>${URL}</arg>
<arg>${BROWSER}</arg>
<doc>Opens a new browser instance to the optional ``url``.</doc>
<status status="PASS" start="2026-04-14T11:44:09.658510" elapsed="8.913996"/>
</kw>
<kw name="Wait Until Element Is Visible" owner="SeleniumLibrary">
<arg>id=menuCart</arg>
<arg>timeout=15s</arg>
<doc>Waits until the element ``locator`` is visible.</doc>
<status status="PASS" start="2026-04-14T11:44:18.572907" elapsed="0.035336"/>
</kw>
<status status="PASS" start="2026-04-14T11:44:09.658041" elapsed="8.950388"/>
</kw>
<kw name="Maximize Browser Window" owner="SeleniumLibrary">
<doc>Maximizes current browser window.</doc>
<status status="PASS" start="2026-04-14T11:44:18.608642" elapsed="0.029538"/>
</kw>
<kw name="Set Selenium Implicit Wait" owner="SeleniumLibrary">
<arg>${IMPLICIT_WAIT}</arg>
<doc>Sets the implicit wait value used by Selenium.</doc>
<status status="PASS" start="2026-04-14T11:44:18.638444" elapsed="0.002374"/>
</kw>
<status status="PASS" start="2026-04-14T11:44:09.657528" elapsed="8.983447"/>
</kw>
<kw name="Click Category" owner="HomePage">
<kw name="Set Variable If" owner="BuiltIn">
<msg time="2026-04-14T11:44:18.643751" level="INFO">${category_locator} = //div[@id='speakersImg']</msg>
<var>${category_locator}</var>
<arg>'${category_name}' == 'SPEAKERS'</arg>
<arg>${LOC_CATEGORY_SPEAKERS}</arg>
<arg>'${category_name}' == 'LAPTOPS'</arg>
<arg>${LOC_CATEGORY_LAPTOPS}</arg>
<arg>'${category_name}' == 'HEADPHONES'</arg>
<arg>${LOC_CATEGORY_HEADPHONES}</arg>
<arg>${LOC_CATEGORY_SPEAKERS}</arg>
<doc>Sets variable based on the given condition.</doc>
<status status="PASS" start="2026-04-14T11:44:18.642396" elapsed="0.001471"/>
</kw>
<kw name="Wait Until Element Is Visible" owner="SeleniumLibrary">
<arg>${category_locator}</arg>
<arg>timeout=10s</arg>
<doc>Waits until the element ``locator`` is visible.</doc>
<status status="PASS" start="2026-04-14T11:44:18.644243" elapsed="5.164046"/>
</kw>
<kw name="Click Element" owner="SeleniumLibrary">
<msg time="2026-04-14T11:44:23.809177" level="INFO">Clicking element '//div[@id='speakersImg']'.</msg>
<arg>${category_locator}</arg>
<doc>Click the element identified by ``locator``.</doc>
<status status="PASS" start="2026-04-14T11:44:23.808638" elapsed="0.233703"/>
</kw>
<kw name="Sleep" owner="BuiltIn">
<msg time="2026-04-14T11:44:34.043314" level="INFO">Slept 10 seconds.</msg>
<arg>10s</arg>
<doc>Pauses the test executed for the given time.</doc>
<status status="PASS" start="2026-04-14T11:44:24.042573" elapsed="10.001208"/>
</kw>
<arg>${CATEGORY_SPEAKERS}</arg>
<status status="PASS" start="2026-04-14T11:44:18.641729" elapsed="15.402424"/>
</kw>
<kw name="Select Product From Category" owner="HomePage">
<kw name="Set Variable" owner="BuiltIn">
<msg time="2026-04-14T11:44:34.046107" level="INFO">${locator} = xpath=//a[contains(.,'HP Roar Mini Wireless Speaker')]</msg>
<var>${locator}</var>
<arg>xpath=//a[contains(.,'${product_name}')]</arg>
<doc>Returns the given values which can then be assigned to a variables.</doc>
<status status="PASS" start="2026-04-14T11:44:34.045587" elapsed="0.000571"/>
</kw>
<kw name="Wait Until Element Is Visible" owner="SeleniumLibrary">
<arg>${locator}</arg>
<arg>15s</arg>
<doc>Waits until the element ``locator`` is visible.</doc>
<status status="PASS" start="2026-04-14T11:44:34.046393" elapsed="2.975979"/>
</kw>
<kw name="Click Element" owner="SeleniumLibrary">
<msg time="2026-04-14T11:44:37.023195" level="INFO">Clicking element 'xpath=//a[contains(.,'HP Roar Mini Wireless Speaker')]'.</msg>
<arg>${locator}</arg>
<doc>Click the element identified by ``locator``.</doc>
<status status="PASS" start="2026-04-14T11:44:37.022751" elapsed="0.301857"/>
</kw>
<arg>${PRODUCT_1_NAME}</arg>
<status status="PASS" start="2026-04-14T11:44:34.044990" elapsed="3.279798"/>
</kw>
<kw name="Add Product To Cart From Product Page" owner="HomePage">
<kw name="Wait Until Element Is Visible" owner="SeleniumLibrary">
<arg>name=quantity</arg>
<arg>timeout=10s</arg>
<doc>Waits until the element ``locator`` is visible.</doc>
<status status="PASS" start="2026-04-14T11:44:37.325818" elapsed="3.458895"/>
</kw>
<kw name="Input Text" owner="SeleniumLibrary">
<msg time="2026-04-14T11:44:40.785427" level="INFO">Typing text '1' into text field '//input[@name="quantity"]'.</msg>
<arg>${LOC_qt}</arg>
<arg>${quantity}</arg>
<doc>Types the given ``text`` into the text field identified by ``locator``.</doc>
<status status="PASS" start="2026-04-14T11:44:40.785033" elapsed="0.135651"/>
</kw>
<kw name="Click Button" owner="SeleniumLibrary">
<msg time="2026-04-14T11:44:40.921371" level="INFO">Clicking button '//button[@name="save_to_cart"]'.</msg>
<arg>${LOC_ADD}</arg>
<doc>Clicks the button identified by ``locator``.</doc>
<status status="PASS" start="2026-04-14T11:44:40.921003" elapsed="0.191666"/>
</kw>
<kw name="Sleep" owner="BuiltIn">
<msg time="2026-04-14T11:44:43.113664" level="INFO">Slept 2 seconds.</msg>
<arg>2s</arg>
<doc>Pauses the test executed for the given time.</doc>
<status status="PASS" start="2026-04-14T11:44:41.112914" elapsed="2.000906"/>
</kw>
<arg>1</arg>
<status status="PASS" start="2026-04-14T11:44:37.325323" elapsed="5.788621"/>
</kw>
<kw name="Go To Shopping Cart Full Page" owner="ShoppingCartPage">
<kw name="Log" owner="BuiltIn">
<msg time="2026-04-14T11:44:43.115244" level="INFO">Navigation Shopping Cart - Desktop Mode</msg>
<arg>Navigation Shopping Cart - Desktop Mode</arg>
<doc>Logs the given message with the given level.</doc>
<status status="PASS" start="2026-04-14T11:44:43.114953" elapsed="0.000353"/>
</kw>
<kw name="Wait Until Element Is Visible" owner="SeleniumLibrary">
<arg>id=shoppingCartLink</arg>
<arg>10s</arg>
<doc>Waits until the element ``locator`` is visible.</doc>
<status status="PASS" start="2026-04-14T11:44:43.115447" elapsed="0.025355"/>
</kw>
<kw name="Run Keyword And Return Status" owner="BuiltIn">
<kw name="Click Element" owner="SeleniumLibrary">
<msg time="2026-04-14T11:44:43.142036" level="INFO">Clicking element 'id=shoppingCartLink'.</msg>
<arg>id=shoppingCartLink</arg>
<doc>Click the element identified by ``locator``.</doc>
<status status="PASS" start="2026-04-14T11:44:43.141719" elapsed="0.090141"/>
</kw>
<msg time="2026-04-14T11:44:43.232072" level="INFO">${clicked} = True</msg>
<var>${clicked}</var>
<arg>Click Element</arg>
<arg>id=shoppingCartLink</arg>
<doc>Runs the specified keyword and returns the status as a Boolean value.</doc>
<status status="PASS" start="2026-04-14T11:44:43.141145" elapsed="0.090964"/>
</kw>
<if>
<branch type="IF" condition="not ${clicked}">
<kw name="Execute Javascript" owner="SeleniumLibrary">
<arg>document.querySelector('#shoppingCartLink').click();</arg>
<doc>Executes the given JavaScript code with possible arguments.</doc>
<status status="NOT RUN" start="2026-04-14T11:44:43.232610" elapsed="0.000039"/>
</kw>
<status status="NOT RUN" start="2026-04-14T11:44:43.232257" elapsed="0.000442"/>
</branch>
<status status="PASS" start="2026-04-14T11:44:43.232212" elapsed="0.000539"/>
</if>
<kw name="Wait Until Keyword Succeeds" owner="BuiltIn">
<kw name="Location Should Contain" owner="SeleniumLibrary">
<msg time="2026-04-14T11:44:43.239587" level="INFO">Current location contains 'shoppingCart'.</msg>
<arg>shoppingCart</arg>
<doc>Verifies that the current URL contains ``expected``.</doc>
<status status="PASS" start="2026-04-14T11:44:43.233381" elapsed="0.006326"/>
</kw>
<arg>15x</arg>
<arg>1s</arg>
<arg>Location Should Contain</arg>
<arg>shoppingCart</arg>
<doc>Runs the specified keyword and retries if it fails.</doc>
<status status="PASS" start="2026-04-14T11:44:43.232875" elapsed="0.006929"/>
</kw>
<status status="PASS" start="2026-04-14T11:44:43.114578" elapsed="0.125318"/>
</kw>
<kw name="Click Edit From Shopping Cart" owner="ShoppingCartPage">
<kw name="Wait Until Cart Popup Is Gone" owner="ShoppingCartPage">
<kw name="Run Keyword And Ignore Error" owner="BuiltIn">
<kw name="Wait Until Element Is Not Visible" owner="SeleniumLibrary">
<arg>xpath=//div[contains(@class,'toolTip')]</arg>
<arg>10s</arg>
<doc>Waits until the element ``locator`` is not visible.</doc>
<status status="PASS" start="2026-04-14T11:44:43.241410" elapsed="10.027241"/>
</kw>
<arg>Wait Until Element Is Not Visible</arg>
<arg>xpath=//div[contains(@class,'toolTip')]</arg>
<arg>10s</arg>
<doc>Runs the given keyword with the given arguments and ignores possible error.</doc>
<status status="PASS" start="2026-04-14T11:44:43.241048" elapsed="10.027780"/>
</kw>
<kw name="Run Keyword And Ignore Error" owner="BuiltIn">
<kw name="Wait Until Page Does Not Contain" owner="SeleniumLibrary">
<arg>xpath=//div[contains(@class,'toolTip')]</arg>
<arg>5s</arg>
<doc>Waits until ``text`` disappears from the current page.</doc>
<status status="PASS" start="2026-04-14T11:44:53.269560" elapsed="10.030569"/>
</kw>
<arg>Wait Until Page Does Not Contain</arg>
<arg>xpath=//div[contains(@class,'toolTip')]</arg>
<arg>5s</arg>
<doc>Runs the given keyword with the given arguments and ignores possible error.</doc>
<status status="PASS" start="2026-04-14T11:44:53.269061" elapsed="10.031199"/>
</kw>
<status status="PASS" start="2026-04-14T11:44:43.240822" elapsed="20.059522"/>
</kw>
<kw name="Wait Until Page Contains Element" owner="SeleniumLibrary">
<arg>xpath=//h3[contains(.,'SHOPPING CART')]</arg>
<arg>15s</arg>
<doc>Waits until the element ``locator`` appears on the current page.</doc>
<status status="PASS" start="2026-04-14T11:45:03.300526" elapsed="0.016480"/>
</kw>
<kw name="Wait Until Element Is Visible" owner="SeleniumLibrary">
<arg>xpath=//table[contains(@class,'fixedTableEdgeCompatibility')]</arg>
<arg>15s</arg>
<doc>Waits until the element ``locator`` is visible.</doc>
<status status="PASS" start="2026-04-14T11:45:03.317378" elapsed="0.029370"/>
</kw>
<kw name="Wait Until Element Is Visible" owner="SeleniumLibrary">
<arg>xpath=//th//label[@translate="PRODUCT_NAME"]</arg>
<arg>15s</arg>
<doc>Waits until the element ``locator`` is visible.</doc>
<status status="PASS" start="2026-04-14T11:45:03.347009" elapsed="0.025154"/>
</kw>
<kw name="Execute Javascript" owner="SeleniumLibrary">
<msg time="2026-04-14T11:45:03.373323" level="INFO">Executing JavaScript:
var links = document.querySelectorAll('a.productName');var row = null;for(var i=0;i&lt;links.length;i++){ if(links[i].textContent.trim().toLowerCase().indexOf('HP Roar Mini Wireless Speaker'.toLowerCase())!==-1){ row=links[i].closest('tr'); break; } }if(!row){ row=document.querySelector('a.productName').closest('tr'); }row.dispatchEvent(new MouseEvent('mouseover',{bubbles:true,cancelable:true}));
Without any arguments.</msg>
<msg time="2026-04-14T11:45:03.672225" level="INFO" html="true">&lt;/td&gt;&lt;/tr&gt;&lt;tr&gt;&lt;td colspan="3"&gt;&lt;a href="selenium-screenshot-83.png"&gt;&lt;img src="selenium-screenshot-83.png" width="800px"&gt;&lt;/a&gt;</msg>
<msg time="2026-04-14T11:45:03.672596" level="FAIL">JavascriptException: Message: javascript error: Cannot read properties of null (reading 'closest')
  (Session info: chrome=146.0.7680.178)
Stacktrace:
	chromedriver!GetHandleVerifier [0x7ff68ef729c5+2ed785]
	chromedriver!GetHandleVerifier [0x7ff68ec9a0d0+14e90]
	chromedriver!(No symbol) [0x7ff68e9fdb2d]
	chromedriver!(No symbol) [0x7ff68ea05ab1]
	chromedriver!(No symbol) [0x7ff68ea08f5f]
	chromedriver!(No symbol) [0x7ff68eaa4f41]
	chromedriver!(No symbol) [0x7ff68ea7ff8a]
	chromedriver!(No symbol) [0x7ff68eaa3b9b]
	chromedriver!(No symbol) [0x7ff68ea49298]
	chromedriver!(No symbol) [0x7ff68ea4a183]
	chromedriver!GetHandleVerifier [0x7ff68ef9de0d+318bcd]
	chromedriver!GetHandleVerifier [0x7ff68ef98588+313348]
	chromedriver!GetHandleVerifier [0x7ff68efb9d7a+334b3a]
	chromedriver!GetHandleVerifier [0x7ff68ecb6785+31545]
	chromedriver!GetHandleVerifier [0x7ff68ecbfacc+3a88c]
	chromedriver!GetHandleVerifier [0x7ff68eca3634+1e3f4]
	chromedriver!GetHandleVerifier [0x7ff68eca37e6+1e5a6]
	chromedriver!GetHandleVerifier [0x7ff68ec87e37+2bf7]
	KERNEL32!BaseThreadInitThunk [0x7ffbb89de8d7+17]
	ntdll!RtlUserThreadStart [0x7ffbb9a2c48c+2c]
</msg>
<arg>var links = document.querySelectorAll('a.productName');</arg>
<arg>var row = null;</arg>
<arg>for(var i=0;i&lt;links.length;i++){ if(links[i].textContent.trim().toLowerCase().indexOf('${PRODUCT_NAME}'.toLowerCase())!==-1){ row=links[i].closest('tr'); break; } }</arg>
<arg>if(!row){ row=document.querySelector('a.productName').closest('tr'); }</arg>
<arg>row.dispatchEvent(new MouseEvent('mouseover',{bubbles:true,cancelable:true}));</arg>
<doc>Executes the given JavaScript code with possible arguments.</doc>
<status status="FAIL" start="2026-04-14T11:45:03.372502" elapsed="0.307456">JavascriptException: Message: javascript error: Cannot read properties of null (reading 'closest')
  (Session info: chrome=146.0.7680.178)
Stacktrace:
	chromedriver!GetHandleVerifier [0x7ff68ef729c5+2ed785]
	chromedriver!GetHandleVerifier [0x7ff68ec9a0d0+14e90]
	chromedriver!(No symbol) [0x7ff68e9fdb2d]
	chromedriver!(No symbol) [0x7ff68ea05ab1]
	chromedriver!(No symbol) [0x7ff68ea08f5f]
	chromedriver!(No symbol) [0x7ff68eaa4f41]
	chromedriver!(No symbol) [0x7ff68ea7ff8a]
	chromedriver!(No symbol) [0x7ff68eaa3b9b]
	chromedriver!(No symbol) [0x7ff68ea49298]
	chromedriver!(No symbol) [0x7ff68ea4a183]
	chromedriver!GetHandleVerifier [0x7ff68ef9de0d+318bcd]
	chromedriver!GetHandleVerifier [0x7ff68ef98588+313348]
	chromedriver!GetHandleVerifier [0x7ff68efb9d7a+334b3a]
	chromedriver!GetHandleVerifier [0x7ff68ecb6785+31545]
	chromedriver!GetHandleVerifier [0x7ff68ecbfacc+3a88c]
	chromedriver!GetHandleVerifier [0x7ff68eca3634+1e3f4]
	chromedriver!GetHandleVerifier [0x7ff68eca37e6+1e5a6]
	chromedriver!GetHandleVerifier [0x7ff68ec87e37+2bf7]
	KERNEL32!BaseThreadInitThunk [0x7ffbb89de8d7+17]
	ntdll!RtlUserThreadStart [0x7ffbb9a2c48c+2c]
</status>
</kw>
<kw name="Sleep" owner="BuiltIn">
<arg>1s</arg>
<doc>Pauses the test executed for the given time.</doc>
<status status="NOT RUN" start="2026-04-14T11:45:03.680355" elapsed="0.000069"/>
</kw>
<kw name="Execute Javascript" owner="SeleniumLibrary">
<arg>var links = document.querySelectorAll('a.productName');</arg>
<arg>var row = null;</arg>
<arg>for(var i=0;i&lt;links.length;i++){ if(links[i].textContent.trim().toLowerCase().indexOf('${PRODUCT_NAME}'.toLowerCase())!==-1){ row=links[i].closest('tr'); break; } }</arg>
<arg>if(!row){ row=document.querySelector('a.productName').closest('tr'); }</arg>
<arg>var editBtn = row ? row.querySelector('a.edit') : null;</arg>
<arg>if(editBtn){ editBtn.click(); }</arg>
<doc>Executes the given JavaScript code with possible arguments.</doc>
<status status="NOT RUN" start="2026-04-14T11:45:03.680636" elapsed="0.000051"/>
</kw>
<kw name="Wait Until Element Is Visible" owner="SeleniumLibrary">
<arg>${LOC_champ_EDIT}</arg>
<arg>15s</arg>
<doc>Waits until the element ``locator`` is visible.</doc>
<status status="NOT RUN" start="2026-04-14T11:45:03.680951" elapsed="0.000050"/>
</kw>
<arg>${PRODUCT_1_NAME}</arg>
<status status="FAIL" start="2026-04-14T11:44:43.240404" elapsed="20.440842">JavascriptException: Message: javascript error: Cannot read properties of null (reading 'closest')
  (Session info: chrome=146.0.7680.178)
Stacktrace:
	chromedriver!GetHandleVerifier [0x7ff68ef729c5+2ed785]
	chromedriver!GetHandleVerifier [0x7ff68ec9a0d0+14e90]
	chromedriver!(No symbol) [0x7ff68e9fdb2d]
	chromedriver!(No symbol) [0x7ff68ea05ab1]
	chromedriver!(No symbol) [0x7ff68ea08f5f]
	chromedriver!(No symbol) [0x7ff68eaa4f41]
	chromedriver!(No symbol) [0x7ff68ea7ff8a]
	chromedriver!(No symbol) [0x7ff68eaa3b9b]
	chromedriver!(No symbol) [0x7ff68ea49298]
	chromedriver!(No symbol) [0x7ff68ea4a183]
	chromedriver!GetHandleVerifier [0x7ff68ef9de0d+318bcd]
	chromedriver!GetHandleVerifier [0x7ff68ef98588+313348]
	chromedriver!GetHandleVerifier [0x7ff68efb9d7a+334b3a]
	chromedriver!GetHandleVerifier [0x7ff68ecb6785+31545]
	chromedriver!GetHandleVerifier [0x7ff68ecbfacc+3a88c]
	chromedriver!GetHandleVerifier [0x7ff68eca3634+1e3f4]
	chromedriver!GetHandleVerifier [0x7ff68eca37e6+1e5a6]
	chromedriver!GetHandleVerifier [0x7ff68ec87e37+2bf7]
	KERNEL32!BaseThreadInitThunk [0x7ffbb89de8d7+17]
	ntdll!RtlUserThreadStart [0x7ffbb9a2c48c+2c]
</status>
</kw>
<kw name="Update Quantity In champ" owner="ShoppingCartPage">
<arg>${VALID_QTY_1}</arg>
<status status="NOT RUN" start="2026-04-14T11:45:03.681847" elapsed="0.000074"/>
</kw>
<kw name="Click Add To Cart Button" owner="ShoppingCartPage">
<status status="NOT RUN" start="2026-04-14T11:45:03.682291" elapsed="0.000043"/>
</kw>
<kw name="Go To Shopping Cart Full Page" owner="ShoppingCartPage">
<status status="NOT RUN" start="2026-04-14T11:45:03.682660" elapsed="0.000037"/>
</kw>
<kw name="Get Product Quantity" owner="ShoppingCartPage">
<var>${q}</var>
<status status="NOT RUN" start="2026-04-14T11:45:03.683247" elapsed="0.000050"/>
</kw>
<kw name="Should Be Equal As Strings" owner="BuiltIn">
<arg>${q}</arg>
<arg>${VALID_QTY_1}</arg>
<doc>Fails if objects are unequal after converting them to strings.</doc>
<status status="NOT RUN" start="2026-04-14T11:45:03.683531" elapsed="0.000037"/>
</kw>
<kw name="Test Teardown" owner="setupTeardown" type="TEARDOWN">
<kw name="Capture Page Screenshot" owner="SeleniumLibrary">
<msg time="2026-04-14T11:45:03.792383" level="INFO" html="true">&lt;/td&gt;&lt;/tr&gt;&lt;tr&gt;&lt;td colspan="3"&gt;&lt;a href="selenium-screenshot-84.png"&gt;&lt;img src="selenium-screenshot-84.png" width="800px"&gt;&lt;/a&gt;</msg>
<doc>Takes a screenshot of the current page and embeds it into a log file.</doc>
<status status="PASS" start="2026-04-14T11:45:03.684399" elapsed="0.108149"/>
</kw>
<kw name="Close All Browsers" owner="SeleniumLibrary">
<doc>Closes all open browsers and resets the browser cache.</doc>
<status status="PASS" start="2026-04-14T11:45:03.792780" elapsed="2.555136"/>
</kw>
<status status="PASS" start="2026-04-14T11:45:03.684035" elapsed="2.664081"/>
</kw>
<status status="FAIL" start="2026-04-14T11:44:09.656218" elapsed="56.693383">JavascriptException: Message: javascript error: Cannot read properties of null (reading 'closest')
  (Session info: chrome=146.0.7680.178)
Stacktrace:
	chromedriver!GetHandleVerifier [0x7ff68ef729c5+2ed785]
	chromedriver!GetHandleVerifier [0x7ff68ec9a0d0+14e90]
	chromedriver!(No symbol) [0x7ff68e9fdb2d]
	chromedriver!(No symbol) [0x7ff68ea05ab1]
	chromedriver!(No symbol) [0x7ff68ea08f5f]
	chromedriver!(No symbol) [0x7ff68eaa4f41]
	chromedriver!(No symbol) [0x7ff68ea7ff8a]
	chromedriver!(No symbol) [0x7ff68eaa3b9b]
	chromedriver!(No symbol) [0x7ff68ea49298]
	chromedriver!(No symbol) [0x7ff68ea4a183]
	chromedriver!GetHandleVerifier [0x7ff68ef9de0d+318bcd]
	chromedriver!GetHandleVerifier [0x7ff68ef98588+313348]
	chromedriver!GetHandleVerifier [0x7ff68efb9d7a+334b3a]
	chromedriver!GetHandleVerifier [0x7ff68ecb6785+31545]
	chromedriver!GetHandleVerifier [0x7ff68ecbfacc+3a88c]
	chromedriver!GetHandleVerifier [0x7ff68eca3634+1e3f4]
	chromedriver!GetHandleVerifier [0x7ff68eca37e6+1e5a6]
	chromedriver!GetHandleVerifier [0x7ff68ec87e37+2bf7]
	KERNEL32!BaseThreadInitThunk [0x7ffbb89de8d7+17]
	ntdll!RtlUserThreadStart [0x7ffbb9a2c48c+2c]
</status>
</test>
<test id="s1-t2" name="Increase Quantity Positive Value 10" line="29">
<kw name="Test Setup" owner="setupTeardown" type="SETUP">
<kw name="Open Browser To Homepage" owner="browser_utils">
<kw name="Open Browser" owner="SeleniumLibrary">
<msg time="2026-04-14T11:45:06.354036" level="INFO">Opening browser 'Chrome' to base url 'https://www.advantageonlineshopping.com'.</msg>
<arg>${URL}</arg>
<arg>${BROWSER}</arg>
<doc>Opens a new browser instance to the optional ``url``.</doc>
<status status="PASS" start="2026-04-14T11:45:06.353735" elapsed="4.097009"/>
</kw>
<kw name="Wait Until Element Is Visible" owner="SeleniumLibrary">
<msg time="2026-04-14T11:45:10.458976" level="WARN">Keyword 'Capture Page Screenshot' could not be run on failure: Message: no such window: target window already closed
from unknown error: web view not found
  (Session info: chrome=146.0.7680.178)
Stacktrace:
	chromedriver!GetHandleVerifier [0x7ff68ef729c5+2ed785]
	chromedriver!GetHandleVerifier [0x7ff68ec9a0d0+14e90]
	chromedriver!(No symbol) [0x7ff68e9fdb2d]
	chromedriver!(No symbol) [0x7ff68e9d4322]
	chromedriver!(No symbol) [0x7ff68ea86e86]
	chromedriver!(No symbol) [0x7ff68eaa3482]
	chromedriver!(No symbol) [0x7ff68ea49298]
	chromedriver!(No symbol) [0x7ff68ea4a183]
	chromedriver!GetHandleVerifier [0x7ff68ef9de0d+318bcd]
	chromedriver!GetHandleVerifier [0x7ff68ef98588+313348]
	chromedriver!GetHandleVerifier [0x7ff68efb9d7a+334b3a]
	chromedriver!GetHandleVerifier [0x7ff68ecb6785+31545]
	chromedriver!GetHandleVerifier [0x7ff68ecbfacc+3a88c]
	chromedriver!GetHandleVerifier [0x7ff68eca3634+1e3f4]
	chromedriver!GetHandleVerifier [0x7ff68eca37e6+1e5a6]
	chromedriver!GetHandleVerifier [0x7ff68ec87e37+2bf7]
	KERNEL32!BaseThreadInitThunk [0x7ffbb89de8d7+17]
	ntdll!RtlUserThreadStart [0x7ffbb9a2c48c+2c]
</msg>
<msg time="2026-04-14T11:45:10.460228" level="FAIL">NoSuchWindowException: Message: no such window: target window already closed
from unknown error: web view not found
  (Session info: chrome=146.0.7680.178)
Stacktrace:
	chromedriver!GetHandleVerifier [0x7ff68ef729c5+2ed785]
	chromedriver!GetHandleVerifier [0x7ff68ec9a0d0+14e90]
	chromedriver!(No symbol) [0x7ff68e9fdb2d]
	chromedriver!(No symbol) [0x7ff68e9d4322]
	chromedriver!(No symbol) [0x7ff68ea86e86]
	chromedriver!(No symbol) [0x7ff68eaa3482]
	chromedriver!(No symbol) [0x7ff68ea49298]
	chromedriver!(No symbol) [0x7ff68ea4a183]
	chromedriver!GetHandleVerifier [0x7ff68ef9de0d+318bcd]
	chromedriver!GetHandleVerifier [0x7ff68ef98588+313348]
	chromedriver!GetHandleVerifier [0x7ff68efb9d7a+334b3a]
	chromedriver!GetHandleVerifier [0x7ff68ecb6785+31545]
	chromedriver!GetHandleVerifier [0x7ff68ecbfacc+3a88c]
	chromedriver!GetHandleVerifier [0x7ff68eca3634+1e3f4]
	chromedriver!GetHandleVerifier [0x7ff68eca37e6+1e5a6]
	chromedriver!GetHandleVerifier [0x7ff68ec87e37+2bf7]
	KERNEL32!BaseThreadInitThunk [0x7ffbb89de8d7+17]
	ntdll!RtlUserThreadStart [0x7ffbb9a2c48c+2c]
</msg>
<arg>id=menuCart</arg>
<arg>timeout=15s</arg>
<doc>Waits until the element ``locator`` is visible.</doc>
<status status="FAIL" start="2026-04-14T11:45:10.451103" elapsed="0.018737">NoSuchWindowException: Message: no such window: target window already closed
from unknown error: web view not found
  (Session info: chrome=146.0.7680.178)
Stacktrace:
	chromedriver!GetHandleVerifier [0x7ff68ef729c5+2ed785]
	chromedriver!GetHandleVerifier [0x7ff68ec9a0d0+14e90]
	chromedriver!(No symbol) [0x7ff68e9fdb2d]
	chromedriver!(No symbol) [0x7ff68e9d4322]
	chromedriver!(No symbol) [0x7ff68ea86e86]
	chromedriver!(No symbol) [0x7ff68eaa3482]
	chromedriver!(No symbol) [0x7ff68ea49298]
	chromedriver!(No symbol) [0x7ff68ea4a183]
	chromedriver!GetHandleVerifier [0x7ff68ef9de0d+318bcd]
	chromedriver!GetHandleVerifier [0x7ff68ef98588+313348]
	chromedriver!GetHandleVerifier [0x7ff68efb9d7a+334b3a]
	chromedriver!GetHandleVerifier [0x7ff68ecb6785+31545]
	chromedriver!GetHandleVerifier [0x7ff68ecbfacc+3a88c]
	chromedriver!GetHandleVerifier [0x7ff68eca3634+1e3f4]
	chromedriver!GetHandleVerifier [0x7ff68eca37e6+1e5a6]
	chromedriver!GetHandleVerifier [0x7ff68ec87e37+2bf7]
	KERNEL32!BaseThreadInitThunk [0x7ffbb89de8d7+17]
	ntdll!RtlUserThreadStart [0x7ffbb9a2c48c+2c]
</status>
</kw>
<status status="FAIL" start="2026-04-14T11:45:06.353418" elapsed="4.116787">NoSuchWindowException: Message: no such window: target window already closed
from unknown error: web view not found
  (Session info: chrome=146.0.7680.178)
Stacktrace:
	chromedriver!GetHandleVerifier [0x7ff68ef729c5+2ed785]
	chromedriver!GetHandleVerifier [0x7ff68ec9a0d0+14e90]
	chromedriver!(No symbol) [0x7ff68e9fdb2d]
	chromedriver!(No symbol) [0x7ff68e9d4322]
	chromedriver!(No symbol) [0x7ff68ea86e86]
	chromedriver!(No symbol) [0x7ff68eaa3482]
	chromedriver!(No symbol) [0x7ff68ea49298]
	chromedriver!(No symbol) [0x7ff68ea4a183]
	chromedriver!GetHandleVerifier [0x7ff68ef9de0d+318bcd]
	chromedriver!GetHandleVerifier [0x7ff68ef98588+313348]
	chromedriver!GetHandleVerifier [0x7ff68efb9d7a+334b3a]
	chromedriver!GetHandleVerifier [0x7ff68ecb6785+31545]
	chromedriver!GetHandleVerifier [0x7ff68ecbfacc+3a88c]
	chromedriver!GetHandleVerifier [0x7ff68eca3634+1e3f4]
	chromedriver!GetHandleVerifier [0x7ff68eca37e6+1e5a6]
	chromedriver!GetHandleVerifier [0x7ff68ec87e37+2bf7]
	KERNEL32!BaseThreadInitThunk [0x7ffbb89de8d7+17]
	ntdll!RtlUserThreadStart [0x7ffbb9a2c48c+2c]
</status>
</kw>
<kw name="Maximize Browser Window" owner="SeleniumLibrary">
<doc>Maximizes current browser window.</doc>
<status status="NOT RUN" start="2026-04-14T11:45:10.470560" elapsed="0.000071"/>
</kw>
<kw name="Set Selenium Implicit Wait" owner="SeleniumLibrary">
<arg>${IMPLICIT_WAIT}</arg>
<doc>Sets the implicit wait value used by Selenium.</doc>
<status status="NOT RUN" start="2026-04-14T11:45:10.470812" elapsed="0.000054"/>
</kw>
<status status="FAIL" start="2026-04-14T11:45:06.353017" elapsed="4.118093">NoSuchWindowException: Message: no such window: target window already closed
from unknown error: web view not found
  (Session info: chrome=146.0.7680.178)
Stacktrace:
	chromedriver!GetHandleVerifier [0x7ff68ef729c5+2ed785]
	chromedriver!GetHandleVerifier [0x7ff68ec9a0d0+14e90]
	chromedriver!(No symbol) [0x7ff68e9fdb2d]
	chromedriver!(No symbol) [0x7ff68e9d4322]
	chromedriver!(No symbol) [0x7ff68ea86e86]
	chromedriver!(No symbol) [0x7ff68eaa3482]
	chromedriver!(No symbol) [0x7ff68ea49298]
	chromedriver!(No symbol) [0x7ff68ea4a183]
	chromedriver!GetHandleVerifier [0x7ff68ef9de0d+318bcd]
	chromedriver!GetHandleVerifier [0x7ff68ef98588+313348]
	chromedriver!GetHandleVerifier [0x7ff68efb9d7a+334b3a]
	chromedriver!GetHandleVerifier [0x7ff68ecb6785+31545]
	chromedriver!GetHandleVerifier [0x7ff68ecbfacc+3a88c]
	chromedriver!GetHandleVerifier [0x7ff68eca3634+1e3f4]
	chromedriver!GetHandleVerifier [0x7ff68eca37e6+1e5a6]
	chromedriver!GetHandleVerifier [0x7ff68ec87e37+2bf7]
	KERNEL32!BaseThreadInitThunk [0x7ffbb89de8d7+17]
	ntdll!RtlUserThreadStart [0x7ffbb9a2c48c+2c]
</status>
</kw>
<kw name="Test Teardown" owner="setupTeardown" type="TEARDOWN">
<kw name="Capture Page Screenshot" owner="SeleniumLibrary">
<msg time="2026-04-14T11:45:10.485400" level="WARN">Keyword 'Capture Page Screenshot' could not be run on failure: Message: no such window: target window already closed
from unknown error: web view not found
  (Session info: chrome=146.0.7680.178)
Stacktrace:
	chromedriver!GetHandleVerifier [0x7ff68ef729c5+2ed785]
	chromedriver!GetHandleVerifier [0x7ff68ec9a0d0+14e90]
	chromedriver!(No symbol) [0x7ff68e9fdb2d]
	chromedriver!(No symbol) [0x7ff68e9d4322]
	chromedriver!(No symbol) [0x7ff68ea86e86]
	chromedriver!(No symbol) [0x7ff68eaa3482]
	chromedriver!(No symbol) [0x7ff68ea49298]
	chromedriver!(No symbol) [0x7ff68ea4a183]
	chromedriver!GetHandleVerifier [0x7ff68ef9de0d+318bcd]
	chromedriver!GetHandleVerifier [0x7ff68ef98588+313348]
	chromedriver!GetHandleVerifier [0x7ff68efb9d7a+334b3a]
	chromedriver!GetHandleVerifier [0x7ff68ecb6785+31545]
	chromedriver!GetHandleVerifier [0x7ff68ecbfacc+3a88c]
	chromedriver!GetHandleVerifier [0x7ff68eca3634+1e3f4]
	chromedriver!GetHandleVerifier [0x7ff68eca37e6+1e5a6]
	chromedriver!GetHandleVerifier [0x7ff68ec87e37+2bf7]
	KERNEL32!BaseThreadInitThunk [0x7ffbb89de8d7+17]
	ntdll!RtlUserThreadStart [0x7ffbb9a2c48c+2c]
</msg>
<msg time="2026-04-14T11:45:10.486757" level="FAIL">NoSuchWindowException: Message: no such window: target window already closed
from unknown error: web view not found
  (Session info: chrome=146.0.7680.178)
Stacktrace:
	chromedriver!GetHandleVerifier [0x7ff68ef729c5+2ed785]
	chromedriver!GetHandleVerifier [0x7ff68ec9a0d0+14e90]
	chromedriver!(No symbol) [0x7ff68e9fdb2d]
	chromedriver!(No symbol) [0x7ff68e9d4322]
	chromedriver!(No symbol) [0x7ff68ea86e86]
	chromedriver!(No symbol) [0x7ff68eaa3482]
	chromedriver!(No symbol) [0x7ff68ea49298]
	chromedriver!(No symbol) [0x7ff68ea4a183]
	chromedriver!GetHandleVerifier [0x7ff68ef9de0d+318bcd]
	chromedriver!GetHandleVerifier [0x7ff68ef98588+313348]
	chromedriver!GetHandleVerifier [0x7ff68efb9d7a+334b3a]
	chromedriver!GetHandleVerifier [0x7ff68ecb6785+31545]
	chromedriver!GetHandleVerifier [0x7ff68ecbfacc+3a88c]
	chromedriver!GetHandleVerifier [0x7ff68eca3634+1e3f4]
	chromedriver!GetHandleVerifier [0x7ff68eca37e6+1e5a6]
	chromedriver!GetHandleVerifier [0x7ff68ec87e37+2bf7]
	KERNEL32!BaseThreadInitThunk [0x7ffbb89de8d7+17]
	ntdll!RtlUserThreadStart [0x7ffbb9a2c48c+2c]
</msg>
<doc>Takes a screenshot of the current page and embeds it into a log file.</doc>
<status status="FAIL" start="2026-04-14T11:45:10.472300" elapsed="0.019796">NoSuchWindowException: Message: no such window: target window already closed
from unknown error: web view not found
  (Session info: chrome=146.0.7680.178)
Stacktrace:
	chromedriver!GetHandleVerifier [0x7ff68ef729c5+2ed785]
	chromedriver!GetHandleVerifier [0x7ff68ec9a0d0+14e90]
	chromedriver!(No symbol) [0x7ff68e9fdb2d]
	chromedriver!(No symbol) [0x7ff68e9d4322]
	chromedriver!(No symbol) [0x7ff68ea86e86]
	chromedriver!(No symbol) [0x7ff68eaa3482]
	chromedriver!(No symbol) [0x7ff68ea49298]
	chromedriver!(No symbol) [0x7ff68ea4a183]
	chromedriver!GetHandleVerifier [0x7ff68ef9de0d+318bcd]
	chromedriver!GetHandleVerifier [0x7ff68ef98588+313348]
	chromedriver!GetHandleVerifier [0x7ff68efb9d7a+334b3a]
	chromedriver!GetHandleVerifier [0x7ff68ecb6785+31545]
	chromedriver!GetHandleVerifier [0x7ff68ecbfacc+3a88c]
	chromedriver!GetHandleVerifier [0x7ff68eca3634+1e3f4]
	chromedriver!GetHandleVerifier [0x7ff68eca37e6+1e5a6]
	chromedriver!GetHandleVerifier [0x7ff68ec87e37+2bf7]
	KERNEL32!BaseThreadInitThunk [0x7ffbb89de8d7+17]
	ntdll!RtlUserThreadStart [0x7ffbb9a2c48c+2c]
</status>
</kw>
<kw name="Close All Browsers" owner="SeleniumLibrary">
<doc>Closes all open browsers and resets the browser cache.</doc>
<status status="PASS" start="2026-04-14T11:45:10.492405" elapsed="2.333916"/>
</kw>
<status status="FAIL" start="2026-04-14T11:45:10.471830" elapsed="2.354796">NoSuchWindowException: Message: no such window: target window already closed
from unknown error: web view not found
  (Session info: chrome=146.0.7680.178)
Stacktrace:
	chromedriver!GetHandleVerifier [0x7ff68ef729c5+2ed785]
	chromedriver!GetHandleVerifier [0x7ff68ec9a0d0+14e90]
	chromedriver!(No symbol) [0x7ff68e9fdb2d]
	chromedriver!(No symbol) [0x7ff68e9d4322]
	chromedriver!(No symbol) [0x7ff68ea86e86]
	chromedriver!(No symbol) [0x7ff68eaa3482]
	chromedriver!(No symbol) [0x7ff68ea49298]
	chromedriver!(No symbol) [0x7ff68ea4a183]
	chromedriver!GetHandleVerifier [0x7ff68ef9de0d+318bcd]
	chromedriver!GetHandleVerifier [0x7ff68ef98588+313348]
	chromedriver!GetHandleVerifier [0x7ff68efb9d7a+334b3a]
	chromedriver!GetHandleVerifier [0x7ff68ecb6785+31545]
	chromedriver!GetHandleVerifier [0x7ff68ecbfacc+3a88c]
	chromedriver!GetHandleVerifier [0x7ff68eca3634+1e3f4]
	chromedriver!GetHandleVerifier [0x7ff68eca37e6+1e5a6]
	chromedriver!GetHandleVerifier [0x7ff68ec87e37+2bf7]
	KERNEL32!BaseThreadInitThunk [0x7ffbb89de8d7+17]
	ntdll!RtlUserThreadStart [0x7ffbb9a2c48c+2c]
</status>
</kw>
<status status="FAIL" start="2026-04-14T11:45:06.352155" elapsed="6.474926">Setup failed:
NoSuchWindowException: Message: no such window: target window already closed
from unknown error: web view not found
  (Session info: chrome=146.0.7680.178)
Stacktrace:
	chromedriver!GetHandleVerifier [0x7ff68ef729c5+2ed785]
	chromedriver!GetHandleVerifier [0x7ff68ec9a0d0+14e90]
	chromedriver!(No symbol) [0x7ff68e9fdb2d]
	chromedriver!(No symbol) [0x7ff68e9d4322]
	chromedriver!(No symbol) [0x7ff68ea86e86]
	chromedriver!(No symbol) [0x7ff68eaa3482]
	chromedriver!(No symbol) [0x7ff68ea49298]
	chromedriver!(No symbol) [0x7ff68ea4a183]
	chromedriver!GetHandleVerifier [0x7ff68ef9de0d+318bcd]
	chromedriver!GetHandleVerifier [0x7ff68ef98588+313348]
	chromedriver!GetHandleVerifier [0x7ff68efb9d7a+334b3a]
	chromedriver!GetHandleVerifier [0x7ff68ecb6785+31545]
	chromedriver!GetHandleVerifier [0x7ff68ecbfacc+3a88c]
	chromedriver!GetHandleVerifier [0x7ff68eca3634+1e3f4]
	chromedriver!GetHandleVerifier [0x7ff68eca37e6+1e5a6]
	chromedriver!GetHandleVerifier [0x7ff68ec87e37+2bf7]
	KERNEL32!BaseThreadInitThunk [0x7ffbb89de8d7+17]
	ntdll!RtlUserThreadStart [0x7ffbb9a2c48c+2c]


Also teardown failed:
NoSuchWindowException: Message: no such window: target window already closed
from unknown error: web view not found
  (Session info: chrome=146.0.7680.178)
Stacktrace:
	chromedriver!GetHandleVerifier [0x7ff68ef729c5+2ed785]
	chromedriver!GetHandleVerifier [0x7ff68ec9a0d0+14e90]
	chromedriver!(No symbol) [0x7ff68e9fdb2d]
	chromedriver!(No symbol) [0x7ff68e9d4322]
	chromedriver!(No symbol) [0x7ff68ea86e86]
	chromedriver!(No symbol) [0x7ff68eaa3482]
	chromedriver!(No symbol) [0x7ff68ea49298]
	chromedriver!(No symbol) [0x7ff68ea4a183]
	chromedriver!GetHandleVerifier [0x7ff68ef9de0d+318bcd]
	chromedriver!GetHandleVerifier [0x7ff68ef98588+313348]
	chromedriver!GetHandleVerifier [0x7ff68efb9d7a+334b3a]
	chromedriver!GetHandleVerifier [0x7ff68ecb6785+31545]
	chromedriver!GetHandleVerifier [0x7ff68ecbfacc+3a88c]
	chromedriver!GetHandleVerifier [0x7ff68eca3634+1e3f4]
	chromedriver!GetHandleVerifier [0x7ff68eca37e6+1e5a6]
	chromedriver!GetHandleVerifier [0x7ff68ec87e37+2bf7]
	KERNEL32!BaseThreadInitThunk [0x7ffbb89de8d7+17]
	ntdll!RtlUserThreadStart [0x7ffbb9a2c48c+2c]
</status>
</test>
<test id="s1-t3" name="Increase Quantity Via Button Plus" line="45">
<kw name="Test Setup" owner="setupTeardown" type="SETUP">
<kw name="Open Browser To Homepage" owner="browser_utils">
<kw name="Open Browser" owner="SeleniumLibrary">
<msg time="2026-04-14T11:45:12.829585" level="INFO">Opening browser 'Chrome' to base url 'https://www.advantageonlineshopping.com'.</msg>
<arg>${URL}</arg>
<arg>${BROWSER}</arg>
<doc>Opens a new browser instance to the optional ``url``.</doc>
<status status="PASS" start="2026-04-14T11:45:12.829355" elapsed="7.653411"/>
</kw>
<kw name="Wait Until Element Is Visible" owner="SeleniumLibrary">
<arg>id=menuCart</arg>
<arg>timeout=15s</arg>
<doc>Waits until the element ``locator`` is visible.</doc>
<status status="PASS" start="2026-04-14T11:45:20.483296" elapsed="0.036934"/>
</kw>
<status status="PASS" start="2026-04-14T11:45:12.829099" elapsed="7.691441"/>
</kw>
<kw name="Maximize Browser Window" owner="SeleniumLibrary">
<doc>Maximizes current browser window.</doc>
<status status="PASS" start="2026-04-14T11:45:20.520867" elapsed="0.035168"/>
</kw>
<kw name="Set Selenium Implicit Wait" owner="SeleniumLibrary">
<arg>${IMPLICIT_WAIT}</arg>
<doc>Sets the implicit wait value used by Selenium.</doc>
<status status="PASS" start="2026-04-14T11:45:20.556402" elapsed="0.001779"/>
</kw>
<status status="PASS" start="2026-04-14T11:45:12.828813" elapsed="7.729499"/>
</kw>
<kw name="Click Category" owner="HomePage">
<kw name="Set Variable If" owner="BuiltIn">
<msg time="2026-04-14T11:45:20.561295" level="INFO">${category_locator} = //div[@id='speakersImg']</msg>
<var>${category_locator}</var>
<arg>'${category_name}' == 'SPEAKERS'</arg>
<arg>${LOC_CATEGORY_SPEAKERS}</arg>
<arg>'${category_name}' == 'LAPTOPS'</arg>
<arg>${LOC_CATEGORY_LAPTOPS}</arg>
<arg>'${category_name}' == 'HEADPHONES'</arg>
<arg>${LOC_CATEGORY_HEADPHONES}</arg>
<arg>${LOC_CATEGORY_SPEAKERS}</arg>
<doc>Sets variable based on the given condition.</doc>
<status status="PASS" start="2026-04-14T11:45:20.559889" elapsed="0.001493"/>
</kw>
<kw name="Wait Until Element Is Visible" owner="SeleniumLibrary">
<arg>${category_locator}</arg>
<arg>timeout=10s</arg>
<doc>Waits until the element ``locator`` is visible.</doc>
<status status="PASS" start="2026-04-14T11:45:20.561748" elapsed="6.086769"/>
</kw>
<kw name="Click Element" owner="SeleniumLibrary">
<msg time="2026-04-14T11:45:26.649925" level="INFO">Clicking element '//div[@id='speakersImg']'.</msg>
<arg>${category_locator}</arg>
<doc>Click the element identified by ``locator``.</doc>
<status status="PASS" start="2026-04-14T11:45:26.649144" elapsed="0.242727"/>
</kw>
<kw name="Sleep" owner="BuiltIn">
<msg time="2026-04-14T11:45:36.893028" level="INFO">Slept 10 seconds.</msg>
<arg>10s</arg>
<doc>Pauses the test executed for the given time.</doc>
<status status="PASS" start="2026-04-14T11:45:26.892143" elapsed="10.001339"/>
</kw>
<arg>${CATEGORY_SPEAKERS}</arg>
<status status="PASS" start="2026-04-14T11:45:20.558961" elapsed="16.335297"/>
</kw>
<kw name="Select Product From Category" owner="HomePage">
<kw name="Set Variable" owner="BuiltIn">
<msg time="2026-04-14T11:45:36.896697" level="INFO">${locator} = xpath=//a[contains(.,'HP Roar Mini Wireless Speaker')]</msg>
<var>${locator}</var>
<arg>xpath=//a[contains(.,'${product_name}')]</arg>
<doc>Returns the given values which can then be assigned to a variables.</doc>
<status status="PASS" start="2026-04-14T11:45:36.896091" elapsed="0.000648"/>
</kw>
<kw name="Wait Until Element Is Visible" owner="SeleniumLibrary">
<arg>${locator}</arg>
<arg>15s</arg>
<doc>Waits until the element ``locator`` is visible.</doc>
<status status="PASS" start="2026-04-14T11:45:36.896930" elapsed="0.034220"/>
</kw>
<kw name="Click Element" owner="SeleniumLibrary">
<msg time="2026-04-14T11:45:36.932006" level="INFO">Clicking element 'xpath=//a[contains(.,'HP Roar Mini Wireless Speaker')]'.</msg>
<arg>${locator}</arg>
<doc>Click the element identified by ``locator``.</doc>
<status status="PASS" start="2026-04-14T11:45:36.931560" elapsed="0.109987"/>
</kw>
<arg>${PRODUCT_1_NAME}</arg>
<status status="PASS" start="2026-04-14T11:45:36.895404" elapsed="0.146559"/>
</kw>
<kw name="Add Product To Cart From Product Page" owner="HomePage">
<kw name="Wait Until Element Is Visible" owner="SeleniumLibrary">
<arg>name=quantity</arg>
<arg>timeout=10s</arg>
<doc>Waits until the element ``locator`` is visible.</doc>
<status status="PASS" start="2026-04-14T11:45:37.044398" elapsed="3.602039"/>
</kw>
<kw name="Input Text" owner="SeleniumLibrary">
<msg time="2026-04-14T11:45:40.647652" level="INFO">Typing text '1' into text field '//input[@name="quantity"]'.</msg>
<arg>${LOC_qt}</arg>
<arg>${quantity}</arg>
<doc>Types the given ``text`` into the text field identified by ``locator``.</doc>
<status status="PASS" start="2026-04-14T11:45:40.647006" elapsed="0.134232"/>
</kw>
<kw name="Click Button" owner="SeleniumLibrary">
<msg time="2026-04-14T11:45:40.781836" level="INFO">Clicking button '//button[@name="save_to_cart"]'.</msg>
<arg>${LOC_ADD}</arg>
<doc>Clicks the button identified by ``locator``.</doc>
<status status="PASS" start="2026-04-14T11:45:40.781539" elapsed="0.187068"/>
</kw>
<kw name="Sleep" owner="BuiltIn">
<msg time="2026-04-14T11:45:42.969615" level="INFO">Slept 2 seconds.</msg>
<arg>2s</arg>
<doc>Pauses the test executed for the given time.</doc>
<status status="PASS" start="2026-04-14T11:45:40.968883" elapsed="2.000908"/>
</kw>
<arg>1</arg>
<status status="PASS" start="2026-04-14T11:45:37.043113" elapsed="5.926836"/>
</kw>
<kw name="Go To Shopping Cart Full Page" owner="ShoppingCartPage">
<kw name="Log" owner="BuiltIn">
<msg time="2026-04-14T11:45:42.971647" level="INFO">Navigation Shopping Cart - Desktop Mode</msg>
<arg>Navigation Shopping Cart - Desktop Mode</arg>
<doc>Logs the given message with the given level.</doc>
<status status="PASS" start="2026-04-14T11:45:42.971245" elapsed="0.000500"/>
</kw>
<kw name="Wait Until Element Is Visible" owner="SeleniumLibrary">
<arg>id=shoppingCartLink</arg>
<arg>10s</arg>
<doc>Waits until the element ``locator`` is visible.</doc>
<status status="PASS" start="2026-04-14T11:45:42.971975" elapsed="0.023002"/>
</kw>
<kw name="Run Keyword And Return Status" owner="BuiltIn">
<kw name="Click Element" owner="SeleniumLibrary">
<msg time="2026-04-14T11:45:42.995856" level="INFO">Clicking element 'id=shoppingCartLink'.</msg>
<arg>id=shoppingCartLink</arg>
<doc>Click the element identified by ``locator``.</doc>
<status status="PASS" start="2026-04-14T11:45:42.995657" elapsed="0.100588"/>
</kw>
<msg time="2026-04-14T11:45:43.096507" level="INFO">${clicked} = True</msg>
<var>${clicked}</var>
<arg>Click Element</arg>
<arg>id=shoppingCartLink</arg>
<doc>Runs the specified keyword and returns the status as a Boolean value.</doc>
<status status="PASS" start="2026-04-14T11:45:42.995237" elapsed="0.101320"/>
</kw>
<if>
<branch type="IF" condition="not ${clicked}">
<kw name="Execute Javascript" owner="SeleniumLibrary">
<arg>document.querySelector('#shoppingCartLink').click();</arg>
<doc>Executes the given JavaScript code with possible arguments.</doc>
<status status="NOT RUN" start="2026-04-14T11:45:43.097191" elapsed="0.000062"/>
</kw>
<status status="NOT RUN" start="2026-04-14T11:45:43.096757" elapsed="0.000563"/>
</branch>
<status status="PASS" start="2026-04-14T11:45:43.096708" elapsed="0.000703"/>
</if>
<kw name="Wait Until Keyword Succeeds" owner="BuiltIn">
<kw name="Location Should Contain" owner="SeleniumLibrary">
<msg time="2026-04-14T11:45:43.107659" level="INFO">Current location contains 'shoppingCart'.</msg>
<arg>shoppingCart</arg>
<doc>Verifies that the current URL contains ``expected``.</doc>
<status status="PASS" start="2026-04-14T11:45:43.098530" elapsed="0.009310"/>
</kw>
<arg>15x</arg>
<arg>1s</arg>
<arg>Location Should Contain</arg>
<arg>shoppingCart</arg>
<doc>Runs the specified keyword and retries if it fails.</doc>
<status status="PASS" start="2026-04-14T11:45:43.097579" elapsed="0.010408"/>
</kw>
<status status="PASS" start="2026-04-14T11:45:42.970782" elapsed="0.137334"/>
</kw>
<kw name="Evaluate" owner="BuiltIn">
<msg time="2026-04-14T11:45:43.109160" level="INFO">${clicks} = 2</msg>
<var>${clicks}</var>
<arg>int(${VALID_QTY_BTN_PLUS}) - 1</arg>
<doc>Evaluates the given expression in Python and returns the result.</doc>
<status status="PASS" start="2026-04-14T11:45:43.108551" elapsed="0.000660"/>
</kw>
<for flavor="IN RANGE">
<iter>
<kw name="Click Increase Button In Shopping Cart" owner="ShoppingCartPage">
<kw name="Wait Until Element Is Visible" owner="SeleniumLibrary">
<arg>xpath=//table[@class='fixedTableEdgeCompatibility']</arg>
<arg>timeout=10s</arg>
<doc>Waits until the element ``locator`` is visible.</doc>
<status status="PASS" start="2026-04-14T11:45:43.111080" elapsed="0.169352"/>
</kw>
<kw name="Execute Javascript" owner="SeleniumLibrary">
<msg time="2026-04-14T11:45:43.281243" level="INFO">Executing JavaScript:
var row = document.querySelector('table.fixedTableEdgeCompatibility tbody tr');if (row) { row.dispatchEvent(new MouseEvent('mouseover', {bubbles: true, cancelable: true})); }
Without any arguments.</msg>
<arg>var row = document.querySelector('table.fixedTableEdgeCompatibility tbody tr');</arg>
<arg>if (row) { row.dispatchEvent(new MouseEvent('mouseover', {bubbles: true, cancelable: true})); }</arg>
<doc>Executes the given JavaScript code with possible arguments.</doc>
<status status="PASS" start="2026-04-14T11:45:43.280702" elapsed="0.006907"/>
</kw>
<kw name="Sleep" owner="BuiltIn">
<msg time="2026-04-14T11:45:44.288651" level="INFO">Slept 1 second.</msg>
<arg>1s</arg>
<doc>Pauses the test executed for the given time.</doc>
<status status="PASS" start="2026-04-14T11:45:43.287926" elapsed="1.000918"/>
</kw>
<kw name="Run Keyword And Return Status" owner="BuiltIn">
<kw name="Wait Until Element Is Visible" owner="SeleniumLibrary">
<msg time="2026-04-14T11:45:54.635808" level="INFO" html="true">&lt;/td&gt;&lt;/tr&gt;&lt;tr&gt;&lt;td colspan="3"&gt;&lt;a href="selenium-screenshot-85.png"&gt;&lt;img src="selenium-screenshot-85.png" width="800px"&gt;&lt;/a&gt;</msg>
<msg time="2026-04-14T11:45:54.636080" level="FAIL">Element 'xpath=//div[@class='plus']' not visible after 5 seconds.</msg>
<arg>xpath=//div[@class='plus']</arg>
<arg>timeout=5s</arg>
<doc>Waits until the element ``locator`` is visible.</doc>
<status status="FAIL" start="2026-04-14T11:45:44.289763" elapsed="10.347728">Element 'xpath=//div[@class='plus']' not visible after 5 seconds.</status>
</kw>
<msg time="2026-04-14T11:45:54.637746" level="INFO">${visible} = False</msg>
<var>${visible}</var>
<arg>Wait Until Element Is Visible</arg>
<arg>xpath=//div[@class='plus']</arg>
<arg>timeout=5s</arg>
<doc>Runs the specified keyword and returns the status as a Boolean value.</doc>
<status status="PASS" start="2026-04-14T11:45:44.289167" elapsed="10.348617"/>
</kw>
<if>
<branch type="IF" condition="not ${visible}">
<kw name="Execute Javascript" owner="SeleniumLibrary">
<msg time="2026-04-14T11:45:54.638858" level="INFO">Executing JavaScript:
document.querySelector('.plus').click()
Without any arguments.</msg>
<msg time="2026-04-14T11:45:54.758841" level="INFO" html="true">&lt;/td&gt;&lt;/tr&gt;&lt;tr&gt;&lt;td colspan="3"&gt;&lt;a href="selenium-screenshot-86.png"&gt;&lt;img src="selenium-screenshot-86.png" width="800px"&gt;&lt;/a&gt;</msg>
<msg time="2026-04-14T11:45:54.759208" level="FAIL">JavascriptException: Message: javascript error: Cannot read properties of null (reading 'click')
  (Session info: chrome=146.0.7680.178)
Stacktrace:
	chromedriver!GetHandleVerifier [0x7ff68ef729c5+2ed785]
	chromedriver!GetHandleVerifier [0x7ff68ec9a0d0+14e90]
	chromedriver!(No symbol) [0x7ff68e9fdb2d]
	chromedriver!(No symbol) [0x7ff68ea05ab1]
	chromedriver!(No symbol) [0x7ff68ea08f5f]
	chromedriver!(No symbol) [0x7ff68eaa4f41]
	chromedriver!(No symbol) [0x7ff68ea7ff8a]
	chromedriver!(No symbol) [0x7ff68eaa3b9b]
	chromedriver!(No symbol) [0x7ff68ea49298]
	chromedriver!(No symbol) [0x7ff68ea4a183]
	chromedriver!GetHandleVerifier [0x7ff68ef9de0d+318bcd]
	chromedriver!GetHandleVerifier [0x7ff68ef98588+313348]
	chromedriver!GetHandleVerifier [0x7ff68efb9d7a+334b3a]
	chromedriver!GetHandleVerifier [0x7ff68ecb6785+31545]
	chromedriver!GetHandleVerifier [0x7ff68ecbfacc+3a88c]
	chromedriver!GetHandleVerifier [0x7ff68eca3634+1e3f4]
	chromedriver!GetHandleVerifier [0x7ff68eca37e6+1e5a6]
	chromedriver!GetHandleVerifier [0x7ff68ec87e37+2bf7]
	KERNEL32!BaseThreadInitThunk [0x7ffbb89de8d7+17]
	ntdll!RtlUserThreadStart [0x7ffbb9a2c48c+2c]
</msg>
<arg>document.querySelector('.plus').click()</arg>
<doc>Executes the given JavaScript code with possible arguments.</doc>
<status status="FAIL" start="2026-04-14T11:45:54.638368" elapsed="0.123084">JavascriptException: Message: javascript error: Cannot read properties of null (reading 'click')
  (Session info: chrome=146.0.7680.178)
Stacktrace:
	chromedriver!GetHandleVerifier [0x7ff68ef729c5+2ed785]
	chromedriver!GetHandleVerifier [0x7ff68ec9a0d0+14e90]
	chromedriver!(No symbol) [0x7ff68e9fdb2d]
	chromedriver!(No symbol) [0x7ff68ea05ab1]
	chromedriver!(No symbol) [0x7ff68ea08f5f]
	chromedriver!(No symbol) [0x7ff68eaa4f41]
	chromedriver!(No symbol) [0x7ff68ea7ff8a]
	chromedriver!(No symbol) [0x7ff68eaa3b9b]
	chromedriver!(No symbol) [0x7ff68ea49298]
	chromedriver!(No symbol) [0x7ff68ea4a183]
	chromedriver!GetHandleVerifier [0x7ff68ef9de0d+318bcd]
	chromedriver!GetHandleVerifier [0x7ff68ef98588+313348]
	chromedriver!GetHandleVerifier [0x7ff68efb9d7a+334b3a]
	chromedriver!GetHandleVerifier [0x7ff68ecb6785+31545]
	chromedriver!GetHandleVerifier [0x7ff68ecbfacc+3a88c]
	chromedriver!GetHandleVerifier [0x7ff68eca3634+1e3f4]
	chromedriver!GetHandleVerifier [0x7ff68eca37e6+1e5a6]
	chromedriver!GetHandleVerifier [0x7ff68ec87e37+2bf7]
	KERNEL32!BaseThreadInitThunk [0x7ffbb89de8d7+17]
	ntdll!RtlUserThreadStart [0x7ffbb9a2c48c+2c]
</status>
</kw>
<status status="FAIL" start="2026-04-14T11:45:54.637975" elapsed="0.123731">JavascriptException: Message: javascript error: Cannot read properties of null (reading 'click')
  (Session info: chrome=146.0.7680.178)
Stacktrace:
	chromedriver!GetHandleVerifier [0x7ff68ef729c5+2ed785]
	chromedriver!GetHandleVerifier [0x7ff68ec9a0d0+14e90]
	chromedriver!(No symbol) [0x7ff68e9fdb2d]
	chromedriver!(No symbol) [0x7ff68ea05ab1]
	chromedriver!(No symbol) [0x7ff68ea08f5f]
	chromedriver!(No symbol) [0x7ff68eaa4f41]
	chromedriver!(No symbol) [0x7ff68ea7ff8a]
	chromedriver!(No symbol) [0x7ff68eaa3b9b]
	chromedriver!(No symbol) [0x7ff68ea49298]
	chromedriver!(No symbol) [0x7ff68ea4a183]
	chromedriver!GetHandleVerifier [0x7ff68ef9de0d+318bcd]
	chromedriver!GetHandleVerifier [0x7ff68ef98588+313348]
	chromedriver!GetHandleVerifier [0x7ff68efb9d7a+334b3a]
	chromedriver!GetHandleVerifier [0x7ff68ecb6785+31545]
	chromedriver!GetHandleVerifier [0x7ff68ecbfacc+3a88c]
	chromedriver!GetHandleVerifier [0x7ff68eca3634+1e3f4]
	chromedriver!GetHandleVerifier [0x7ff68eca37e6+1e5a6]
	chromedriver!GetHandleVerifier [0x7ff68ec87e37+2bf7]
	KERNEL32!BaseThreadInitThunk [0x7ffbb89de8d7+17]
	ntdll!RtlUserThreadStart [0x7ffbb9a2c48c+2c]
</status>
</branch>
<branch type="ELSE">
<kw name="Click Element" owner="SeleniumLibrary">
<arg>xpath=//div[@class='plus']</arg>
<doc>Click the element identified by ``locator``.</doc>
<status status="NOT RUN" start="2026-04-14T11:45:54.762194" elapsed="0.000063"/>
</kw>
<status status="NOT RUN" start="2026-04-14T11:45:54.761858" elapsed="0.000470"/>
</branch>
<status status="FAIL" start="2026-04-14T11:45:54.637926" elapsed="0.124463">JavascriptException: Message: javascript error: Cannot read properties of null (reading 'click')
  (Session info: chrome=146.0.7680.178)
Stacktrace:
	chromedriver!GetHandleVerifier [0x7ff68ef729c5+2ed785]
	chromedriver!GetHandleVerifier [0x7ff68ec9a0d0+14e90]
	chromedriver!(No symbol) [0x7ff68e9fdb2d]
	chromedriver!(No symbol) [0x7ff68ea05ab1]
	chromedriver!(No symbol) [0x7ff68ea08f5f]
	chromedriver!(No symbol) [0x7ff68eaa4f41]
	chromedriver!(No symbol) [0x7ff68ea7ff8a]
	chromedriver!(No symbol) [0x7ff68eaa3b9b]
	chromedriver!(No symbol) [0x7ff68ea49298]
	chromedriver!(No symbol) [0x7ff68ea4a183]
	chromedriver!GetHandleVerifier [0x7ff68ef9de0d+318bcd]
	chromedriver!GetHandleVerifier [0x7ff68ef98588+313348]
	chromedriver!GetHandleVerifier [0x7ff68efb9d7a+334b3a]
	chromedriver!GetHandleVerifier [0x7ff68ecb6785+31545]
	chromedriver!GetHandleVerifier [0x7ff68ecbfacc+3a88c]
	chromedriver!GetHandleVerifier [0x7ff68eca3634+1e3f4]
	chromedriver!GetHandleVerifier [0x7ff68eca37e6+1e5a6]
	chromedriver!GetHandleVerifier [0x7ff68ec87e37+2bf7]
	KERNEL32!BaseThreadInitThunk [0x7ffbb89de8d7+17]
	ntdll!RtlUserThreadStart [0x7ffbb9a2c48c+2c]
</status>
</if>
<kw name="Sleep" owner="BuiltIn">
<arg>2s</arg>
<doc>Pauses the test executed for the given time.</doc>
<status status="NOT RUN" start="2026-04-14T11:45:54.762614" elapsed="0.000039"/>
</kw>
<status status="FAIL" start="2026-04-14T11:45:43.110568" elapsed="11.652230">JavascriptException: Message: javascript error: Cannot read properties of null (reading 'click')
  (Session info: chrome=146.0.7680.178)
Stacktrace:
	chromedriver!GetHandleVerifier [0x7ff68ef729c5+2ed785]
	chromedriver!GetHandleVerifier [0x7ff68ec9a0d0+14e90]
	chromedriver!(No symbol) [0x7ff68e9fdb2d]
	chromedriver!(No symbol) [0x7ff68ea05ab1]
	chromedriver!(No symbol) [0x7ff68ea08f5f]
	chromedriver!(No symbol) [0x7ff68eaa4f41]
	chromedriver!(No symbol) [0x7ff68ea7ff8a]
	chromedriver!(No symbol) [0x7ff68eaa3b9b]
	chromedriver!(No symbol) [0x7ff68ea49298]
	chromedriver!(No symbol) [0x7ff68ea4a183]
	chromedriver!GetHandleVerifier [0x7ff68ef9de0d+318bcd]
	chromedriver!GetHandleVerifier [0x7ff68ef98588+313348]
	chromedriver!GetHandleVerifier [0x7ff68efb9d7a+334b3a]
	chromedriver!GetHandleVerifier [0x7ff68ecb6785+31545]
	chromedriver!GetHandleVerifier [0x7ff68ecbfacc+3a88c]
	chromedriver!GetHandleVerifier [0x7ff68eca3634+1e3f4]
	chromedriver!GetHandleVerifier [0x7ff68eca37e6+1e5a6]
	chromedriver!GetHandleVerifier [0x7ff68ec87e37+2bf7]
	KERNEL32!BaseThreadInitThunk [0x7ffbb89de8d7+17]
	ntdll!RtlUserThreadStart [0x7ffbb9a2c48c+2c]
</status>
</kw>
<kw name="Go To Shopping Cart Full Page" owner="ShoppingCartPage">
<status status="NOT RUN" start="2026-04-14T11:45:54.763119" elapsed="0.000040"/>
</kw>
<var name="${i}">0</var>
<status status="FAIL" start="2026-04-14T11:45:43.109928" elapsed="11.653291">JavascriptException: Message: javascript error: Cannot read properties of null (reading 'click')
  (Session info: chrome=146.0.7680.178)
Stacktrace:
	chromedriver!GetHandleVerifier [0x7ff68ef729c5+2ed785]
	chromedriver!GetHandleVerifier [0x7ff68ec9a0d0+14e90]
	chromedriver!(No symbol) [0x7ff68e9fdb2d]
	chromedriver!(No symbol) [0x7ff68ea05ab1]
	chromedriver!(No symbol) [0x7ff68ea08f5f]
	chromedriver!(No symbol) [0x7ff68eaa4f41]
	chromedriver!(No symbol) [0x7ff68ea7ff8a]
	chromedriver!(No symbol) [0x7ff68eaa3b9b]
	chromedriver!(No symbol) [0x7ff68ea49298]
	chromedriver!(No symbol) [0x7ff68ea4a183]
	chromedriver!GetHandleVerifier [0x7ff68ef9de0d+318bcd]
	chromedriver!GetHandleVerifier [0x7ff68ef98588+313348]
	chromedriver!GetHandleVerifier [0x7ff68efb9d7a+334b3a]
	chromedriver!GetHandleVerifier [0x7ff68ecb6785+31545]
	chromedriver!GetHandleVerifier [0x7ff68ecbfacc+3a88c]
	chromedriver!GetHandleVerifier [0x7ff68eca3634+1e3f4]
	chromedriver!GetHandleVerifier [0x7ff68eca37e6+1e5a6]
	chromedriver!GetHandleVerifier [0x7ff68ec87e37+2bf7]
	KERNEL32!BaseThreadInitThunk [0x7ffbb89de8d7+17]
	ntdll!RtlUserThreadStart [0x7ffbb9a2c48c+2c]
</status>
</iter>
<var>${i}</var>
<value>${clicks}</value>
<status status="FAIL" start="2026-04-14T11:45:43.109498" elapsed="11.653843">JavascriptException: Message: javascript error: Cannot read properties of null (reading 'click')
  (Session info: chrome=146.0.7680.178)
Stacktrace:
	chromedriver!GetHandleVerifier [0x7ff68ef729c5+2ed785]
	chromedriver!GetHandleVerifier [0x7ff68ec9a0d0+14e90]
	chromedriver!(No symbol) [0x7ff68e9fdb2d]
	chromedriver!(No symbol) [0x7ff68ea05ab1]
	chromedriver!(No symbol) [0x7ff68ea08f5f]
	chromedriver!(No symbol) [0x7ff68eaa4f41]
	chromedriver!(No symbol) [0x7ff68ea7ff8a]
	chromedriver!(No symbol) [0x7ff68eaa3b9b]
	chromedriver!(No symbol) [0x7ff68ea49298]
	chromedriver!(No symbol) [0x7ff68ea4a183]
	chromedriver!GetHandleVerifier [0x7ff68ef9de0d+318bcd]
	chromedriver!GetHandleVerifier [0x7ff68ef98588+313348]
	chromedriver!GetHandleVerifier [0x7ff68efb9d7a+334b3a]
	chromedriver!GetHandleVerifier [0x7ff68ecb6785+31545]
	chromedriver!GetHandleVerifier [0x7ff68ecbfacc+3a88c]
	chromedriver!GetHandleVerifier [0x7ff68eca3634+1e3f4]
	chromedriver!GetHandleVerifier [0x7ff68eca37e6+1e5a6]
	chromedriver!GetHandleVerifier [0x7ff68ec87e37+2bf7]
	KERNEL32!BaseThreadInitThunk [0x7ffbb89de8d7+17]
	ntdll!RtlUserThreadStart [0x7ffbb9a2c48c+2c]
</status>
</for>
<kw name="Get Product Quantity" owner="ShoppingCartPage">
<var>${q}</var>
<status status="NOT RUN" start="2026-04-14T11:45:54.764458" elapsed="0.000122"/>
</kw>
<kw name="Should Be Equal As Strings" owner="BuiltIn">
<arg>${q}</arg>
<arg>${VALID_QTY_BTN_PLUS}</arg>
<doc>Fails if objects are unequal after converting them to strings.</doc>
<status status="NOT RUN" start="2026-04-14T11:45:54.765035" elapsed="0.000045"/>
</kw>
<kw name="Should Be Equal As Strings" owner="BuiltIn">
<arg>${q}</arg>
<arg>${VALID_QTY_BTN_PLUS}</arg>
<doc>Fails if objects are unequal after converting them to strings.</doc>
<status status="NOT RUN" start="2026-04-14T11:45:54.765531" elapsed="0.000047"/>
</kw>
<kw name="Test Teardown" owner="setupTeardown" type="TEARDOWN">
<kw name="Capture Page Screenshot" owner="SeleniumLibrary">
<msg time="2026-04-14T11:45:54.904408" level="INFO" html="true">&lt;/td&gt;&lt;/tr&gt;&lt;tr&gt;&lt;td colspan="3"&gt;&lt;a href="selenium-screenshot-87.png"&gt;&lt;img src="selenium-screenshot-87.png" width="800px"&gt;&lt;/a&gt;</msg>
<doc>Takes a screenshot of the current page and embeds it into a log file.</doc>
<status status="PASS" start="2026-04-14T11:45:54.766329" elapsed="0.138337"/>
</kw>
<kw name="Close All Browsers" owner="SeleniumLibrary">
<doc>Closes all open browsers and resets the browser cache.</doc>
<status status="PASS" start="2026-04-14T11:45:54.905032" elapsed="2.685668"/>
</kw>
<status status="PASS" start="2026-04-14T11:45:54.765987" elapsed="2.824958"/>
</kw>
<status status="FAIL" start="2026-04-14T11:45:12.828313" elapsed="44.762939">JavascriptException: Message: javascript error: Cannot read properties of null (reading 'click')
  (Session info: chrome=146.0.7680.178)
Stacktrace:
	chromedriver!GetHandleVerifier [0x7ff68ef729c5+2ed785]
	chromedriver!GetHandleVerifier [0x7ff68ec9a0d0+14e90]
	chromedriver!(No symbol) [0x7ff68e9fdb2d]
	chromedriver!(No symbol) [0x7ff68ea05ab1]
	chromedriver!(No symbol) [0x7ff68ea08f5f]
	chromedriver!(No symbol) [0x7ff68eaa4f41]
	chromedriver!(No symbol) [0x7ff68ea7ff8a]
	chromedriver!(No symbol) [0x7ff68eaa3b9b]
	chromedriver!(No symbol) [0x7ff68ea49298]
	chromedriver!(No symbol) [0x7ff68ea4a183]
	chromedriver!GetHandleVerifier [0x7ff68ef9de0d+318bcd]
	chromedriver!GetHandleVerifier [0x7ff68ef98588+313348]
	chromedriver!GetHandleVerifier [0x7ff68efb9d7a+334b3a]
	chromedriver!GetHandleVerifier [0x7ff68ecb6785+31545]
	chromedriver!GetHandleVerifier [0x7ff68ecbfacc+3a88c]
	chromedriver!GetHandleVerifier [0x7ff68eca3634+1e3f4]
	chromedriver!GetHandleVerifier [0x7ff68eca37e6+1e5a6]
	chromedriver!GetHandleVerifier [0x7ff68ec87e37+2bf7]
	KERNEL32!BaseThreadInitThunk [0x7ffbb89de8d7+17]
	ntdll!RtlUserThreadStart [0x7ffbb9a2c48c+2c]
</status>
</test>
<test id="s1-t4" name="Increase Quantity With Negative Value" line="59">
<kw name="Test Setup" owner="setupTeardown" type="SETUP">
<kw name="Open Browser To Homepage" owner="browser_utils">
<kw name="Open Browser" owner="SeleniumLibrary">
<msg time="2026-04-14T11:45:57.593701" level="INFO">Opening browser 'Chrome' to base url 'https://www.advantageonlineshopping.com'.</msg>
<arg>${URL}</arg>
<arg>${BROWSER}</arg>
<doc>Opens a new browser instance to the optional ``url``.</doc>
<status status="PASS" start="2026-04-14T11:45:57.593442" elapsed="4.281079"/>
</kw>
<kw name="Wait Until Element Is Visible" owner="SeleniumLibrary">
<arg>id=menuCart</arg>
<arg>timeout=15s</arg>
<doc>Waits until the element ``locator`` is visible.</doc>
<status status="PASS" start="2026-04-14T11:46:01.874852" elapsed="0.043097"/>
</kw>
<status status="PASS" start="2026-04-14T11:45:57.593197" elapsed="4.324937"/>
</kw>
<kw name="Maximize Browser Window" owner="SeleniumLibrary">
<doc>Maximizes current browser window.</doc>
<status status="PASS" start="2026-04-14T11:46:01.918349" elapsed="0.033460"/>
</kw>
<kw name="Set Selenium Implicit Wait" owner="SeleniumLibrary">
<arg>${IMPLICIT_WAIT}</arg>
<doc>Sets the implicit wait value used by Selenium.</doc>
<status status="PASS" start="2026-04-14T11:46:01.952230" elapsed="0.002092"/>
</kw>
<status status="PASS" start="2026-04-14T11:45:57.592823" elapsed="4.361643"/>
</kw>
<kw name="Click Category" owner="HomePage">
<kw name="Set Variable If" owner="BuiltIn">
<msg time="2026-04-14T11:46:01.956319" level="INFO">${category_locator} = //div[@id='speakersImg']</msg>
<var>${category_locator}</var>
<arg>'${category_name}' == 'SPEAKERS'</arg>
<arg>${LOC_CATEGORY_SPEAKERS}</arg>
<arg>'${category_name}' == 'LAPTOPS'</arg>
<arg>${LOC_CATEGORY_LAPTOPS}</arg>
<arg>'${category_name}' == 'HEADPHONES'</arg>
<arg>${LOC_CATEGORY_HEADPHONES}</arg>
<arg>${LOC_CATEGORY_SPEAKERS}</arg>
<doc>Sets variable based on the given condition.</doc>
<status status="PASS" start="2026-04-14T11:46:01.955528" elapsed="0.000934"/>
</kw>
<kw name="Wait Until Element Is Visible" owner="SeleniumLibrary">
<msg time="2026-04-14T11:46:04.690633" level="WARN">Keyword 'Capture Page Screenshot' could not be run on failure: Message: invalid session id; For documentation on this error, please visit: https://www.selenium.dev/documentation/webdriver/troubleshooting/errors#invalidsessionidexception
Stacktrace:
	chromedriver!GetHandleVerifier [0x7ff68ef729c5+2ed785]
	chromedriver!GetHandleVerifier [0x7ff68ec9a0d0+14e90]
	chromedriver!(No symbol) [0x7ff68e9fd916]
	chromedriver!(No symbol) [0x7ff68ea48313]
	chromedriver!(No symbol) [0x7ff68ea7fe92]
	chromedriver!(No symbol) [0x7ff68ea7a011]
	chromedriver!(No symbol) [0x7ff68ea792c3]
	chromedriver!(No symbol) [0x7ff68e9c6565]
	chromedriver!GetHandleVerifier [0x7ff68ef9de0d+318bcd]
	chromedriver!GetHandleVerifier [0x7ff68ef98588+313348]
	chromedriver!GetHandleVerifier [0x7ff68efb9d7a+334b3a]
	chromedriver!GetHandleVerifier [0x7ff68ecb6785+31545]
	chromedriver!GetHandleVerifier [0x7ff68ecbfacc+3a88c]
	chromedriver!(No symbol) [0x7ff68e9c532a]
	chromedriver!GetHandleVerifier [0x7ff68f0f4b48+46f908]
	KERNEL32!BaseThreadInitThunk [0x7ffbb89de8d7+17]
	ntdll!RtlUserThreadStart [0x7ffbb9a2c48c+2c]
</msg>
<msg time="2026-04-14T11:46:04.691470" level="FAIL">InvalidSessionIdException: Message: invalid session id: session deleted as the browser has closed the connection
from disconnected: unable to send message to renderer
  (Session info: chrome=146.0.7680.178); For documentation on this error, please visit: https://www.selenium.dev/documentation/webdriver/troubleshooting/errors#invalidsessionidexception
Stacktrace:
	chromedriver!GetHandleVerifier [0x7ff68ef729c5+2ed785]
	chromedriver!GetHandleVerifier [0x7ff68ec9a0d0+14e90]
	chromedriver!(No symbol) [0x7ff68e9fdb2d]
	chromedriver!(No symbol) [0x7ff68e9e92f0]
	chromedriver!(No symbol) [0x7ff68e9e924c]
	chromedriver!(No symbol) [0x7ff68e9e7ac3]
	chromedriver!(No symbol) [0x7ff68e9e865f]
	chromedriver!(No symbol) [0x7ff68ea03436]
	chromedriver!(No symbol) [0x7ff68ea03f7b]
	chromedriver!(No symbol) [0x7ff68ea08bc5]
	chromedriver!(No symbol) [0x7ff68ea08c8f]
	chromedriver!(No symbol) [0x7ff68ea5631e]
	chromedriver!(No symbol) [0x7ff68ea56eac]
	chromedriver!(No symbol) [0x7ff68eaa7017]
	chromedriver!(No symbol) [0x7ff68eaa3b9b]
	chromedriver!(No symbol) [0x7ff68ea49298]
	chromedriver!(No symbol) [0x7ff68ea4a183]
	chromedriver!GetHandleVerifier [0x7ff68ef9de0d+318bcd]
	chromedriver!GetHandleVerifier [0x7ff68ef98588+313348]
	chromedriver!GetHandleVerifier [0x7ff68efb9d7a+334b3a]
	chromedriver!GetHandleVerifier [0x7ff68ecb6785+31545]
	chromedriver!GetHandleVerifier [0x7ff68ecbfacc+3a88c]
	chromedriver!GetHandleVerifier [0x7ff68eca3634+1e3f4]
	chromedriver!GetHandleVerifier [0x7ff68eca37e6+1e5a6]
	chromedriver!GetHandleVerifier [0x7ff68ec87e37+2bf7]
	KERNEL32!BaseThreadInitThunk [0x7ffbb89de8d7+17]
	ntdll!RtlUserThreadStart [0x7ffbb9a2c48c+2c]
</msg>
<arg>${category_locator}</arg>
<arg>timeout=10s</arg>
<doc>Waits until the element ``locator`` is visible.</doc>
<status status="FAIL" start="2026-04-14T11:46:01.956798" elapsed="2.737142">InvalidSessionIdException: Message: invalid session id: session deleted as the browser has closed the connection
from disconnected: unable to send message to renderer
  (Session info: chrome=146.0.7680.178); For documentation on this error, please visit: https://www.selenium.dev/documentation/webdriver/troubleshooting/errors#invalidsessionidexception
Stacktrace:
	chromedriver!GetHandleVerifier [0x7ff68ef729c5+2ed785]
	chromedriver!GetHandleVerifier [0x7ff68ec9a0d0+14e90]
	chromedriver!(No symbol) [0x7ff68e9fdb2d]
	chromedriver!(No symbol) [0x7ff68e9e92f0]
	chromedriver!(No symbol) [0x7ff68e9e924c]
	chromedriver!(No symbol) [0x7ff68e9e7ac3]
	chromedriver!(No symbol) [0x7ff68e9e865f]
	chromedriver!(No symbol) [0x7ff68ea03436]
	chromedriver!(No symbol) [0x7ff68ea03f7b]
	chromedriver!(No symbol) [0x7ff68ea08bc5]
	chromedriver!(No symbol) [0x7ff68ea08c8f]
	chromedriver!(No symbol) [0x7ff68ea5631e]
	chromedriver!(No symbol) [0x7ff68ea56eac]
	chromedriver!(No symbol) [0x7ff68eaa7017]
	chromedriver!(No symbol) [0x7ff68eaa3b9b]
	chromedriver!(No symbol) [0x7ff68ea49298]
	chromedriver!(No symbol) [0x7ff68ea4a183]
	chromedriver!GetHandleVerifier [0x7ff68ef9de0d+318bcd]
	chromedriver!GetHandleVerifier [0x7ff68ef98588+313348]
	chromedriver!GetHandleVerifier [0x7ff68efb9d7a+334b3a]
	chromedriver!GetHandleVerifier [0x7ff68ecb6785+31545]
	chromedriver!GetHandleVerifier [0x7ff68ecbfacc+3a88c]
	chromedriver!GetHandleVerifier [0x7ff68eca3634+1e3f4]
	chromedriver!GetHandleVerifier [0x7ff68eca37e6+1e5a6]
	chromedriver!GetHandleVerifier [0x7ff68ec87e37+2bf7]
	KERNEL32!BaseThreadInitThunk [0x7ffbb89de8d7+17]
	ntdll!RtlUserThreadStart [0x7ffbb9a2c48c+2c]
</status>
</kw>
<kw name="Click Element" owner="SeleniumLibrary">
<arg>${category_locator}</arg>
<doc>Click the element identified by ``locator``.</doc>
<status status="NOT RUN" start="2026-04-14T11:46:04.694289" elapsed="0.000050"/>
</kw>
<kw name="Sleep" owner="BuiltIn">
<arg>10s</arg>
<doc>Pauses the test executed for the given time.</doc>
<status status="NOT RUN" start="2026-04-14T11:46:04.694463" elapsed="0.000029"/>
</kw>
<arg>${CATEGORY_SPEAKERS}</arg>
<status status="FAIL" start="2026-04-14T11:46:01.954972" elapsed="2.739662">InvalidSessionIdException: Message: invalid session id: session deleted as the browser has closed the connection
from disconnected: unable to send message to renderer
  (Session info: chrome=146.0.7680.178); For documentation on this error, please visit: https://www.selenium.dev/documentation/webdriver/troubleshooting/errors#invalidsessionidexception
Stacktrace:
	chromedriver!GetHandleVerifier [0x7ff68ef729c5+2ed785]
	chromedriver!GetHandleVerifier [0x7ff68ec9a0d0+14e90]
	chromedriver!(No symbol) [0x7ff68e9fdb2d]
	chromedriver!(No symbol) [0x7ff68e9e92f0]
	chromedriver!(No symbol) [0x7ff68e9e924c]
	chromedriver!(No symbol) [0x7ff68e9e7ac3]
	chromedriver!(No symbol) [0x7ff68e9e865f]
	chromedriver!(No symbol) [0x7ff68ea03436]
	chromedriver!(No symbol) [0x7ff68ea03f7b]
	chromedriver!(No symbol) [0x7ff68ea08bc5]
	chromedriver!(No symbol) [0x7ff68ea08c8f]
	chromedriver!(No symbol) [0x7ff68ea5631e]
	chromedriver!(No symbol) [0x7ff68ea56eac]
	chromedriver!(No symbol) [0x7ff68eaa7017]
	chromedriver!(No symbol) [0x7ff68eaa3b9b]
	chromedriver!(No symbol) [0x7ff68ea49298]
	chromedriver!(No symbol) [0x7ff68ea4a183]
	chromedriver!GetHandleVerifier [0x7ff68ef9de0d+318bcd]
	chromedriver!GetHandleVerifier [0x7ff68ef98588+313348]
	chromedriver!GetHandleVerifier [0x7ff68efb9d7a+334b3a]
	chromedriver!GetHandleVerifier [0x7ff68ecb6785+31545]
	chromedriver!GetHandleVerifier [0x7ff68ecbfacc+3a88c]
	chromedriver!GetHandleVerifier [0x7ff68eca3634+1e3f4]
	chromedriver!GetHandleVerifier [0x7ff68eca37e6+1e5a6]
	chromedriver!GetHandleVerifier [0x7ff68ec87e37+2bf7]
	KERNEL32!BaseThreadInitThunk [0x7ffbb89de8d7+17]
	ntdll!RtlUserThreadStart [0x7ffbb9a2c48c+2c]
</status>
</kw>
<kw name="Select Product From Category" owner="HomePage">
<arg>${PRODUCT_1_NAME}</arg>
<status status="NOT RUN" start="2026-04-14T11:46:04.695005" elapsed="0.000040"/>
</kw>
<kw name="Add Product To Cart From Product Page" owner="HomePage">
<arg>1</arg>
<status status="NOT RUN" start="2026-04-14T11:46:04.695274" elapsed="0.000034"/>
</kw>
<kw name="Go To Shopping Cart Full Page" owner="ShoppingCartPage">
<status status="NOT RUN" start="2026-04-14T11:46:04.695630" elapsed="0.000038"/>
</kw>
<kw name="Click Edit From Shopping Cart" owner="ShoppingCartPage">
<arg>${PRODUCT_1_NAME}</arg>
<status status="NOT RUN" start="2026-04-14T11:46:04.696102" elapsed="0.000080"/>
</kw>
<kw name="Update Quantity In champ" owner="ShoppingCartPage">
<arg>${INVALID_QTY_NEGATIVE}</arg>
<status status="NOT RUN" start="2026-04-14T11:46:04.696582" elapsed="0.000055"/>
</kw>
<kw name="Click Add To Cart Button" owner="ShoppingCartPage">
<status status="NOT RUN" start="2026-04-14T11:46:04.696997" elapsed="0.000049"/>
</kw>
<kw name="Go To Shopping Cart Full Page" owner="ShoppingCartPage">
<status status="NOT RUN" start="2026-04-14T11:46:04.697435" elapsed="0.000044"/>
</kw>
<kw name="Get Product Quantity" owner="ShoppingCartPage">
<var>${q}</var>
<status status="NOT RUN" start="2026-04-14T11:46:04.697806" elapsed="0.000038"/>
</kw>
<kw name="Should Be Equal As Strings" owner="BuiltIn">
<arg>${q}</arg>
<arg>1</arg>
<doc>Fails if objects are unequal after converting them to strings.</doc>
<status status="NOT RUN" start="2026-04-14T11:46:04.698152" elapsed="0.000036"/>
</kw>
<kw name="Test Teardown" owner="setupTeardown" type="TEARDOWN">
<kw name="Capture Page Screenshot" owner="SeleniumLibrary">
<msg time="2026-04-14T11:46:04.706626" level="WARN">Keyword 'Capture Page Screenshot' could not be run on failure: Message: invalid session id; For documentation on this error, please visit: https://www.selenium.dev/documentation/webdriver/troubleshooting/errors#invalidsessionidexception
Stacktrace:
	chromedriver!GetHandleVerifier [0x7ff68ef729c5+2ed785]
	chromedriver!GetHandleVerifier [0x7ff68ec9a0d0+14e90]
	chromedriver!(No symbol) [0x7ff68e9fd916]
	chromedriver!(No symbol) [0x7ff68ea48313]
	chromedriver!(No symbol) [0x7ff68ea7fe92]
	chromedriver!(No symbol) [0x7ff68ea7a011]
	chromedriver!(No symbol) [0x7ff68ea792c3]
	chromedriver!(No symbol) [0x7ff68e9c6565]
	chromedriver!GetHandleVerifier [0x7ff68ef9de0d+318bcd]
	chromedriver!GetHandleVerifier [0x7ff68ef98588+313348]
	chromedriver!GetHandleVerifier [0x7ff68efb9d7a+334b3a]
	chromedriver!GetHandleVerifier [0x7ff68ecb6785+31545]
	chromedriver!GetHandleVerifier [0x7ff68ecbfacc+3a88c]
	chromedriver!(No symbol) [0x7ff68e9c532a]
	chromedriver!GetHandleVerifier [0x7ff68f0f4b48+46f908]
	KERNEL32!BaseThreadInitThunk [0x7ffbb89de8d7+17]
	ntdll!RtlUserThreadStart [0x7ffbb9a2c48c+2c]
</msg>
<msg time="2026-04-14T11:46:04.707506" level="FAIL">InvalidSessionIdException: Message: invalid session id; For documentation on this error, please visit: https://www.selenium.dev/documentation/webdriver/troubleshooting/errors#invalidsessionidexception
Stacktrace:
	chromedriver!GetHandleVerifier [0x7ff68ef729c5+2ed785]
	chromedriver!GetHandleVerifier [0x7ff68ec9a0d0+14e90]
	chromedriver!(No symbol) [0x7ff68e9fd916]
	chromedriver!(No symbol) [0x7ff68ea48313]
	chromedriver!(No symbol) [0x7ff68ea7fe92]
	chromedriver!(No symbol) [0x7ff68ea7a011]
	chromedriver!(No symbol) [0x7ff68ea792c3]
	chromedriver!(No symbol) [0x7ff68e9c6565]
	chromedriver!GetHandleVerifier [0x7ff68ef9de0d+318bcd]
	chromedriver!GetHandleVerifier [0x7ff68ef98588+313348]
	chromedriver!GetHandleVerifier [0x7ff68efb9d7a+334b3a]
	chromedriver!GetHandleVerifier [0x7ff68ecb6785+31545]
	chromedriver!GetHandleVerifier [0x7ff68ecbfacc+3a88c]
	chromedriver!(No symbol) [0x7ff68e9c532a]
	chromedriver!GetHandleVerifier [0x7ff68f0f4b48+46f908]
	KERNEL32!BaseThreadInitThunk [0x7ffbb89de8d7+17]
	ntdll!RtlUserThreadStart [0x7ffbb9a2c48c+2c]
</msg>
<doc>Takes a screenshot of the current page and embeds it into a log file.</doc>
<status status="FAIL" start="2026-04-14T11:46:04.698857" elapsed="0.011935">InvalidSessionIdException: Message: invalid session id; For documentation on this error, please visit: https://www.selenium.dev/documentation/webdriver/troubleshooting/errors#invalidsessionidexception
Stacktrace:
	chromedriver!GetHandleVerifier [0x7ff68ef729c5+2ed785]
	chromedriver!GetHandleVerifier [0x7ff68ec9a0d0+14e90]
	chromedriver!(No symbol) [0x7ff68e9fd916]
	chromedriver!(No symbol) [0x7ff68ea48313]
	chromedriver!(No symbol) [0x7ff68ea7fe92]
	chromedriver!(No symbol) [0x7ff68ea7a011]
	chromedriver!(No symbol) [0x7ff68ea792c3]
	chromedriver!(No symbol) [0x7ff68e9c6565]
	chromedriver!GetHandleVerifier [0x7ff68ef9de0d+318bcd]
	chromedriver!GetHandleVerifier [0x7ff68ef98588+313348]
	chromedriver!GetHandleVerifier [0x7ff68efb9d7a+334b3a]
	chromedriver!GetHandleVerifier [0x7ff68ecb6785+31545]
	chromedriver!GetHandleVerifier [0x7ff68ecbfacc+3a88c]
	chromedriver!(No symbol) [0x7ff68e9c532a]
	chromedriver!GetHandleVerifier [0x7ff68f0f4b48+46f908]
	KERNEL32!BaseThreadInitThunk [0x7ffbb89de8d7+17]
	ntdll!RtlUserThreadStart [0x7ffbb9a2c48c+2c]
</status>
</kw>
<kw name="Close All Browsers" owner="SeleniumLibrary">
<doc>Closes all open browsers and resets the browser cache.</doc>
<status status="PASS" start="2026-04-14T11:46:04.711077" elapsed="2.071778"/>
</kw>
<status status="FAIL" start="2026-04-14T11:46:04.698554" elapsed="2.084665">InvalidSessionIdException: Message: invalid session id; For documentation on this error, please visit: https://www.selenium.dev/documentation/webdriver/troubleshooting/errors#invalidsessionidexception
Stacktrace:
	chromedriver!GetHandleVerifier [0x7ff68ef729c5+2ed785]
	chromedriver!GetHandleVerifier [0x7ff68ec9a0d0+14e90]
	chromedriver!(No symbol) [0x7ff68e9fd916]
	chromedriver!(No symbol) [0x7ff68ea48313]
	chromedriver!(No symbol) [0x7ff68ea7fe92]
	chromedriver!(No symbol) [0x7ff68ea7a011]
	chromedriver!(No symbol) [0x7ff68ea792c3]
	chromedriver!(No symbol) [0x7ff68e9c6565]
	chromedriver!GetHandleVerifier [0x7ff68ef9de0d+318bcd]
	chromedriver!GetHandleVerifier [0x7ff68ef98588+313348]
	chromedriver!GetHandleVerifier [0x7ff68efb9d7a+334b3a]
	chromedriver!GetHandleVerifier [0x7ff68ecb6785+31545]
	chromedriver!GetHandleVerifier [0x7ff68ecbfacc+3a88c]
	chromedriver!(No symbol) [0x7ff68e9c532a]
	chromedriver!GetHandleVerifier [0x7ff68f0f4b48+46f908]
	KERNEL32!BaseThreadInitThunk [0x7ffbb89de8d7+17]
	ntdll!RtlUserThreadStart [0x7ffbb9a2c48c+2c]
</status>
</kw>
<status status="FAIL" start="2026-04-14T11:45:57.592131" elapsed="9.191599">InvalidSessionIdException: Message: invalid session id: session deleted as the browser has closed the connection
from disconnected: unable to send message to renderer
  (Session info: chrome=146.0.7680.178); For documentation on this error, please visit: https://www.selenium.dev/documentation/webdriver/troubleshooting/errors#invalidsessionidexception
Stacktrace:
	chromedriver!GetHandleVerifier [0x7ff68ef729c5+2ed785]
	chromedriver!GetHandleVerifier [0x7ff68ec9a0d0+14e90]
	chromedriver!(No symbol) [0x7ff68e9fdb2d]
	chromedriver!(No symbol) [0x7ff68e9e92f0]
	chromedriver!(No symbol) [0x7ff68e9e924c]
	chromedriver!(No symbol) [0x7ff68e9e7ac3]
	chromedriver!(No symbol) [0x7ff68e9e865f]
	chromedriver!(No symbol) [0x7ff68ea03436]
	chromedriver!(No symbol) [0x7ff68ea03f7b]
	chromedriver!(No symbol) [0x7ff68ea08bc5]
	chromedriver!(No symbol) [0x7ff68ea08c8f]
	chromedriver!(No symbol) [0x7ff68ea5631e]
	chromedriver!(No symbol) [0x7ff68ea56eac]
	chromedriver!(No symbol) [0x7ff68eaa7017]
	chromedriver!(No symbol) [0x7ff68eaa3b9b]
	chromedriver!(No symbol) [0x7ff68ea49298]
	chromedriver!(No symbol) [0x7ff68ea4a183]
	chromedriver!GetHandleVerifier [0x7ff68ef9de0d+318bcd]
	chromedriver!GetHandleVerifier [0x7ff68ef98588+313348]
	chromedriver!GetHandleVerifier [0x7ff68efb9d7a+334b3a]
	chromedriver!GetHandleVerifier [0x7ff68ecb6785+31545]
	chromedriver!GetHandleVerifier [0x7ff68ecbfacc+3a88c]
	chromedriver!GetHandleVerifier [0x7ff68eca3634+1e3f4]
	chromedriver!GetHandleVerifier [0x7ff68eca37e6+1e5a6]
	chromedriver!GetHandleVerifier [0x7ff68ec87e37+2bf7]
	KERNEL32!BaseThreadInitThunk [0x7ffbb89de8d7+17]
	ntdll!RtlUserThreadStart [0x7ffbb9a2c48c+2c]


Also teardown failed:
InvalidSessionIdException: Message: invalid session id; For documentation on this error, please visit: https://www.selenium.dev/documentation/webdriver/troubleshooting/errors#invalidsessionidexception
Stacktrace:
	chromedriver!GetHandleVerifier [0x7ff68ef729c5+2ed785]
	chromedriver!GetHandleVerifier [0x7ff68ec9a0d0+14e90]
	chromedriver!(No symbol) [0x7ff68e9fd916]
[...]
<arg>${LOC_qt}</arg>
<arg>${quantity}</arg>
<doc>Types the given ``text`` into the text field identified by ``locator``.</doc>
<status status="PASS" start="2026-04-14T11:46:33.311418" elapsed="0.137599"/>
</kw>
<kw name="Click Button" owner="SeleniumLibrary">
<msg time="2026-04-14T11:46:33.449553" level="INFO">Clicking button '//button[@name="save_to_cart"]'.</msg>
<arg>${LOC_ADD}</arg>
<doc>Clicks the button identified by ``locator``.</doc>
<status status="PASS" start="2026-04-14T11:46:33.449269" elapsed="0.185296"/>
</kw>
<kw name="Sleep" owner="BuiltIn">
<msg time="2026-04-14T11:46:35.635928" level="INFO">Slept 2 seconds.</msg>
<arg>2s</arg>
<doc>Pauses the test executed for the given time.</doc>
<status status="PASS" start="2026-04-14T11:46:33.634865" elapsed="2.001333"/>
</kw>
<arg>1</arg>
<status status="PASS" start="2026-04-14T11:46:29.672313" elapsed="5.964087"/>
</kw>
<kw name="Go To Shopping Cart Full Page" owner="ShoppingCartPage">
<kw name="Log" owner="BuiltIn">
<msg time="2026-04-14T11:46:35.637944" level="INFO">Navigation Shopping Cart - Desktop Mode</msg>
<arg>Navigation Shopping Cart - Desktop Mode</arg>
<doc>Logs the given message with the given level.</doc>
<status status="PASS" start="2026-04-14T11:46:35.637576" elapsed="0.000435"/>
</kw>
<kw name="Wait Until Element Is Visible" owner="SeleniumLibrary">
<arg>id=shoppingCartLink</arg>
<arg>10s</arg>
<doc>Waits until the element ``locator`` is visible.</doc>
<status status="PASS" start="2026-04-14T11:46:35.638151" elapsed="0.027818"/>
</kw>
<kw name="Run Keyword And Return Status" owner="BuiltIn">
<kw name="Click Element" owner="SeleniumLibrary">
<msg time="2026-04-14T11:46:35.667392" level="INFO">Clicking element 'id=shoppingCartLink'.</msg>
<arg>id=shoppingCartLink</arg>
<doc>Click the element identified by ``locator``.</doc>
<status status="PASS" start="2026-04-14T11:46:35.667076" elapsed="0.112425"/>
</kw>
<msg time="2026-04-14T11:46:35.779834" level="INFO">${clicked} = True</msg>
<var>${clicked}</var>
<arg>Click Element</arg>
<arg>id=shoppingCartLink</arg>
<doc>Runs the specified keyword and returns the status as a Boolean value.</doc>
<status status="PASS" start="2026-04-14T11:46:35.666417" elapsed="0.113462"/>
</kw>
<if>
<branch type="IF" condition="not ${clicked}">
<kw name="Execute Javascript" owner="SeleniumLibrary">
<arg>document.querySelector('#shoppingCartLink').click();</arg>
<doc>Executes the given JavaScript code with possible arguments.</doc>
<status status="NOT RUN" start="2026-04-14T11:46:35.780461" elapsed="0.000041"/>
</kw>
<status status="NOT RUN" start="2026-04-14T11:46:35.780044" elapsed="0.000510"/>
</branch>
<status status="PASS" start="2026-04-14T11:46:35.779999" elapsed="0.000605"/>
</if>
<kw name="Wait Until Keyword Succeeds" owner="BuiltIn">
<kw name="Location Should Contain" owner="SeleniumLibrary">
<msg time="2026-04-14T11:46:35.790430" level="INFO">Current location contains 'shoppingCart'.</msg>
<arg>shoppingCart</arg>
<doc>Verifies that the current URL contains ``expected``.</doc>
<status status="PASS" start="2026-04-14T11:46:35.781291" elapsed="0.009342"/>
</kw>
<arg>15x</arg>
<arg>1s</arg>
<arg>Location Should Contain</arg>
<arg>shoppingCart</arg>
<doc>Runs the specified keyword and retries if it fails.</doc>
<status status="PASS" start="2026-04-14T11:46:35.780728" elapsed="0.010091"/>
</kw>
<status status="PASS" start="2026-04-14T11:46:35.637126" elapsed="0.153846"/>
</kw>
<kw name="Click Edit From Shopping Cart" owner="ShoppingCartPage">
<kw name="Wait Until Cart Popup Is Gone" owner="ShoppingCartPage">
<kw name="Run Keyword And Ignore Error" owner="BuiltIn">
<kw name="Wait Until Element Is Not Visible" owner="SeleniumLibrary">
<arg>xpath=//div[contains(@class,'toolTip')]</arg>
<arg>10s</arg>
<doc>Waits until the element ``locator`` is not visible.</doc>
<status status="PASS" start="2026-04-14T11:46:35.793287" elapsed="10.029748"/>
</kw>
<arg>Wait Until Element Is Not Visible</arg>
<arg>xpath=//div[contains(@class,'toolTip')]</arg>
<arg>10s</arg>
<doc>Runs the given keyword with the given arguments and ignores possible error.</doc>
<status status="PASS" start="2026-04-14T11:46:35.792648" elapsed="10.030572"/>
</kw>
<kw name="Run Keyword And Ignore Error" owner="BuiltIn">
<kw name="Wait Until Page Does Not Contain" owner="SeleniumLibrary">
<arg>xpath=//div[contains(@class,'toolTip')]</arg>
<arg>5s</arg>
<doc>Waits until ``text`` disappears from the current page.</doc>
<status status="PASS" start="2026-04-14T11:46:45.824003" elapsed="10.054669"/>
</kw>
<arg>Wait Until Page Does Not Contain</arg>
<arg>xpath=//div[contains(@class,'toolTip')]</arg>
<arg>5s</arg>
<doc>Runs the given keyword with the given arguments and ignores possible error.</doc>
<status status="PASS" start="2026-04-14T11:46:45.823468" elapsed="10.055374"/>
</kw>
<status status="PASS" start="2026-04-14T11:46:35.792247" elapsed="20.086697"/>
</kw>
<kw name="Wait Until Page Contains Element" owner="SeleniumLibrary">
<arg>xpath=//h3[contains(.,'SHOPPING CART')]</arg>
<arg>15s</arg>
<doc>Waits until the element ``locator`` appears on the current page.</doc>
<status status="PASS" start="2026-04-14T11:46:55.879159" elapsed="0.015777"/>
</kw>
<kw name="Wait Until Element Is Visible" owner="SeleniumLibrary">
<arg>xpath=//table[contains(@class,'fixedTableEdgeCompatibility')]</arg>
<arg>15s</arg>
<doc>Waits until the element ``locator`` is visible.</doc>
<status status="PASS" start="2026-04-14T11:46:55.895259" elapsed="0.023431"/>
</kw>
<kw name="Wait Until Element Is Visible" owner="SeleniumLibrary">
<arg>xpath=//th//label[@translate="PRODUCT_NAME"]</arg>
<arg>15s</arg>
<doc>Waits until the element ``locator`` is visible.</doc>
<status status="PASS" start="2026-04-14T11:46:55.919081" elapsed="0.024922"/>
</kw>
<kw name="Execute Javascript" owner="SeleniumLibrary">
<msg time="2026-04-14T11:46:55.945130" level="INFO">Executing JavaScript:
var links = document.querySelectorAll('a.productName');var row = null;for(var i=0;i&lt;links.length;i++){ if(links[i].textContent.trim().toLowerCase().indexOf('HP Roar Mini Wireless Speaker'.toLowerCase())!==-1){ row=links[i].closest('tr'); break; } }if(!row){ row=document.querySelector('a.productName').closest('tr'); }row.dispatchEvent(new MouseEvent('mouseover',{bubbles:true,cancelable:true}));
Without any arguments.</msg>
<msg time="2026-04-14T11:46:56.094538" level="INFO" html="true">&lt;/td&gt;&lt;/tr&gt;&lt;tr&gt;&lt;td colspan="3"&gt;&lt;a href="selenium-screenshot-88.png"&gt;&lt;img src="selenium-screenshot-88.png" width="800px"&gt;&lt;/a&gt;</msg>
<msg time="2026-04-14T11:46:56.094846" level="FAIL">JavascriptException: Message: javascript error: Cannot read properties of null (reading 'closest')
  (Session info: chrome=146.0.7680.178)
Stacktrace:
	chromedriver!GetHandleVerifier [0x7ff68ef729c5+2ed785]
	chromedriver!GetHandleVerifier [0x7ff68ec9a0d0+14e90]
	chromedriver!(No symbol) [0x7ff68e9fdb2d]
	chromedriver!(No symbol) [0x7ff68ea05ab1]
	chromedriver!(No symbol) [0x7ff68ea08f5f]
	chromedriver!(No symbol) [0x7ff68eaa4f41]
	chromedriver!(No symbol) [0x7ff68ea7ff8a]
	chromedriver!(No symbol) [0x7ff68eaa3b9b]
	chromedriver!(No symbol) [0x7ff68ea49298]
	chromedriver!(No symbol) [0x7ff68ea4a183]
	chromedriver!GetHandleVerifier [0x7ff68ef9de0d+318bcd]
	chromedriver!GetHandleVerifier [0x7ff68ef98588+313348]
	chromedriver!GetHandleVerifier [0x7ff68efb9d7a+334b3a]
	chromedriver!GetHandleVerifier [0x7ff68ecb6785+31545]
	chromedriver!GetHandleVerifier [0x7ff68ecbfacc+3a88c]
	chromedriver!GetHandleVerifier [0x7ff68eca3634+1e3f4]
	chromedriver!GetHandleVerifier [0x7ff68eca37e6+1e5a6]
	chromedriver!GetHandleVerifier [0x7ff68ec87e37+2bf7]
	KERNEL32!BaseThreadInitThunk [0x7ffbb89de8d7+17]
	ntdll!RtlUserThreadStart [0x7ffbb9a2c48c+2c]
</msg>
<arg>var links = document.querySelectorAll('a.productName');</arg>
<arg>var row = null;</arg>
<arg>for(var i=0;i&lt;links.length;i++){ if(links[i].textContent.trim().toLowerCase().indexOf('${PRODUCT_NAME}'.toLowerCase())!==-1){ row=links[i].closest('tr'); break; } }</arg>
<arg>if(!row){ row=document.querySelector('a.productName').closest('tr'); }</arg>
<arg>row.dispatchEvent(new MouseEvent('mouseover',{bubbles:true,cancelable:true}));</arg>
<doc>Executes the given JavaScript code with possible arguments.</doc>
<status status="FAIL" start="2026-04-14T11:46:55.944343" elapsed="0.152349">JavascriptException: Message: javascript error: Cannot read properties of null (reading 'closest')
  (Session info: chrome=146.0.7680.178)
Stacktrace:
	chromedriver!GetHandleVerifier [0x7ff68ef729c5+2ed785]
	chromedriver!GetHandleVerifier [0x7ff68ec9a0d0+14e90]
	chromedriver!(No symbol) [0x7ff68e9fdb2d]
	chromedriver!(No symbol) [0x7ff68ea05ab1]
	chromedriver!(No symbol) [0x7ff68ea08f5f]
	chromedriver!(No symbol) [0x7ff68eaa4f41]
	chromedriver!(No symbol) [0x7ff68ea7ff8a]
	chromedriver!(No symbol) [0x7ff68eaa3b9b]
	chromedriver!(No symbol) [0x7ff68ea49298]
	chromedriver!(No symbol) [0x7ff68ea4a183]
	chromedriver!GetHandleVerifier [0x7ff68ef9de0d+318bcd]
	chromedriver!GetHandleVerifier [0x7ff68ef98588+313348]
	chromedriver!GetHandleVerifier [0x7ff68efb9d7a+334b3a]
	chromedriver!GetHandleVerifier [0x7ff68ecb6785+31545]
	chromedriver!GetHandleVerifier [0x7ff68ecbfacc+3a88c]
	chromedriver!GetHandleVerifier [0x7ff68eca3634+1e3f4]
	chromedriver!GetHandleVerifier [0x7ff68eca37e6+1e5a6]
	chromedriver!GetHandleVerifier [0x7ff68ec87e37+2bf7]
	KERNEL32!BaseThreadInitThunk [0x7ffbb89de8d7+17]
	ntdll!RtlUserThreadStart [0x7ffbb9a2c48c+2c]
</status>
</kw>
<kw name="Sleep" owner="BuiltIn">
<arg>1s</arg>
<doc>Pauses the test executed for the given time.</doc>
<status status="NOT RUN" start="2026-04-14T11:46:56.097088" elapsed="0.000050"/>
</kw>
<kw name="Execute Javascript" owner="SeleniumLibrary">
<arg>var links = document.querySelectorAll('a.productName');</arg>
<arg>var row = null;</arg>
<arg>for(var i=0;i&lt;links.length;i++){ if(links[i].textContent.trim().toLowerCase().indexOf('${PRODUCT_NAME}'.toLowerCase())!==-1){ row=links[i].closest('tr'); break; } }</arg>
<arg>if(!row){ row=document.querySelector('a.productName').closest('tr'); }</arg>
<arg>var editBtn = row ? row.querySelector('a.edit') : null;</arg>
<arg>if(editBtn){ editBtn.click(); }</arg>
<doc>Executes the given JavaScript code with possible arguments.</doc>
<status status="NOT RUN" start="2026-04-14T11:46:56.097262" elapsed="0.000026"/>
</kw>
<kw name="Wait Until Element Is Visible" owner="SeleniumLibrary">
<arg>${LOC_champ_EDIT}</arg>
<arg>15s</arg>
<doc>Waits until the element ``locator`` is visible.</doc>
<status status="NOT RUN" start="2026-04-14T11:46:56.097402" elapsed="0.000023"/>
</kw>
<arg>${PRODUCT_1_NAME}</arg>
<status status="FAIL" start="2026-04-14T11:46:35.791649" elapsed="20.305920">JavascriptException: Message: javascript error: Cannot read properties of null (reading 'closest')
  (Session info: chrome=146.0.7680.178)
Stacktrace:
	chromedriver!GetHandleVerifier [0x7ff68ef729c5+2ed785]
	chromedriver!GetHandleVerifier [0x7ff68ec9a0d0+14e90]
	chromedriver!(No symbol) [0x7ff68e9fdb2d]
	chromedriver!(No symbol) [0x7ff68ea05ab1]
	chromedriver!(No symbol) [0x7ff68ea08f5f]
	chromedriver!(No symbol) [0x7ff68eaa4f41]
	chromedriver!(No symbol) [0x7ff68ea7ff8a]
	chromedriver!(No symbol) [0x7ff68eaa3b9b]
	chromedriver!(No symbol) [0x7ff68ea49298]
	chromedriver!(No symbol) [0x7ff68ea4a183]
	chromedriver!GetHandleVerifier [0x7ff68ef9de0d+318bcd]
	chromedriver!GetHandleVerifier [0x7ff68ef98588+313348]
	chromedriver!GetHandleVerifier [0x7ff68efb9d7a+334b3a]
	chromedriver!GetHandleVerifier [0x7ff68ecb6785+31545]
	chromedriver!GetHandleVerifier [0x7ff68ecbfacc+3a88c]
	chromedriver!GetHandleVerifier [0x7ff68eca3634+1e3f4]
	chromedriver!GetHandleVerifier [0x7ff68eca37e6+1e5a6]
	chromedriver!GetHandleVerifier [0x7ff68ec87e37+2bf7]
	KERNEL32!BaseThreadInitThunk [0x7ffbb89de8d7+17]
	ntdll!RtlUserThreadStart [0x7ffbb9a2c48c+2c]
</status>
</kw>
<kw name="Update Quantity In champ" owner="ShoppingCartPage">
<arg>${INVALID_QTY_ZERO}</arg>
<status status="NOT RUN" start="2026-04-14T11:46:56.098347" elapsed="0.000090"/>
</kw>
<kw name="Click Add To Cart Button" owner="ShoppingCartPage">
<status status="NOT RUN" start="2026-04-14T11:46:56.098935" elapsed="0.000046"/>
</kw>
<kw name="Go To Shopping Cart Full Page" owner="ShoppingCartPage">
<status status="NOT RUN" start="2026-04-14T11:46:56.099378" elapsed="0.000044"/>
</kw>
<kw name="Get Product Quantity" owner="ShoppingCartPage">
<var>${q}</var>
<status status="NOT RUN" start="2026-04-14T11:46:56.099810" elapsed="0.000035"/>
</kw>
<kw name="Should Be Equal As Strings" owner="BuiltIn">
<arg>${q}</arg>
<arg>1</arg>
<doc>Fails if objects are unequal after converting them to strings.</doc>
<status status="NOT RUN" start="2026-04-14T11:46:56.100049" elapsed="0.000033"/>
</kw>
<kw name="Test Teardown" owner="setupTeardown" type="TEARDOWN">
<kw name="Capture Page Screenshot" owner="SeleniumLibrary">
<msg time="2026-04-14T11:46:56.225667" level="INFO" html="true">&lt;/td&gt;&lt;/tr&gt;&lt;tr&gt;&lt;td colspan="3"&gt;&lt;a href="selenium-screenshot-89.png"&gt;&lt;img src="selenium-screenshot-89.png" width="800px"&gt;&lt;/a&gt;</msg>
<doc>Takes a screenshot of the current page and embeds it into a log file.</doc>
<status status="PASS" start="2026-04-14T11:46:56.100783" elapsed="0.125139"/>
</kw>
<kw name="Close All Browsers" owner="SeleniumLibrary">
<doc>Closes all open browsers and resets the browser cache.</doc>
<status status="PASS" start="2026-04-14T11:46:56.226343" elapsed="2.640304"/>
</kw>
<status status="PASS" start="2026-04-14T11:46:56.100456" elapsed="2.766436"/>
</kw>
<status status="FAIL" start="2026-04-14T11:46:06.785405" elapsed="52.081820">JavascriptException: Message: javascript error: Cannot read properties of null (reading 'closest')
  (Session info: chrome=146.0.7680.178)
Stacktrace:
	chromedriver!GetHandleVerifier [0x7ff68ef729c5+2ed785]
	chromedriver!GetHandleVerifier [0x7ff68ec9a0d0+14e90]
	chromedriver!(No symbol) [0x7ff68e9fdb2d]
	chromedriver!(No symbol) [0x7ff68ea05ab1]
	chromedriver!(No symbol) [0x7ff68ea08f5f]
	chromedriver!(No symbol) [0x7ff68eaa4f41]
	chromedriver!(No symbol) [0x7ff68ea7ff8a]
	chromedriver!(No symbol) [0x7ff68eaa3b9b]
	chromedriver!(No symbol) [0x7ff68ea49298]
	chromedriver!(No symbol) [0x7ff68ea4a183]
	chromedriver!GetHandleVerifier [0x7ff68ef9de0d+318bcd]
	chromedriver!GetHandleVerifier [0x7ff68ef98588+313348]
	chromedriver!GetHandleVerifier [0x7ff68efb9d7a+334b3a]
	chromedriver!GetHandleVerifier [0x7ff68ecb6785+31545]
	chromedriver!GetHandleVerifier [0x7ff68ecbfacc+3a88c]
	chromedriver!GetHandleVerifier [0x7ff68eca3634+1e3f4]
	chromedriver!GetHandleVerifier [0x7ff68eca37e6+1e5a6]
	chromedriver!GetHandleVerifier [0x7ff68ec87e37+2bf7]
	KERNEL32!BaseThreadInitThunk [0x7ffbb89de8d7+17]
	ntdll!RtlUserThreadStart [0x7ffbb9a2c48c+2c]
</status>
</test>
<doc>Tests d'augmentation de quantité dans le panier</doc>
<status status="FAIL" start="2026-04-14T11:44:09.265447" elapsed="169.603450"/>
</suite>
<statistics>
<total>
<stat pass="0" fail="5" skip="0">All Tests</stat>
</total>
<tag>
</tag>
<suite>
<stat name="CT US5 01 IncreaseQuantity" id="s1" pass="0" fail="5" skip="0">CT US5 01 IncreaseQuantity</stat>
</suite>
</statistics>
<errors>
<msg time="2026-04-14T11:45:10.458976" level="WARN">Keyword 'Capture Page Screenshot' could not be run on failure: Message: no such window: target window already closed
from unknown error: web view not found
  (Session info: chrome=146.0.7680.178)
Stacktrace:
	chromedriver!GetHandleVerifier [0x7ff68ef729c5+2ed785]
	chromedriver!GetHandleVerifier [0x7ff68ec9a0d0+14e90]
	chromedriver!(No symbol) [0x7ff68e9fdb2d]
	chromedriver!(No symbol) [0x7ff68e9d4322]
	chromedriver!(No symbol) [0x7ff68ea86e86]
	chromedriver!(No symbol) [0x7ff68eaa3482]
	chromedriver!(No symbol) [0x7ff68ea49298]
	chromedriver!(No symbol) [0x7ff68ea4a183]
	chromedriver!GetHandleVerifier [0x7ff68ef9de0d+318bcd]
	chromedriver!GetHandleVerifier [0x7ff68ef98588+313348]
	chromedriver!GetHandleVerifier [0x7ff68efb9d7a+334b3a]
	chromedriver!GetHandleVerifier [0x7ff68ecb6785+31545]
	chromedriver!GetHandleVerifier [0x7ff68ecbfacc+3a88c]
	chromedriver!GetHandleVerifier [0x7ff68eca3634+1e3f4]
	chromedriver!GetHandleVerifier [0x7ff68eca37e6+1e5a6]
	chromedriver!GetHandleVerifier [0x7ff68ec87e37+2bf7]
	KERNEL32!BaseThreadInitThunk [0x7ffbb89de8d7+17]
	ntdll!RtlUserThreadStart [0x7ffbb9a2c48c+2c]
</msg>
<msg time="2026-04-14T11:45:10.485400" level="WARN">Keyword 'Capture Page Screenshot' could not be run on failure: Message: no such window: target window already closed
from unknown error: web view not found
  (Session info: chrome=146.0.7680.178)
Stacktrace:
	chromedriver!GetHandleVerifier [0x7ff68ef729c5+2ed785]
	chromedriver!GetHandleVerifier [0x7ff68ec9a0d0+14e90]
	chromedriver!(No symbol) [0x7ff68e9fdb2d]
	chromedriver!(No symbol) [0x7ff68e9d4322]
	chromedriver!(No symbol) [0x7ff68ea86e86]
	chromedriver!(No symbol) [0x7ff68eaa3482]
	chromedriver!(No symbol) [0x7ff68ea49298]
	chromedriver!(No symbol) [0x7ff68ea4a183]
	chromedriver!GetHandleVerifier [0x7ff68ef9de0d+318bcd]
	chromedriver!GetHandleVerifier [0x7ff68ef98588+313348]
	chromedriver!GetHandleVerifier [0x7ff68efb9d7a+334b3a]
	chromedriver!GetHandleVerifier [0x7ff68ecb6785+31545]
	chromedriver!GetHandleVerifier [0x7ff68ecbfacc+3a88c]
	chromedriver!GetHandleVerifier [0x7ff68eca3634+1e3f4]
	chromedriver!GetHandleVerifier [0x7ff68eca37e6+1e5a6]
	chromedriver!GetHandleVerifier [0x7ff68ec87e37+2bf7]
	KERNEL32!BaseThreadInitThunk [0x7ffbb89de8d7+17]
	ntdll!RtlUserThreadStart [0x7ffbb9a2c48c+2c]
</msg>
<msg time="2026-04-14T11:46:04.690633" level="WARN">Keyword 'Capture Page Screenshot' could not be run on failure: Message: invalid session id; For documentation on this error, please visit: https://www.selenium.dev/documentation/webdriver/troubleshooting/errors#invalidsessionidexception
Stacktrace:
	chromedriver!GetHandleVerifier [0x7ff68ef729c5+2ed785]
	chromedriver!GetHandleVerifier [0x7ff68ec9a0d0+14e90]
	chromedriver!(No symbol) [0x7ff68e9fd916]
	chromedriver!(No symbol) [0x7ff68ea48313]
	chromedriver!(No symbol) [0x7ff68ea7fe92]
	chromedriver!(No symbol) [0x7ff68ea7a011]
	chromedriver!(No symbol) [0x7ff68ea792c3]
	chromedriver!(No symbol) [0x7ff68e9c6565]
	chromedriver!GetHandleVerifier [0x7ff68ef9de0d+318bcd]
	chromedriver!GetHandleVerifier [0x7ff68ef98588+313348]
	chromedriver!GetHandleVerifier [0x7ff68efb9d7a+334b3a]
	chromedriver!GetHandleVerifier [0x7ff68ecb6785+31545]
	chromedriver!GetHandleVerifier [0x7ff68ecbfacc+3a88c]
	chromedriver!(No symbol) [0x7ff68e9c532a]
	chromedriver!GetHandleVerifier [0x7ff68f0f4b48+46f908]
	KERNEL32!BaseThreadInitThunk [0x7ffbb89de8d7+17]
	ntdll!RtlUserThreadStart [0x7ffbb9a2c48c+2c]
</msg>
<msg time="2026-04-14T11:46:04.706626" level="WARN">Keyword 'Capture Page Screenshot' could not be run on failure: Message: invalid session id; For documentation on this error, please visit: https://www.selenium.dev/documentation/webdriver/troubleshooting/errors#invalidsessionidexception
Stacktrace:
	chromedriver!GetHandleVerifier [0x7ff68ef729c5+2ed785]
	chromedriver!GetHandleVerifier [0x7ff68ec9a0d0+14e90]
	chromedriver!(No symbol) [0x7ff68e9fd916]
	chromedriver!(No symbol) [0x7ff68ea48313]
	chromedriver!(No symbol) [0x7ff68ea7fe92]
	chromedriver!(No symbol) [0x7ff68ea7a011]
	chromedriver!(No symbol) [0x7ff68ea792c3]
	chromedriver!(No symbol) [0x7ff68e9c6565]
	chromedriver!GetHandleVerifier [0x7ff68ef9de0d+318bcd]
	chromedriver!GetHandleVerifier [0x7ff68ef98588+313348]
	chromedriver!GetHandleVerifier [0x7ff68efb9d7a+334b3a]
	chromedriver!GetHandleVerifier [0x7ff68ecb6785+31545]
	chromedriver!GetHandleVerifier [0x7ff68ecbfacc+3a88c]
	chromedriver!(No symbol) [0x7ff68e9c532a]
	chromedriver!GetHandleVerifier [0x7ff68f0f4b48+46f908]
	KERNEL32!BaseThreadInitThunk [0x7ffbb89de8d7+17]
	ntdll!RtlUserThreadStart [0x7ffbb9a2c48c+2c]
</msg>
</errors>
</robot>
