<?xml version="1.0" encoding="UTF-8"?>
<robot generator="Robot 7.4.2 (Python 3.14.3 on win32)" generated="2026-04-13T18:39:03.040263" rpa="false" schemaversion="5">
<suite id="s1" name="Suites" source="C:\Users\rouchaya\OneDrive - Capgemini\Bureau\ADVANTAGE123\AdvantageOnlineShopping\TestRobot\US-5 - Increase\suites">
<suite id="s1-s1" name="Panier" source="C:\Users\rouchaya\OneDrive - Capgemini\Bureau\ADVANTAGE123\AdvantageOnlineShopping\TestRobot\US-5 - Increase\suites\panier">
<suite id="s1-s1-s1" name="CT US5 03" source="C:\Users\rouchaya\OneDrive - Capgemini\Bureau\ADVANTAGE123\AdvantageOnlineShopping\TestRobot\US-5 - Increase\suites\panier\CT_US5_03.robot">
<test id="s1-s1-s1-t1" name="CT_US5_03_Augmenter_Quantite_En_Reajoutant_Produit" line="21">
<kw name="Open Browser And Navigate To Site" owner="common" type="SETUP">
<kw name="Open Browser" owner="SeleniumLibrary">
<msg time="2026-04-13T18:39:03.347850" level="INFO">Opening browser 'chrome' to base url 'https://www.advantageonlineshopping.com/#/'.</msg>
<arg>${BASE_URL}</arg>
<arg>${BROWSER}</arg>
<doc>Opens a new browser instance to the optional ``url``.</doc>
<status status="PASS" start="2026-04-13T18:39:03.347462" elapsed="6.672620"/>
</kw>
<kw name="Maximize Browser Window" owner="SeleniumLibrary">
<doc>Maximizes current browser window.</doc>
<status status="PASS" start="2026-04-13T18:39:10.020407" elapsed="0.032365"/>
</kw>
<kw name="Set Selenium Timeout" owner="SeleniumLibrary">
<arg>${TIMEOUT}</arg>
<doc>Sets the timeout that is used by various keywords.</doc>
<status status="PASS" start="2026-04-13T18:39:10.053036" elapsed="0.001524"/>
</kw>
<doc>Ouvre le navigateur, maximise et navigue vers BASE_URL</doc>
<status status="PASS" start="2026-04-13T18:39:03.346552" elapsed="6.708187"/>
</kw>
<kw name="Go To Category" owner="cart">
<kw name="Go To" owner="SeleniumLibrary">
<msg time="2026-04-13T18:39:10.056122" level="INFO">Opening url 'https://www.advantageonlineshopping.com/#/'</msg>
<arg>${BASE_URL}</arg>
<doc>Navigates the current browser window to the provided ``url``.</doc>
<status status="PASS" start="2026-04-13T18:39:10.055914" elapsed="0.007356"/>
</kw>
<kw name="Wait For Loader To Disappear" owner="common">
<kw name="Wait Until Element Is Not Visible" owner="SeleniumLibrary">
<arg>css:div.loader</arg>
<arg>${TIMEOUT}</arg>
<doc>Waits until the element ``locator`` is not visible.</doc>
<status status="PASS" start="2026-04-13T18:39:10.064233" elapsed="0.037830"/>
</kw>
<doc>Attend la disparition du loader</doc>
<status status="PASS" start="2026-04-13T18:39:10.063707" elapsed="0.038587"/>
</kw>
<kw name="Wait Until Element Is Visible" owner="SeleniumLibrary">
<arg>xpath=//span[text()='${category_text}']</arg>
<arg>${TIMEOUT}</arg>
<doc>Waits until the element ``locator`` is visible.</doc>
<status status="PASS" start="2026-04-13T18:39:10.102541" elapsed="5.727683"/>
</kw>
<kw name="Click Element" owner="SeleniumLibrary">
<msg time="2026-04-13T18:39:15.831307" level="INFO">Clicking element 'xpath=//span[text()='TABLETS']'.</msg>
<arg>xpath=//span[text()='${category_text}']</arg>
<doc>Click the element identified by ``locator``.</doc>
<status status="PASS" start="2026-04-13T18:39:15.830696" elapsed="0.159558"/>
</kw>
<kw name="Wait For Loader To Disappear" owner="common">
<kw name="Wait Until Element Is Not Visible" owner="SeleniumLibrary">
<arg>css:div.loader</arg>
<arg>${TIMEOUT}</arg>
<doc>Waits until the element ``locator`` is not visible.</doc>
<status status="PASS" start="2026-04-13T18:39:15.991131" elapsed="0.016912"/>
</kw>
<doc>Attend la disparition du loader</doc>
<status status="PASS" start="2026-04-13T18:39:15.990710" elapsed="0.017495"/>
</kw>
<arg>${CATEGORY}</arg>
<doc>Va à la page d'accueil et clique sur la catégorie souhaitée</doc>
<status status="PASS" start="2026-04-13T18:39:10.055425" elapsed="5.952852"/>
</kw>
<kw name="Select Product From Category" owner="cart">
<kw name="Wait Until Element Is Visible" owner="SeleniumLibrary">
<msg time="2026-04-13T18:39:36.190362" level="INFO" html="true">&lt;/td&gt;&lt;/tr&gt;&lt;tr&gt;&lt;td colspan="3"&gt;&lt;a href="selenium-screenshot-11.png"&gt;&lt;img src="selenium-screenshot-11.png" width="800px"&gt;&lt;/a&gt;</msg>
<msg time="2026-04-13T18:39:36.190542" level="FAIL">Element 'xpath=//a[normalize-space()='HP ElitePad 1000 G2']' not visible after 20 seconds.</msg>
<arg>xpath=//a[normalize-space()='${product_name}']</arg>
<arg>${TIMEOUT}</arg>
<doc>Waits until the element ``locator`` is visible.</doc>
<status status="FAIL" start="2026-04-13T18:39:16.009020" elapsed="20.193994">Element 'xpath=//a[normalize-space()='HP ElitePad 1000 G2']' not visible after 20 seconds.</status>
</kw>
<kw name="Scroll Element Into View" owner="SeleniumLibrary">
<arg>xpath=//a[normalize-space()='${product_name}']</arg>
<doc>Scrolls the element identified by ``locator`` into view.</doc>
<status status="NOT RUN" start="2026-04-13T18:39:36.203389" elapsed="0.000052"/>
</kw>
<kw name="Click Element" owner="SeleniumLibrary">
<arg>xpath=//a[normalize-space()='${product_name}']</arg>
<doc>Click the element identified by ``locator``.</doc>
<status status="NOT RUN" start="2026-04-13T18:39:36.203572" elapsed="0.000037"/>
</kw>
<kw name="Wait Until Element Is Visible" owner="SeleniumLibrary">
<arg>xpath=//p[contains(@class,'roboto-light')]</arg>
<arg>${TIMEOUT}</arg>
<doc>Waits until the element ``locator`` is visible.</doc>
<status status="NOT RUN" start="2026-04-13T18:39:36.203712" elapsed="0.000023"/>
</kw>
<arg>${PRODUCT_NAME}</arg>
<doc>Trouve le produit dans la liste et clique dessus</doc>
<status status="FAIL" start="2026-04-13T18:39:16.008679" elapsed="20.195250">Element 'xpath=//a[normalize-space()='HP ElitePad 1000 G2']' not visible after 20 seconds.</status>
</kw>
<kw name="Set Product Quantity" owner="cart">
<arg>${CLICS_PREMIER_AJOUT}</arg>
<doc>Clique ${times} fois sur le bouton + pour augmenter la quantité</doc>
<status status="NOT RUN" start="2026-04-13T18:39:36.205726" elapsed="0.000068"/>
</kw>
<kw name="Capture Page Screenshot" owner="SeleniumLibrary">
<arg>filename=screenshots/01_produit_avant_1er_ajout.png</arg>
<doc>Takes a screenshot of the current page and embeds it into a log file.</doc>
<status status="NOT RUN" start="2026-04-13T18:39:36.206131" elapsed="0.000052"/>
</kw>
<kw name="Add Product To Cart" owner="cart">
<doc>Fait défiler jusqu'au bouton Add to Cart et clique dessus</doc>
<status status="NOT RUN" start="2026-04-13T18:39:36.206562" elapsed="0.000049"/>
</kw>
<kw name="Sleep" owner="BuiltIn">
<arg>2s</arg>
<doc>Pauses the test executed for the given time.</doc>
<status status="NOT RUN" start="2026-04-13T18:39:36.206875" elapsed="0.000055"/>
</kw>
<kw name="Open Cart" owner="cart">
<doc>Clique sur l'icône panier pour ouvrir le panier</doc>
<status status="NOT RUN" start="2026-04-13T18:39:36.207239" elapsed="0.000042"/>
</kw>
<kw name="Capture Page Screenshot" owner="SeleniumLibrary">
<arg>filename=screenshots/02_panier_apres_1er_ajout.png</arg>
<doc>Takes a screenshot of the current page and embeds it into a log file.</doc>
<status status="NOT RUN" start="2026-04-13T18:39:36.207548" elapsed="0.000051"/>
</kw>
<kw name="Lire Quantite Produit Dans Panier" owner="cart">
<var>${quantite_apres_1er_ajout}</var>
<arg>${PRODUCT_NAME_UPPER}</arg>
<doc>Retourne la quantité (nombre entier) d'un produit dans le panier</doc>
<status status="NOT RUN" start="2026-04-13T18:39:36.208187" elapsed="0.000051"/>
</kw>
<kw name="Log" owner="BuiltIn">
<arg>Quantité après le 1er ajout : ${quantite_apres_1er_ajout}</arg>
<doc>Logs the given message with the given level.</doc>
<status status="NOT RUN" start="2026-04-13T18:39:36.208523" elapsed="0.000047"/>
</kw>
<kw name="Should Be True" owner="BuiltIn">
<arg>${quantite_apres_1er_ajout} &gt; 0</arg>
<arg>msg=Le produit ${PRODUCT_NAME_UPPER} n'est pas présent dans le panier après le 1er ajout</arg>
<doc>Fails if the given condition is not true.</doc>
<status status="NOT RUN" start="2026-04-13T18:39:36.208824" elapsed="0.000056"/>
</kw>
<kw name="Click Element" owner="SeleniumLibrary">
<arg>xpath=//h3[normalize-space()='${PRODUCT_NAME_UPPER}']</arg>
<doc>Click the element identified by ``locator``.</doc>
<status status="NOT RUN" start="2026-04-13T18:39:36.209178" elapsed="0.000040"/>
</kw>
<kw name="Wait Until Element Is Visible" owner="SeleniumLibrary">
<arg>xpath=//p[contains(@class,'roboto-light')]</arg>
<arg>${TIMEOUT}</arg>
<doc>Waits until the element ``locator`` is visible.</doc>
<status status="NOT RUN" start="2026-04-13T18:39:36.209482" elapsed="0.000052"/>
</kw>
<kw name="Set Product Quantity" owner="cart">
<arg>${CLICS_DEUXIEME_AJOUT}</arg>
<doc>Clique ${times} fois sur le bouton + pour augmenter la quantité</doc>
<status status="NOT RUN" start="2026-04-13T18:39:36.210632" elapsed="0.000046"/>
</kw>
<kw name="Capture Page Screenshot" owner="SeleniumLibrary">
<arg>filename=screenshots/03_produit_avant_2eme_ajout.png</arg>
<doc>Takes a screenshot of the current page and embeds it into a log file.</doc>
<status status="NOT RUN" start="2026-04-13T18:39:36.210988" elapsed="0.000045"/>
</kw>
<kw name="Add Product To Cart" owner="cart">
<doc>Fait défiler jusqu'au bouton Add to Cart et clique dessus</doc>
<status status="NOT RUN" start="2026-04-13T18:39:36.211378" elapsed="0.000045"/>
</kw>
<kw name="Sleep" owner="BuiltIn">
<arg>2s</arg>
<doc>Pauses the test executed for the given time.</doc>
<status status="NOT RUN" start="2026-04-13T18:39:36.212367" elapsed="0.000256"/>
</kw>
<kw name="Open Cart" owner="cart">
<doc>Clique sur l'icône panier pour ouvrir le panier</doc>
<status status="NOT RUN" start="2026-04-13T18:39:36.213460" elapsed="0.000103"/>
</kw>
<kw name="Capture Page Screenshot" owner="SeleniumLibrary">
<arg>filename=screenshots/04_panier_final.png</arg>
<doc>Takes a screenshot of the current page and embeds it into a log file.</doc>
<status status="NOT RUN" start="2026-04-13T18:39:36.214366" elapsed="0.000077"/>
</kw>
<kw name="Lire Quantite Produit Dans Panier" owner="cart">
<var>${quantite_finale}</var>
<arg>${PRODUCT_NAME_UPPER}</arg>
<doc>Retourne la quantité (nombre entier) d'un produit dans le panier</doc>
<status status="NOT RUN" start="2026-04-13T18:39:36.215909" elapsed="0.000088"/>
</kw>
<kw name="Log" owner="BuiltIn">
<arg>Quantité finale : ${quantite_finale}</arg>
<doc>Logs the given message with the given level.</doc>
<status status="NOT RUN" start="2026-04-13T18:39:36.216435" elapsed="0.000067"/>
</kw>
<kw name="Should Be True" owner="BuiltIn">
<arg>${quantite_finale} &gt; ${quantite_apres_1er_ajout}</arg>
<arg>msg=La quantité n'a pas augmenté : avant=${quantite_apres_1er_ajout} après=${quantite_finale}</arg>
<doc>Fails if the given condition is not true.</doc>
<status status="NOT RUN" start="2026-04-13T18:39:36.216853" elapsed="0.000064"/>
</kw>
<kw name="Evaluate" owner="BuiltIn">
<var>${quantite_attendue}</var>
<arg>${quantite_apres_1er_ajout} + ${CLICS_DEUXIEME_AJOUT}</arg>
<doc>Evaluates the given expression in Python and returns the result.</doc>
<status status="NOT RUN" start="2026-04-13T18:39:36.217251" elapsed="0.000067"/>
</kw>
<kw name="Should Be Equal As Integers" owner="BuiltIn">
<arg>${quantite_finale}</arg>
<arg>${quantite_attendue}</arg>
<arg>msg=La quantité attendue est ${quantite_attendue} mais le panier affiche ${quantite_finale}</arg>
<doc>Fails if objects are unequal after converting them to integers.</doc>
<status status="NOT RUN" start="2026-04-13T18:39:36.217594" elapsed="0.000055"/>
</kw>
<kw name="Run Keywords" owner="BuiltIn" type="TEARDOWN">
<kw name="Capture Page Screenshot" owner="SeleniumLibrary">
<msg time="2026-04-13T18:39:36.361897" level="INFO" html="true">&lt;/td&gt;&lt;/tr&gt;&lt;tr&gt;&lt;td colspan="3"&gt;&lt;a href="selenium-screenshot-12.png"&gt;&lt;img src="selenium-screenshot-12.png" width="800px"&gt;&lt;/a&gt;</msg>
<doc>Takes a screenshot of the current page and embeds it into a log file.</doc>
<status status="PASS" start="2026-04-13T18:39:36.219349" elapsed="0.142676"/>
</kw>
<kw name="Close Browser Session" owner="common">
<kw name="Close Browser" owner="SeleniumLibrary">
<doc>Closes the current browser.</doc>
<status status="PASS" start="2026-04-13T18:39:36.362905" elapsed="2.420257"/>
</kw>
<doc>Ferme le navigateur</doc>
<status status="PASS" start="2026-04-13T18:39:36.362294" elapsed="2.421062"/>
</kw>
<arg>Capture Page Screenshot</arg>
<arg>AND</arg>
<arg>Close Browser Session</arg>
<doc>Executes all the given keywords in a sequence.</doc>
<status status="PASS" start="2026-04-13T18:39:36.218463" elapsed="2.564965"/>
</kw>
<doc>Vérifier que la quantité s'additionne correctement quand on ajoute
deux fois le même produit au panier.</doc>
<tag>CT_US5_03</tag>
<tag>panier</tag>
<tag>quantite</tag>
<tag>valid</tag>
<status status="FAIL" start="2026-04-13T18:39:03.345079" elapsed="35.438673">Element 'xpath=//a[normalize-space()='HP ElitePad 1000 G2']' not visible after 20 seconds.</status>
</test>
<doc>CT_US5_03 – Augmenter le nombre d'items en ré-ajoutant le même produit avec une nouvelle quantité</doc>
<status status="FAIL" start="2026-04-13T18:39:03.082753" elapsed="35.701968"/>
</suite>
<status status="FAIL" start="2026-04-13T18:39:03.081428" elapsed="35.704310"/>
</suite>
<status status="FAIL" start="2026-04-13T18:39:03.043158" elapsed="35.743194"/>
</suite>
<statistics>
<total>
<stat pass="0" fail="1" skip="0">All Tests</stat>
</total>
<tag>
<stat pass="0" fail="1" skip="0">CT_US5_03</stat>
<stat pass="0" fail="1" skip="0">panier</stat>
<stat pass="0" fail="1" skip="0">quantite</stat>
<stat pass="0" fail="1" skip="0">valid</stat>
</tag>
<suite>
<stat name="Suites" id="s1" pass="0" fail="1" skip="0">Suites</stat>
<stat name="Panier" id="s1-s1" pass="0" fail="1" skip="0">Suites.Panier</stat>
<stat name="CT US5 03" id="s1-s1-s1" pass="0" fail="1" skip="0">Suites.Panier.CT US5 03</stat>
</suite>
</statistics>
<errors>
</errors>
</robot>
